[ 2013-11-19T12:17:48+08:00 ] /zzadmin/admin.php/Cache | DEBUG: Tag[ route_check ] --START--
[ 2013-11-19T12:17:48+08:00 ] /zzadmin/admin.php/Cache | DEBUG: Run CheckRoute Behavior [ RunTime:0.001141s ]
[ 2013-11-19T12:17:48+08:00 ] /zzadmin/admin.php/Cache | DEBUG: Tag[ route_check ] --END-- [ RunTime:0.001291s ]
[ 2013-11-19T12:17:48+08:00 ] /zzadmin/admin.php/Cache | DEBUG: Tag[ app_begin ] --START--
[ 2013-11-19T12:17:48+08:00 ] /zzadmin/admin.php/Cache | DEBUG: Run ReadHtmlCache Behavior [ RunTime:0.000866s ]
[ 2013-11-19T12:17:48+08:00 ] /zzadmin/admin.php/Cache | DEBUG: Run CheckTemplate Behavior [ RunTime:0.000733s ]
[ 2013-11-19T12:17:48+08:00 ] /zzadmin/admin.php/Cache | DEBUG: Tag[ app_begin ] --END-- [ RunTime:0.001751s ]
[ 2013-11-19T12:17:48+08:00 ] /zzadmin/admin.php/Cache | DEBUG: Tag[ view_template ] --START--
[ 2013-11-19T12:17:48+08:00 ] /zzadmin/admin.php/Cache | DEBUG: Run LocationTemplate Behavior [ RunTime:0.001898s ]
[ 2013-11-19T12:17:48+08:00 ] /zzadmin/admin.php/Cache | DEBUG: Tag[ view_template ] --END-- [ RunTime:0.002043s ]
[ 2013-11-19T12:17:48+08:00 ] /zzadmin/admin.php/Cache | DEBUG: Tag[ view_parse ] --START--
[ 2013-11-19T12:17:48+08:00 ] /zzadmin/admin.php/Cache | DEBUG: Run ParseTemplate Behavior [ RunTime:0.011225s ]
[ 2013-11-19T12:17:48+08:00 ] /zzadmin/admin.php/Cache | DEBUG: Tag[ view_parse ] --END-- [ RunTime:0.011368s ]
[ 2013-11-19T12:17:48+08:00 ] /zzadmin/admin.php/Cache | DEBUG: Tag[ view_filter ] --START--
[ 2013-11-19T12:17:48+08:00 ] /zzadmin/admin.php/Cache | DEBUG: Run ContentReplace Behavior [ RunTime:0.000796s ]
[ 2013-11-19T12:17:48+08:00 ] /zzadmin/admin.php/Cache | DEBUG: Run TokenBuild Behavior [ RunTime:0.000781s ]
[ 2013-11-19T12:17:48+08:00 ] /zzadmin/admin.php/Cache | DEBUG: Run WriteHtmlCache Behavior [ RunTime:0.000661s ]
[ 2013-11-19T12:17:48+08:00 ] /zzadmin/admin.php/Cache | DEBUG: Run ShowRuntime Behavior [ RunTime:0.000958s ]
[ 2013-11-19T12:17:48+08:00 ] /zzadmin/admin.php/Cache | DEBUG: Tag[ view_filter ] --END-- [ RunTime:0.003479s ]
[ 2013-11-19T12:17:48+08:00 ] /zzadmin/admin.php/Cache | DEBUG: Tag[ view_end ] --START--
[ 2013-11-19T12:17:48+08:00 ] /zzadmin/admin.php/Cache | DEBUG: Run ShowPageTrace Behavior [ RunTime:0.000763s ]
[ 2013-11-19T12:17:48+08:00 ] /zzadmin/admin.php/Cache | DEBUG: Tag[ view_end ] --END-- [ RunTime:0.000847s ]
[ 2013-11-19T12:17:53+08:00 ] /zzadmin/admin.php/Staff/showstaff | DEBUG: Tag[ route_check ] --START--
[ 2013-11-19T12:17:53+08:00 ] /zzadmin/admin.php/Staff/showstaff | DEBUG: Run CheckRoute Behavior [ RunTime:0.001250s ]
[ 2013-11-19T12:17:53+08:00 ] /zzadmin/admin.php/Staff/showstaff | DEBUG: Tag[ route_check ] --END-- [ RunTime:0.001389s ]
[ 2013-11-19T12:17:53+08:00 ] /zzadmin/admin.php/Staff/showstaff | DEBUG: Tag[ app_begin ] --START--
[ 2013-11-19T12:17:53+08:00 ] /zzadmin/admin.php/Staff/showstaff | DEBUG: Run ReadHtmlCache Behavior [ RunTime:0.000849s ]
[ 2013-11-19T12:17:53+08:00 ] /zzadmin/admin.php/Staff/showstaff | DEBUG: Run CheckTemplate Behavior [ RunTime:0.000654s ]
[ 2013-11-19T12:17:53+08:00 ] /zzadmin/admin.php/Staff/showstaff | DEBUG: Tag[ app_begin ] --END-- [ RunTime:0.001615s ]
[ 2013-11-19T12:17:53+08:00 ] /zzadmin/admin.php/Staff/showstaff | SQL: SHOW COLUMNS FROM `zz_staff` [ RunTime:0.005191s ]
[ 2013-11-19T12:17:53+08:00 ] /zzadmin/admin.php/Staff/showstaff | SQL: SHOW COLUMNS FROM `zz_job` [ RunTime:0.005072s ]
[ 2013-11-19T12:17:53+08:00 ] /zzadmin/admin.php/Staff/showstaff | SQL: SHOW COLUMNS FROM `zz_major` [ RunTime:0.005471s ]
[ 2013-11-19T12:17:53+08:00 ] /zzadmin/admin.php/Staff/showstaff | SQL: SHOW COLUMNS FROM `zz_title` [ RunTime:0.007675s ]
[ 2013-11-19T12:17:53+08:00 ] /zzadmin/admin.php/Staff/showstaff | SQL: SHOW COLUMNS FROM `zz_college` [ RunTime:0.006016s ]
[ 2013-11-19T12:17:53+08:00 ] /zzadmin/admin.php/Staff/showstaff | SQL: SELECT staff.id AS id,staff.no AS no,staff.name AS name,staff.sex AS sex,staff.birth AS birth,job.id AS jobid,job.jobname AS jobname,major.id AS majorid,major.majorname AS majorname,title.id AS titleid,title.titlename AS titlename,college.id AS collegeid,college.collegename AS collegename FROM zz_staff staff  JOIN zz_job job ON staff.job=job.id  JOIN zz_major major ON staff.major=major.id  JOIN zz_title title ON staff.title=title.id  JOIN zz_college college ON staff.college=college.id  [ RunTime:0.000755s ]
[ 2013-11-19T12:17:53+08:00 ] /zzadmin/admin.php/Staff/showstaff | SQL: SHOW COLUMNS FROM `zz_conf` [ RunTime:0.005661s ]
[ 2013-11-19T12:17:53+08:00 ] /zzadmin/admin.php/Staff/showstaff | SQL: SELECT * FROM `zz_conf` WHERE conf_name='PAGECOUNT' LIMIT 1   [ RunTime:0.000456s ]
[ 2013-11-19T12:17:53+08:00 ] /zzadmin/admin.php/Staff/showstaff | SQL: SELECT * FROM `zz_conf` WHERE conf_name='SUB_SIZE' LIMIT 1   [ RunTime:0.000232s ]
[ 2013-11-19T12:17:53+08:00 ] /zzadmin/admin.php/Staff/showstaff | SQL: SELECT staff.id AS id,staff.no AS no,staff.name AS name,staff.sex AS sex,staff.birth AS birth,job.jobname AS jobname,major.majorname AS majorname,title.titlename AS titlename,college.collegename AS collegename FROM zz_staff staff  JOIN zz_job job ON staff.job=job.id  JOIN zz_major major ON staff.major=major.id  JOIN zz_title title ON staff.title=title.id  JOIN zz_college college ON staff.college=college.id ORDER BY staff.id desc LIMIT 0,10   [ RunTime:0.000827s ]
[ 2013-11-19T12:17:53+08:00 ] /zzadmin/admin.php/Staff/showstaff | NOTIC: [8] Undefined index: self1 BaseAction.class.php 第 280 行.
[ 2013-11-19T12:17:53+08:00 ] /zzadmin/admin.php/Staff/showstaff | NOTIC: [8] Undefined index: self2 BaseAction.class.php 第 291 行.
[ 2013-11-19T12:17:53+08:00 ] /zzadmin/admin.php/Staff/showstaff | NOTIC: [8] Undefined index: self3 BaseAction.class.php 第 302 行.
[ 2013-11-19T12:17:53+08:00 ] /zzadmin/admin.php/Staff/showstaff | NOTIC: [8] Undefined index: loanreturn BaseAction.class.php 第 313 行.
[ 2013-11-19T12:17:53+08:00 ] /zzadmin/admin.php/Staff/showstaff | NOTIC: [8] Undefined index: lookgrade BaseAction.class.php 第 319 行.
[ 2013-11-19T12:17:53+08:00 ] /zzadmin/admin.php/Staff/showstaff | NOTIC: [8] Undefined index: addgrade BaseAction.class.php 第 326 行.
[ 2013-11-19T12:17:53+08:00 ] /zzadmin/admin.php/Staff/showstaff | NOTIC: [8] Undefined index: add BaseAction.class.php 第 333 行.
[ 2013-11-19T12:17:53+08:00 ] /zzadmin/admin.php/Staff/showstaff | NOTIC: [8] Undefined index: return BaseAction.class.php 第 339 行.
[ 2013-11-19T12:17:53+08:00 ] /zzadmin/admin.php/Staff/showstaff | NOTIC: [8] Undefined index: dl BaseAction.class.php 第 346 行.
[ 2013-11-19T12:17:53+08:00 ] /zzadmin/admin.php/Staff/showstaff | NOTIC: [8] Undefined index: look BaseAction.class.php 第 352 行.
[ 2013-11-19T12:17:53+08:00 ] /zzadmin/admin.php/Staff/showstaff | NOTIC: [8] Undefined index: ok BaseAction.class.php 第 367 行.
[ 2013-11-19T12:17:53+08:00 ] /zzadmin/admin.php/Staff/showstaff | DEBUG: Tag[ view_template ] --START--
[ 2013-11-19T12:17:53+08:00 ] /zzadmin/admin.php/Staff/showstaff | DEBUG: Run LocationTemplate Behavior [ RunTime:0.001002s ]
[ 2013-11-19T12:17:53+08:00 ] /zzadmin/admin.php/Staff/showstaff | DEBUG: Tag[ view_template ] --END-- [ RunTime:0.001104s ]
[ 2013-11-19T12:17:53+08:00 ] /zzadmin/admin.php/Staff/showstaff | DEBUG: Tag[ view_parse ] --START--
[ 2013-11-19T12:17:53+08:00 ] /zzadmin/admin.php/Staff/showstaff | NOTIC: [8] Undefined variable: classid c82986329629546325e352c3e6b1524a.php 第 539 行.
[ 2013-11-19T12:17:53+08:00 ] /zzadmin/admin.php/Staff/showstaff | NOTIC: [8] Undefined variable: classtype c82986329629546325e352c3e6b1524a.php 第 546 行.
[ 2013-11-19T12:17:53+08:00 ] /zzadmin/admin.php/Staff/showstaff | NOTIC: [8] Undefined variable: notify_report c82986329629546325e352c3e6b1524a.php 第 593 行.
[ 2013-11-19T12:17:53+08:00 ] /zzadmin/admin.php/Staff/showstaff | NOTIC: [8] Undefined variable: notify_report_teacher c82986329629546325e352c3e6b1524a.php 第 594 行.
[ 2013-11-19T12:17:53+08:00 ] /zzadmin/admin.php/Staff/showstaff | NOTIC: [8] Undefined variable: select c82986329629546325e352c3e6b1524a.php 第 601 行.
[ 2013-11-19T12:17:53+08:00 ] /zzadmin/admin.php/Staff/showstaff | NOTIC: [8] Undefined variable: otherform c82986329629546325e352c3e6b1524a.php 第 601 行.
[ 2013-11-19T12:17:53+08:00 ] /zzadmin/admin.php/Staff/showstaff | NOTIC: [8] Undefined variable: search c82986329629546325e352c3e6b1524a.php 第 602 行.
[ 2013-11-19T12:17:53+08:00 ] /zzadmin/admin.php/Staff/showstaff | NOTIC: [8] Undefined variable: type c82986329629546325e352c3e6b1524a.php 第 602 行.
[ 2013-11-19T12:17:53+08:00 ] /zzadmin/admin.php/Staff/showstaff | NOTIC: [8] Undefined variable: notify_report c82986329629546325e352c3e6b1524a.php 第 641 行.
[ 2013-11-19T12:17:53+08:00 ] /zzadmin/admin.php/Staff/showstaff | NOTIC: [8] Undefined variable: notify_report_teacher c82986329629546325e352c3e6b1524a.php 第 642 行.
[ 2013-11-19T12:17:53+08:00 ] /zzadmin/admin.php/Staff/showstaff | NOTIC: [8] Undefined variable: notify_report c82986329629546325e352c3e6b1524a.php 第 641 行.
[ 2013-11-19T12:17:53+08:00 ] /zzadmin/admin.php/Staff/showstaff | NOTIC: [8] Undefined variable: notify_report_teacher c82986329629546325e352c3e6b1524a.php 第 642 行.
[ 2013-11-19T12:17:53+08:00 ] /zzadmin/admin.php/Staff/showstaff | NOTIC: [8] Undefined variable: notify_report c82986329629546325e352c3e6b1524a.php 第 641 行.
[ 2013-11-19T12:17:53+08:00 ] /zzadmin/admin.php/Staff/showstaff | NOTIC: [8] Undefined variable: notify_report_teacher c82986329629546325e352c3e6b1524a.php 第 642 行.
[ 2013-11-19T12:17:53+08:00 ] /zzadmin/admin.php/Staff/showstaff | NOTIC: [8] Undefined variable: notify_report c82986329629546325e352c3e6b1524a.php 第 641 行.
[ 2013-11-19T12:17:53+08:00 ] /zzadmin/admin.php/Staff/showstaff | NOTIC: [8] Undefined variable: notify_report_teacher c82986329629546325e352c3e6b1524a.php 第 642 行.
[ 2013-11-19T12:17:53+08:00 ] /zzadmin/admin.php/Staff/showstaff | NOTIC: [8] Undefined variable: notify_report c82986329629546325e352c3e6b1524a.php 第 641 行.
[ 2013-11-19T12:17:53+08:00 ] /zzadmin/admin.php/Staff/showstaff | NOTIC: [8] Undefined variable: notify_report_teacher c82986329629546325e352c3e6b1524a.php 第 642 行.
[ 2013-11-19T12:17:53+08:00 ] /zzadmin/admin.php/Staff/showstaff | NOTIC: [8] Undefined variable: notify_report c82986329629546325e352c3e6b1524a.php 第 641 行.
[ 2013-11-19T12:17:53+08:00 ] /zzadmin/admin.php/Staff/showstaff | NOTIC: [8] Undefined variable: notify_report_teacher c82986329629546325e352c3e6b1524a.php 第 642 行.
[ 2013-11-19T12:17:53+08:00 ] /zzadmin/admin.php/Staff/showstaff | NOTIC: [8] Undefined variable: notify_report c82986329629546325e352c3e6b1524a.php 第 641 行.
[ 2013-11-19T12:17:53+08:00 ] /zzadmin/admin.php/Staff/showstaff | NOTIC: [8] Undefined variable: notify_report_teacher c82986329629546325e352c3e6b1524a.php 第 642 行.
[ 2013-11-19T12:17:53+08:00 ] /zzadmin/admin.php/Staff/showstaff | DEBUG: Run ParseTemplate Behavior [ RunTime:0.046198s ]
[ 2013-11-19T12:17:53+08:00 ] /zzadmin/admin.php/Staff/showstaff | DEBUG: Tag[ view_parse ] --END-- [ RunTime:0.046295s ]
[ 2013-11-19T12:17:53+08:00 ] /zzadmin/admin.php/Staff/showstaff | DEBUG: Tag[ view_filter ] --START--
[ 2013-11-19T12:17:53+08:00 ] /zzadmin/admin.php/Staff/showstaff | DEBUG: Run ContentReplace Behavior [ RunTime:0.001048s ]
[ 2013-11-19T12:17:53+08:00 ] /zzadmin/admin.php/Staff/showstaff | DEBUG: Run TokenBuild Behavior [ RunTime:0.000647s ]
[ 2013-11-19T12:17:53+08:00 ] /zzadmin/admin.php/Staff/showstaff | DEBUG: Run WriteHtmlCache Behavior [ RunTime:0.000385s ]
[ 2013-11-19T12:17:53+08:00 ] /zzadmin/admin.php/Staff/showstaff | DEBUG: Run ShowRuntime Behavior [ RunTime:0.000666s ]
[ 2013-11-19T12:17:53+08:00 ] /zzadmin/admin.php/Staff/showstaff | DEBUG: Tag[ view_filter ] --END-- [ RunTime:0.002988s ]
[ 2013-11-19T12:17:53+08:00 ] /zzadmin/admin.php/Staff/showstaff | DEBUG: Tag[ view_end ] --START--
[ 2013-11-19T12:17:53+08:00 ] /zzadmin/admin.php/Staff/showstaff | DEBUG: Run ShowPageTrace Behavior [ RunTime:0.000690s ]
[ 2013-11-19T12:17:53+08:00 ] /zzadmin/admin.php/Staff/showstaff | DEBUG: Tag[ view_end ] --END-- [ RunTime:0.000791s ]
[ 2013-11-19T12:17:57+08:00 ] /zzadmin/admin.php/User/adduser?aa=show | DEBUG: Tag[ route_check ] --START--
[ 2013-11-19T12:17:57+08:00 ] /zzadmin/admin.php/User/adduser?aa=show | DEBUG: Run CheckRoute Behavior [ RunTime:0.003692s ]
[ 2013-11-19T12:17:57+08:00 ] /zzadmin/admin.php/User/adduser?aa=show | DEBUG: Tag[ route_check ] --END-- [ RunTime:0.003830s ]
[ 2013-11-19T12:17:57+08:00 ] /zzadmin/admin.php/User/adduser?aa=show | DEBUG: Tag[ app_begin ] --START--
[ 2013-11-19T12:17:57+08:00 ] /zzadmin/admin.php/User/adduser?aa=show | DEBUG: Run ReadHtmlCache Behavior [ RunTime:0.001530s ]
[ 2013-11-19T12:17:57+08:00 ] /zzadmin/admin.php/User/adduser?aa=show | DEBUG: Run CheckTemplate Behavior [ RunTime:0.000794s ]
[ 2013-11-19T12:17:57+08:00 ] /zzadmin/admin.php/User/adduser?aa=show | DEBUG: Tag[ app_begin ] --END-- [ RunTime:0.002491s ]
[ 2013-11-19T12:17:57+08:00 ] /zzadmin/admin.php/User/adduser?aa=show | SQL: SHOW COLUMNS FROM `zz_staff` [ RunTime:0.005701s ]
[ 2013-11-19T12:17:57+08:00 ] /zzadmin/admin.php/User/adduser?aa=show | SQL: SELECT * FROM `zz_staff`  [ RunTime:0.000513s ]
[ 2013-11-19T12:17:57+08:00 ] /zzadmin/admin.php/User/adduser?aa=show | SQL: SHOW COLUMNS FROM `zz_role` [ RunTime:0.005691s ]
[ 2013-11-19T12:17:57+08:00 ] /zzadmin/admin.php/User/adduser?aa=show | SQL: SELECT * FROM `zz_role`  [ RunTime:0.000410s ]
[ 2013-11-19T12:17:57+08:00 ] /zzadmin/admin.php/User/adduser?aa=show | DEBUG: Tag[ view_template ] --START--
[ 2013-11-19T12:17:57+08:00 ] /zzadmin/admin.php/User/adduser?aa=show | DEBUG: Run LocationTemplate Behavior [ RunTime:0.000693s ]
[ 2013-11-19T12:17:57+08:00 ] /zzadmin/admin.php/User/adduser?aa=show | DEBUG: Tag[ view_template ] --END-- [ RunTime:0.000774s ]
[ 2013-11-19T12:17:57+08:00 ] /zzadmin/admin.php/User/adduser?aa=show | DEBUG: Tag[ view_parse ] --START--
[ 2013-11-19T12:17:57+08:00 ] /zzadmin/admin.php/User/adduser?aa=show | DEBUG: Run ParseTemplate Behavior [ RunTime:0.000906s ]
[ 2013-11-19T12:17:57+08:00 ] /zzadmin/admin.php/User/adduser?aa=show | DEBUG: Tag[ view_parse ] --END-- [ RunTime:0.000960s ]
[ 2013-11-19T12:17:57+08:00 ] /zzadmin/admin.php/User/adduser?aa=show | DEBUG: Tag[ view_filter ] --START--
[ 2013-11-19T12:17:57+08:00 ] /zzadmin/admin.php/User/adduser?aa=show | DEBUG: Run ContentReplace Behavior [ RunTime:0.000517s ]
[ 2013-11-19T12:17:57+08:00 ] /zzadmin/admin.php/User/adduser?aa=show | DEBUG: Run TokenBuild Behavior [ RunTime:0.000475s ]
[ 2013-11-19T12:17:57+08:00 ] /zzadmin/admin.php/User/adduser?aa=show | DEBUG: Run WriteHtmlCache Behavior [ RunTime:0.000245s ]
[ 2013-11-19T12:17:57+08:00 ] /zzadmin/admin.php/User/adduser?aa=show | DEBUG: Run ShowRuntime Behavior [ RunTime:0.000432s ]
[ 2013-11-19T12:17:57+08:00 ] /zzadmin/admin.php/User/adduser?aa=show | DEBUG: Tag[ view_filter ] --END-- [ RunTime:0.001810s ]
[ 2013-11-19T12:17:57+08:00 ] /zzadmin/admin.php/User/adduser?aa=show | DEBUG: Tag[ view_end ] --START--
[ 2013-11-19T12:17:57+08:00 ] /zzadmin/admin.php/User/adduser?aa=show | DEBUG: Run ShowPageTrace Behavior [ RunTime:0.000652s ]
[ 2013-11-19T12:17:57+08:00 ] /zzadmin/admin.php/User/adduser?aa=show | DEBUG: Tag[ view_end ] --END-- [ RunTime:0.000751s ]
[ 2013-11-19T12:18:04+08:00 ] /zzadmin/admin.php/Course/showcourse | DEBUG: Tag[ route_check ] --START--
[ 2013-11-19T12:18:04+08:00 ] /zzadmin/admin.php/Course/showcourse | DEBUG: Run CheckRoute Behavior [ RunTime:0.001058s ]
[ 2013-11-19T12:18:04+08:00 ] /zzadmin/admin.php/Course/showcourse | DEBUG: Tag[ route_check ] --END-- [ RunTime:0.001195s ]
[ 2013-11-19T12:18:04+08:00 ] /zzadmin/admin.php/Course/showcourse | DEBUG: Tag[ app_begin ] --START--
[ 2013-11-19T12:18:04+08:00 ] /zzadmin/admin.php/Course/showcourse | DEBUG: Run ReadHtmlCache Behavior [ RunTime:0.000750s ]
[ 2013-11-19T12:18:04+08:00 ] /zzadmin/admin.php/Course/showcourse | DEBUG: Run CheckTemplate Behavior [ RunTime:0.000579s ]
[ 2013-11-19T12:18:04+08:00 ] /zzadmin/admin.php/Course/showcourse | DEBUG: Tag[ app_begin ] --END-- [ RunTime:0.001461s ]
[ 2013-11-19T12:18:04+08:00 ] /zzadmin/admin.php/Course/showcourse | NOTIC: [8] Undefined variable: major CourseAction.class.php 第 45 行.
[ 2013-11-19T12:18:04+08:00 ] /zzadmin/admin.php/Course/showcourse | SQL: SHOW COLUMNS FROM `zz_major` [ RunTime:0.005112s ]
[ 2013-11-19T12:18:04+08:00 ] /zzadmin/admin.php/Course/showcourse | SQL: SELECT * FROM `zz_major`  [ RunTime:0.000407s ]
[ 2013-11-19T12:18:04+08:00 ] /zzadmin/admin.php/Course/showcourse | NOTIC: [8] Undefined variable: major CourseAction.class.php 第 50 行.
[ 2013-11-19T12:18:04+08:00 ] /zzadmin/admin.php/Course/showcourse | SQL: SHOW COLUMNS FROM `zz_course` [ RunTime:0.005307s ]
[ 2013-11-19T12:18:04+08:00 ] /zzadmin/admin.php/Course/showcourse | SQL: SHOW COLUMNS FROM `zz_coursetype` [ RunTime:0.005164s ]
[ 2013-11-19T12:18:04+08:00 ] /zzadmin/admin.php/Course/showcourse | SQL: SHOW COLUMNS FROM `zz_college` [ RunTime:0.005326s ]
[ 2013-11-19T12:18:04+08:00 ] /zzadmin/admin.php/Course/showcourse | SQL: SELECT course.id AS id,course.courseno AS courseno,course.coursename AS coursename,course.properties AS properties,course.classhour AS classhour,major.id AS majorid,major.majorname AS majorname,coursetype.id AS propertiesid,coursetype.typename AS propertiesname,college.id AS collegeid,college.collegename AS collegename FROM zz_course course  JOIN zz_major major ON course.major=major.id  JOIN zz_coursetype coursetype ON course.properties=coursetype.id  JOIN zz_college college ON course.college=college.id  [ RunTime:0.000753s ]
[ 2013-11-19T12:18:04+08:00 ] /zzadmin/admin.php/Course/showcourse | SQL: SHOW COLUMNS FROM `zz_conf` [ RunTime:0.005694s ]
[ 2013-11-19T12:18:04+08:00 ] /zzadmin/admin.php/Course/showcourse | SQL: SELECT * FROM `zz_conf` WHERE conf_name='PAGECOUNT' LIMIT 1   [ RunTime:0.000583s ]
[ 2013-11-19T12:18:04+08:00 ] /zzadmin/admin.php/Course/showcourse | SQL: SELECT * FROM `zz_conf` WHERE conf_name='SUB_SIZE' LIMIT 1   [ RunTime:0.000408s ]
[ 2013-11-19T12:18:04+08:00 ] /zzadmin/admin.php/Course/showcourse | SQL: SELECT course.id AS id,course.courseno AS courseno,course.coursename AS coursename,course.classhour AS classhour,major.majorname AS majorname,coursetype.typename AS propertiesname,college.collegename AS collegename FROM zz_course course  JOIN zz_major major ON course.major=major.id  JOIN zz_coursetype coursetype ON course.properties=coursetype.id  JOIN zz_college college ON course.college=college.id ORDER BY course.id desc LIMIT 0,10   [ RunTime:0.000766s ]
[ 2013-11-19T12:18:04+08:00 ] /zzadmin/admin.php/Course/showcourse | NOTIC: [8] Undefined index: self1 BaseAction.class.php 第 280 行.
[ 2013-11-19T12:18:04+08:00 ] /zzadmin/admin.php/Course/showcourse | NOTIC: [8] Undefined index: self2 BaseAction.class.php 第 291 行.
[ 2013-11-19T12:18:04+08:00 ] /zzadmin/admin.php/Course/showcourse | NOTIC: [8] Undefined index: self3 BaseAction.class.php 第 302 行.
[ 2013-11-19T12:18:04+08:00 ] /zzadmin/admin.php/Course/showcourse | NOTIC: [8] Undefined index: loanreturn BaseAction.class.php 第 313 行.
[ 2013-11-19T12:18:04+08:00 ] /zzadmin/admin.php/Course/showcourse | NOTIC: [8] Undefined index: lookgrade BaseAction.class.php 第 319 行.
[ 2013-11-19T12:18:04+08:00 ] /zzadmin/admin.php/Course/showcourse | NOTIC: [8] Undefined index: addgrade BaseAction.class.php 第 326 行.
[ 2013-11-19T12:18:04+08:00 ] /zzadmin/admin.php/Course/showcourse | NOTIC: [8] Undefined index: add BaseAction.class.php 第 333 行.
[ 2013-11-19T12:18:04+08:00 ] /zzadmin/admin.php/Course/showcourse | NOTIC: [8] Undefined index: return BaseAction.class.php 第 339 行.
[ 2013-11-19T12:18:04+08:00 ] /zzadmin/admin.php/Course/showcourse | NOTIC: [8] Undefined index: dl BaseAction.class.php 第 346 行.
[ 2013-11-19T12:18:04+08:00 ] /zzadmin/admin.php/Course/showcourse | NOTIC: [8] Undefined index: look BaseAction.class.php 第 352 行.
[ 2013-11-19T12:18:04+08:00 ] /zzadmin/admin.php/Course/showcourse | NOTIC: [8] Undefined index: ok BaseAction.class.php 第 367 行.
[ 2013-11-19T12:18:04+08:00 ] /zzadmin/admin.php/Course/showcourse | DEBUG: Tag[ view_template ] --START--
[ 2013-11-19T12:18:04+08:00 ] /zzadmin/admin.php/Course/showcourse | DEBUG: Run LocationTemplate Behavior [ RunTime:0.000627s ]
[ 2013-11-19T12:18:04+08:00 ] /zzadmin/admin.php/Course/showcourse | DEBUG: Tag[ view_template ] --END-- [ RunTime:0.000685s ]
[ 2013-11-19T12:18:04+08:00 ] /zzadmin/admin.php/Course/showcourse | DEBUG: Tag[ view_parse ] --START--
[ 2013-11-19T12:18:04+08:00 ] /zzadmin/admin.php/Course/showcourse | NOTIC: [8] Undefined variable: classid c82986329629546325e352c3e6b1524a.php 第 539 行.
[ 2013-11-19T12:18:04+08:00 ] /zzadmin/admin.php/Course/showcourse | NOTIC: [8] Undefined variable: classtype c82986329629546325e352c3e6b1524a.php 第 546 行.
[ 2013-11-19T12:18:04+08:00 ] /zzadmin/admin.php/Course/showcourse | NOTIC: [8] Undefined variable: notify_report c82986329629546325e352c3e6b1524a.php 第 593 行.
[ 2013-11-19T12:18:04+08:00 ] /zzadmin/admin.php/Course/showcourse | NOTIC: [8] Undefined variable: notify_report_teacher c82986329629546325e352c3e6b1524a.php 第 594 行.
[ 2013-11-19T12:18:04+08:00 ] /zzadmin/admin.php/Course/showcourse | NOTIC: [8] Undefined variable: otherform c82986329629546325e352c3e6b1524a.php 第 601 行.
[ 2013-11-19T12:18:04+08:00 ] /zzadmin/admin.php/Course/showcourse | NOTIC: [8] Undefined variable: search c82986329629546325e352c3e6b1524a.php 第 602 行.
[ 2013-11-19T12:18:04+08:00 ] /zzadmin/admin.php/Course/showcourse | NOTIC: [8] Undefined variable: type c82986329629546325e352c3e6b1524a.php 第 602 行.
[ 2013-11-19T12:18:04+08:00 ] /zzadmin/admin.php/Course/showcourse | NOTIC: [8] Undefined variable: notify_report c82986329629546325e352c3e6b1524a.php 第 641 行.
[ 2013-11-19T12:18:04+08:00 ] /zzadmin/admin.php/Course/showcourse | NOTIC: [8] Undefined variable: notify_report_teacher c82986329629546325e352c3e6b1524a.php 第 642 行.
[ 2013-11-19T12:18:04+08:00 ] /zzadmin/admin.php/Course/showcourse | NOTIC: [8] Undefined variable: notify_report c82986329629546325e352c3e6b1524a.php 第 641 行.
[ 2013-11-19T12:18:04+08:00 ] /zzadmin/admin.php/Course/showcourse | NOTIC: [8] Undefined variable: notify_report_teacher c82986329629546325e352c3e6b1524a.php 第 642 行.
[ 2013-11-19T12:18:04+08:00 ] /zzadmin/admin.php/Course/showcourse | NOTIC: [8] Undefined variable: notify_report c82986329629546325e352c3e6b1524a.php 第 641 行.
[ 2013-11-19T12:18:04+08:00 ] /zzadmin/admin.php/Course/showcourse | NOTIC: [8] Undefined variable: notify_report_teacher c82986329629546325e352c3e6b1524a.php 第 642 行.
[ 2013-11-19T12:18:04+08:00 ] /zzadmin/admin.php/Course/showcourse | NOTIC: [8] Undefined variable: notify_report c82986329629546325e352c3e6b1524a.php 第 641 行.
[ 2013-11-19T12:18:04+08:00 ] /zzadmin/admin.php/Course/showcourse | NOTIC: [8] Undefined variable: notify_report_teacher c82986329629546325e352c3e6b1524a.php 第 642 行.
[ 2013-11-19T12:18:04+08:00 ] /zzadmin/admin.php/Course/showcourse | NOTIC: [8] Undefined variable: notify_report c82986329629546325e352c3e6b1524a.php 第 641 行.
[ 2013-11-19T12:18:04+08:00 ] /zzadmin/admin.php/Course/showcourse | NOTIC: [8] Undefined variable: notify_report_teacher c82986329629546325e352c3e6b1524a.php 第 642 行.
[ 2013-11-19T12:18:04+08:00 ] /zzadmin/admin.php/Course/showcourse | NOTIC: [8] Undefined variable: notify_report c82986329629546325e352c3e6b1524a.php 第 641 行.
[ 2013-11-19T12:18:04+08:00 ] /zzadmin/admin.php/Course/showcourse | NOTIC: [8] Undefined variable: notify_report_teacher c82986329629546325e352c3e6b1524a.php 第 642 行.
[ 2013-11-19T12:18:04+08:00 ] /zzadmin/admin.php/Course/showcourse | DEBUG: Run ParseTemplate Behavior [ RunTime:0.001852s ]
[ 2013-11-19T12:18:04+08:00 ] /zzadmin/admin.php/Course/showcourse | DEBUG: Tag[ view_parse ] --END-- [ RunTime:0.001900s ]
[ 2013-11-19T12:18:04+08:00 ] /zzadmin/admin.php/Course/showcourse | DEBUG: Tag[ view_filter ] --START--
[ 2013-11-19T12:18:04+08:00 ] /zzadmin/admin.php/Course/showcourse | DEBUG: Run ContentReplace Behavior [ RunTime:0.000523s ]
[ 2013-11-19T12:18:04+08:00 ] /zzadmin/admin.php/Course/showcourse | DEBUG: Run TokenBuild Behavior [ RunTime:0.000408s ]
[ 2013-11-19T12:18:04+08:00 ] /zzadmin/admin.php/Course/showcourse | DEBUG: Run WriteHtmlCache Behavior [ RunTime:0.000259s ]
[ 2013-11-19T12:18:04+08:00 ] /zzadmin/admin.php/Course/showcourse | DEBUG: Run ShowRuntime Behavior [ RunTime:0.000433s ]
[ 2013-11-19T12:18:04+08:00 ] /zzadmin/admin.php/Course/showcourse | DEBUG: Tag[ view_filter ] --END-- [ RunTime:0.001765s ]
[ 2013-11-19T12:18:04+08:00 ] /zzadmin/admin.php/Course/showcourse | DEBUG: Tag[ view_end ] --START--
[ 2013-11-19T12:18:04+08:00 ] /zzadmin/admin.php/Course/showcourse | DEBUG: Run ShowPageTrace Behavior [ RunTime:0.000640s ]
[ 2013-11-19T12:18:04+08:00 ] /zzadmin/admin.php/Course/showcourse | DEBUG: Tag[ view_end ] --END-- [ RunTime:0.000744s ]
[ 2013-11-19T12:18:10+08:00 ] /zzadmin/admin.php/Major/showmajor | DEBUG: Tag[ route_check ] --START--
[ 2013-11-19T12:18:10+08:00 ] /zzadmin/admin.php/Major/showmajor | DEBUG: Run CheckRoute Behavior [ RunTime:0.000731s ]
[ 2013-11-19T12:18:10+08:00 ] /zzadmin/admin.php/Major/showmajor | DEBUG: Tag[ route_check ] --END-- [ RunTime:0.000825s ]
[ 2013-11-19T12:18:10+08:00 ] /zzadmin/admin.php/Major/showmajor | DEBUG: Tag[ app_begin ] --START--
[ 2013-11-19T12:18:10+08:00 ] /zzadmin/admin.php/Major/showmajor | DEBUG: Run ReadHtmlCache Behavior [ RunTime:0.000535s ]
[ 2013-11-19T12:18:10+08:00 ] /zzadmin/admin.php/Major/showmajor | DEBUG: Run CheckTemplate Behavior [ RunTime:0.000392s ]
[ 2013-11-19T12:18:10+08:00 ] /zzadmin/admin.php/Major/showmajor | DEBUG: Tag[ app_begin ] --END-- [ RunTime:0.001012s ]
[ 2013-11-19T12:18:10+08:00 ] /zzadmin/admin.php/Major/showmajor | SQL: SHOW COLUMNS FROM `zz_major` [ RunTime:0.005371s ]
[ 2013-11-19T12:18:10+08:00 ] /zzadmin/admin.php/Major/showmajor | SQL: SELECT * FROM `zz_major`  [ RunTime:0.000449s ]
[ 2013-11-19T12:18:10+08:00 ] /zzadmin/admin.php/Major/showmajor | SQL: SHOW COLUMNS FROM `zz_conf` [ RunTime:0.006072s ]
[ 2013-11-19T12:18:10+08:00 ] /zzadmin/admin.php/Major/showmajor | SQL: SELECT * FROM `zz_conf` WHERE conf_name='PAGECOUNT' LIMIT 1   [ RunTime:0.000414s ]
[ 2013-11-19T12:18:10+08:00 ] /zzadmin/admin.php/Major/showmajor | SQL: SELECT * FROM `zz_conf` WHERE conf_name='SUB_SIZE' LIMIT 1   [ RunTime:0.000342s ]
[ 2013-11-19T12:18:10+08:00 ] /zzadmin/admin.php/Major/showmajor | SQL: SELECT `id`,`majorno`,`majorname` FROM `zz_major` ORDER BY id desc LIMIT 0,10   [ RunTime:0.000310s ]
[ 2013-11-19T12:18:10+08:00 ] /zzadmin/admin.php/Major/showmajor | NOTIC: [8] Undefined index: self1 BaseAction.class.php 第 280 行.
[ 2013-11-19T12:18:10+08:00 ] /zzadmin/admin.php/Major/showmajor | NOTIC: [8] Undefined index: self2 BaseAction.class.php 第 291 行.
[ 2013-11-19T12:18:10+08:00 ] /zzadmin/admin.php/Major/showmajor | NOTIC: [8] Undefined index: self3 BaseAction.class.php 第 302 行.
[ 2013-11-19T12:18:10+08:00 ] /zzadmin/admin.php/Major/showmajor | NOTIC: [8] Undefined index: loanreturn BaseAction.class.php 第 313 行.
[ 2013-11-19T12:18:10+08:00 ] /zzadmin/admin.php/Major/showmajor | NOTIC: [8] Undefined index: lookgrade BaseAction.class.php 第 319 行.
[ 2013-11-19T12:18:10+08:00 ] /zzadmin/admin.php/Major/showmajor | NOTIC: [8] Undefined index: addgrade BaseAction.class.php 第 326 行.
[ 2013-11-19T12:18:10+08:00 ] /zzadmin/admin.php/Major/showmajor | NOTIC: [8] Undefined index: add BaseAction.class.php 第 333 行.
[ 2013-11-19T12:18:10+08:00 ] /zzadmin/admin.php/Major/showmajor | NOTIC: [8] Undefined index: return BaseAction.class.php 第 339 行.
[ 2013-11-19T12:18:10+08:00 ] /zzadmin/admin.php/Major/showmajor | NOTIC: [8] Undefined index: dl BaseAction.class.php 第 346 行.
[ 2013-11-19T12:18:10+08:00 ] /zzadmin/admin.php/Major/showmajor | NOTIC: [8] Undefined index: look BaseAction.class.php 第 352 行.
[ 2013-11-19T12:18:10+08:00 ] /zzadmin/admin.php/Major/showmajor | NOTIC: [8] Undefined index: ok BaseAction.class.php 第 367 行.
[ 2013-11-19T12:18:10+08:00 ] /zzadmin/admin.php/Major/showmajor | DEBUG: Tag[ view_template ] --START--
[ 2013-11-19T12:18:10+08:00 ] /zzadmin/admin.php/Major/showmajor | DEBUG: Run LocationTemplate Behavior [ RunTime:0.000864s ]
[ 2013-11-19T12:18:10+08:00 ] /zzadmin/admin.php/Major/showmajor | DEBUG: Tag[ view_template ] --END-- [ RunTime:0.000948s ]
[ 2013-11-19T12:18:10+08:00 ] /zzadmin/admin.php/Major/showmajor | DEBUG: Tag[ view_parse ] --START--
[ 2013-11-19T12:18:10+08:00 ] /zzadmin/admin.php/Major/showmajor | NOTIC: [8] Undefined variable: classid c82986329629546325e352c3e6b1524a.php 第 539 行.
[ 2013-11-19T12:18:10+08:00 ] /zzadmin/admin.php/Major/showmajor | NOTIC: [8] Undefined variable: classtype c82986329629546325e352c3e6b1524a.php 第 546 行.
[ 2013-11-19T12:18:10+08:00 ] /zzadmin/admin.php/Major/showmajor | NOTIC: [8] Undefined variable: notify_report c82986329629546325e352c3e6b1524a.php 第 593 行.
[ 2013-11-19T12:18:10+08:00 ] /zzadmin/admin.php/Major/showmajor | NOTIC: [8] Undefined variable: notify_report_teacher c82986329629546325e352c3e6b1524a.php 第 594 行.
[ 2013-11-19T12:18:10+08:00 ] /zzadmin/admin.php/Major/showmajor | NOTIC: [8] Undefined variable: select c82986329629546325e352c3e6b1524a.php 第 601 行.
[ 2013-11-19T12:18:10+08:00 ] /zzadmin/admin.php/Major/showmajor | NOTIC: [8] Undefined variable: otherform c82986329629546325e352c3e6b1524a.php 第 601 行.
[ 2013-11-19T12:18:10+08:00 ] /zzadmin/admin.php/Major/showmajor | NOTIC: [8] Undefined variable: search c82986329629546325e352c3e6b1524a.php 第 602 行.
[ 2013-11-19T12:18:10+08:00 ] /zzadmin/admin.php/Major/showmajor | NOTIC: [8] Undefined variable: type c82986329629546325e352c3e6b1524a.php 第 602 行.
[ 2013-11-19T12:18:10+08:00 ] /zzadmin/admin.php/Major/showmajor | NOTIC: [8] Undefined variable: notify_report c82986329629546325e352c3e6b1524a.php 第 641 行.
[ 2013-11-19T12:18:10+08:00 ] /zzadmin/admin.php/Major/showmajor | NOTIC: [8] Undefined variable: notify_report_teacher c82986329629546325e352c3e6b1524a.php 第 642 行.
[ 2013-11-19T12:18:10+08:00 ] /zzadmin/admin.php/Major/showmajor | NOTIC: [8] Undefined variable: notify_report c82986329629546325e352c3e6b1524a.php 第 641 行.
[ 2013-11-19T12:18:10+08:00 ] /zzadmin/admin.php/Major/showmajor | NOTIC: [8] Undefined variable: notify_report_teacher c82986329629546325e352c3e6b1524a.php 第 642 行.
[ 2013-11-19T12:18:10+08:00 ] /zzadmin/admin.php/Major/showmajor | NOTIC: [8] Undefined variable: notify_report c82986329629546325e352c3e6b1524a.php 第 641 行.
[ 2013-11-19T12:18:10+08:00 ] /zzadmin/admin.php/Major/showmajor | NOTIC: [8] Undefined variable: notify_report_teacher c82986329629546325e352c3e6b1524a.php 第 642 行.
[ 2013-11-19T12:18:10+08:00 ] /zzadmin/admin.php/Major/showmajor | DEBUG: Run ParseTemplate Behavior [ RunTime:0.002440s ]
[ 2013-11-19T12:18:10+08:00 ] /zzadmin/admin.php/Major/showmajor | DEBUG: Tag[ view_parse ] --END-- [ RunTime:0.002506s ]
[ 2013-11-19T12:18:10+08:00 ] /zzadmin/admin.php/Major/showmajor | DEBUG: Tag[ view_filter ] --START--
[ 2013-11-19T12:18:10+08:00 ] /zzadmin/admin.php/Major/showmajor | DEBUG: Run ContentReplace Behavior [ RunTime:0.000535s ]
[ 2013-11-19T12:18:10+08:00 ] /zzadmin/admin.php/Major/showmajor | DEBUG: Run TokenBuild Behavior [ RunTime:0.000429s ]
[ 2013-11-19T12:18:10+08:00 ] /zzadmin/admin.php/Major/showmajor | DEBUG: Run WriteHtmlCache Behavior [ RunTime:0.000248s ]
[ 2013-11-19T12:18:10+08:00 ] /zzadmin/admin.php/Major/showmajor | DEBUG: Run ShowRuntime Behavior [ RunTime:0.000454s ]
[ 2013-11-19T12:18:10+08:00 ] /zzadmin/admin.php/Major/showmajor | DEBUG: Tag[ view_filter ] --END-- [ RunTime:0.001813s ]
[ 2013-11-19T12:18:10+08:00 ] /zzadmin/admin.php/Major/showmajor | DEBUG: Tag[ view_end ] --START--
[ 2013-11-19T12:18:10+08:00 ] /zzadmin/admin.php/Major/showmajor | DEBUG: Run ShowPageTrace Behavior [ RunTime:0.000702s ]
[ 2013-11-19T12:18:10+08:00 ] /zzadmin/admin.php/Major/showmajor | DEBUG: Tag[ view_end ] --END-- [ RunTime:0.000800s ]
