[ 2013-12-20T10:08:19+08:00 ] /zzadmin/admin.php/Index/adminlogin | DEBUG: Tag[ route_check ] --START--
[ 2013-12-20T10:08:19+08:00 ] /zzadmin/admin.php/Index/adminlogin | DEBUG: Run CheckRoute Behavior [ RunTime:0.001893s ]
[ 2013-12-20T10:08:19+08:00 ] /zzadmin/admin.php/Index/adminlogin | DEBUG: Tag[ route_check ] --END-- [ RunTime:0.002001s ]
[ 2013-12-20T10:08:19+08:00 ] /zzadmin/admin.php/Index/adminlogin | DEBUG: Tag[ app_begin ] --START--
[ 2013-12-20T10:08:19+08:00 ] /zzadmin/admin.php/Index/adminlogin | DEBUG: Run ReadHtmlCache Behavior [ RunTime:0.000941s ]
[ 2013-12-20T10:08:19+08:00 ] /zzadmin/admin.php/Index/adminlogin | DEBUG: Run CheckTemplate Behavior [ RunTime:0.000847s ]
[ 2013-12-20T10:08:19+08:00 ] /zzadmin/admin.php/Index/adminlogin | DEBUG: Tag[ app_begin ] --END-- [ RunTime:0.001872s ]
[ 2013-12-20T10:08:19+08:00 ] /zzadmin/admin.php/Index/adminlogin | DEBUG: Tag[ view_template ] --START--
[ 2013-12-20T10:08:19+08:00 ] /zzadmin/admin.php/Index/adminlogin | DEBUG: Run LocationTemplate Behavior [ RunTime:0.003608s ]
[ 2013-12-20T10:08:19+08:00 ] /zzadmin/admin.php/Index/adminlogin | DEBUG: Tag[ view_template ] --END-- [ RunTime:0.003914s ]
[ 2013-12-20T10:08:19+08:00 ] /zzadmin/admin.php/Index/adminlogin | DEBUG: Tag[ view_parse ] --START--
[ 2013-12-20T10:08:19+08:00 ] /zzadmin/admin.php/Index/adminlogin | DEBUG: Run ParseTemplate Behavior [ RunTime:0.030049s ]
[ 2013-12-20T10:08:19+08:00 ] /zzadmin/admin.php/Index/adminlogin | DEBUG: Tag[ view_parse ] --END-- [ RunTime:0.030284s ]
[ 2013-12-20T10:08:19+08:00 ] /zzadmin/admin.php/Index/adminlogin | DEBUG: Tag[ view_filter ] --START--
[ 2013-12-20T10:08:19+08:00 ] /zzadmin/admin.php/Index/adminlogin | DEBUG: Run ContentReplace Behavior [ RunTime:0.002590s ]
[ 2013-12-20T10:08:19+08:00 ] /zzadmin/admin.php/Index/adminlogin | DEBUG: Run TokenBuild Behavior [ RunTime:0.002418s ]
[ 2013-12-20T10:08:19+08:00 ] /zzadmin/admin.php/Index/adminlogin | DEBUG: Run WriteHtmlCache Behavior [ RunTime:0.001288s ]
[ 2013-12-20T10:08:19+08:00 ] /zzadmin/admin.php/Index/adminlogin | DEBUG: Run ShowRuntime Behavior [ RunTime:0.001676s ]
[ 2013-12-20T10:08:19+08:00 ] /zzadmin/admin.php/Index/adminlogin | DEBUG: Tag[ view_filter ] --END-- [ RunTime:0.008435s ]
[ 2013-12-20T10:08:19+08:00 ] /zzadmin/admin.php/Index/adminlogin | DEBUG: Tag[ view_end ] --START--
[ 2013-12-20T10:08:19+08:00 ] /zzadmin/admin.php/Index/adminlogin | DEBUG: Run ShowPageTrace Behavior [ RunTime:0.001624s ]
[ 2013-12-20T10:08:19+08:00 ] /zzadmin/admin.php/Index/adminlogin | DEBUG: Tag[ view_end ] --END-- [ RunTime:0.001742s ]
[ 2013-12-20T10:08:26+08:00 ] /zzadmin/admin.php/Index/login | DEBUG: Tag[ route_check ] --START--
[ 2013-12-20T10:08:26+08:00 ] /zzadmin/admin.php/Index/login | DEBUG: Run CheckRoute Behavior [ RunTime:0.001088s ]
[ 2013-12-20T10:08:26+08:00 ] /zzadmin/admin.php/Index/login | DEBUG: Tag[ route_check ] --END-- [ RunTime:0.001182s ]
[ 2013-12-20T10:08:26+08:00 ] /zzadmin/admin.php/Index/login | DEBUG: Tag[ app_begin ] --START--
[ 2013-12-20T10:08:26+08:00 ] /zzadmin/admin.php/Index/login | DEBUG: Run ReadHtmlCache Behavior [ RunTime:0.000648s ]
[ 2013-12-20T10:08:26+08:00 ] /zzadmin/admin.php/Index/login | DEBUG: Run CheckTemplate Behavior [ RunTime:0.000565s ]
[ 2013-12-20T10:08:26+08:00 ] /zzadmin/admin.php/Index/login | DEBUG: Tag[ app_begin ] --END-- [ RunTime:0.001304s ]
[ 2013-12-20T10:08:26+08:00 ] /zzadmin/admin.php/Index/login | SQL: SHOW COLUMNS FROM `zz_user` [ RunTime:0.038724s ]
[ 2013-12-20T10:08:26+08:00 ] /zzadmin/admin.php/Index/login | SQL: SHOW COLUMNS FROM `zz_stu` [ RunTime:0.034914s ]
[ 2013-12-20T10:08:26+08:00 ] /zzadmin/admin.php/Index/login | SQL: SELECT * FROM `zz_user` WHERE username='pan' LIMIT 1   [ RunTime:0.000519s ]
[ 2013-12-20T10:08:26+08:00 ] /zzadmin/admin.php/Index/login | DEBUG: Tag[ view_template ] --START--
[ 2013-12-20T10:08:26+08:00 ] /zzadmin/admin.php/Index/login | DEBUG: Run LocationTemplate Behavior [ RunTime:0.016069s ]
[ 2013-12-20T10:08:26+08:00 ] /zzadmin/admin.php/Index/login | DEBUG: Tag[ view_template ] --END-- [ RunTime:0.016199s ]
[ 2013-12-20T10:08:26+08:00 ] /zzadmin/admin.php/Index/login | DEBUG: Tag[ view_parse ] --START--
[ 2013-12-20T10:08:26+08:00 ] /zzadmin/admin.php/Index/login | DEBUG: Run ParseTemplate Behavior [ RunTime:0.008558s ]
[ 2013-12-20T10:08:26+08:00 ] /zzadmin/admin.php/Index/login | DEBUG: Tag[ view_parse ] --END-- [ RunTime:0.008693s ]
[ 2013-12-20T10:08:26+08:00 ] /zzadmin/admin.php/Index/login | DEBUG: Tag[ view_filter ] --START--
[ 2013-12-20T10:08:26+08:00 ] /zzadmin/admin.php/Index/login | DEBUG: Run ContentReplace Behavior [ RunTime:0.000863s ]
[ 2013-12-20T10:08:26+08:00 ] /zzadmin/admin.php/Index/login | DEBUG: Run TokenBuild Behavior [ RunTime:0.000757s ]
[ 2013-12-20T10:08:26+08:00 ] /zzadmin/admin.php/Index/login | DEBUG: Run WriteHtmlCache Behavior [ RunTime:0.000580s ]
[ 2013-12-20T10:08:26+08:00 ] /zzadmin/admin.php/Index/login | DEBUG: Run ShowRuntime Behavior [ RunTime:0.000872s ]
[ 2013-12-20T10:08:26+08:00 ] /zzadmin/admin.php/Index/login | DEBUG: Tag[ view_filter ] --END-- [ RunTime:0.003300s ]
[ 2013-12-20T10:08:26+08:00 ] /zzadmin/admin.php/Index/login | DEBUG: Tag[ view_end ] --START--
[ 2013-12-20T10:08:26+08:00 ] /zzadmin/admin.php/Index/login | DEBUG: Run ShowPageTrace Behavior [ RunTime:0.000795s ]
[ 2013-12-20T10:08:26+08:00 ] /zzadmin/admin.php/Index/login | DEBUG: Tag[ view_end ] --END-- [ RunTime:0.000863s ]
[ 2013-12-20T10:08:27+08:00 ] /zzadmin/admin.php/Index/index | DEBUG: Tag[ route_check ] --START--
[ 2013-12-20T10:08:27+08:00 ] /zzadmin/admin.php/Index/index | DEBUG: Run CheckRoute Behavior [ RunTime:0.001183s ]
[ 2013-12-20T10:08:27+08:00 ] /zzadmin/admin.php/Index/index | DEBUG: Tag[ route_check ] --END-- [ RunTime:0.001278s ]
[ 2013-12-20T10:08:27+08:00 ] /zzadmin/admin.php/Index/index | DEBUG: Tag[ app_begin ] --START--
[ 2013-12-20T10:08:27+08:00 ] /zzadmin/admin.php/Index/index | DEBUG: Run ReadHtmlCache Behavior [ RunTime:0.000604s ]
[ 2013-12-20T10:08:27+08:00 ] /zzadmin/admin.php/Index/index | DEBUG: Run CheckTemplate Behavior [ RunTime:0.000519s ]
[ 2013-12-20T10:08:27+08:00 ] /zzadmin/admin.php/Index/index | DEBUG: Tag[ app_begin ] --END-- [ RunTime:0.001208s ]
[ 2013-12-20T10:08:27+08:00 ] /zzadmin/admin.php/Index/index | SQL: SHOW COLUMNS FROM `zz_conf` [ RunTime:0.109692s ]
[ 2013-12-20T10:08:27+08:00 ] /zzadmin/admin.php/Index/index | SQL: SELECT * FROM `zz_conf` WHERE conf_name='THEME' LIMIT 1   [ RunTime:0.000383s ]
[ 2013-12-20T10:08:27+08:00 ] /zzadmin/admin.php/Index/index | SQL: SELECT * FROM `zz_conf` WHERE conf_name='THEME' LIMIT 1   [ RunTime:0.000201s ]
[ 2013-12-20T10:08:28+08:00 ] /zzadmin/admin.php/Index/index | SQL: SHOW COLUMNS FROM `zz_notice` [ RunTime:0.086355s ]
[ 2013-12-20T10:08:28+08:00 ] /zzadmin/admin.php/Index/index | SQL: SELECT * FROM `zz_notice` ORDER BY id desc LIMIT 10   [ RunTime:0.000449s ]
[ 2013-12-20T10:08:28+08:00 ] /zzadmin/admin.php/Index/index | DEBUG: Tag[ view_template ] --START--
[ 2013-12-20T10:08:28+08:00 ] /zzadmin/admin.php/Index/index | DEBUG: Run LocationTemplate Behavior [ RunTime:0.001632s ]
[ 2013-12-20T10:08:28+08:00 ] /zzadmin/admin.php/Index/index | DEBUG: Tag[ view_template ] --END-- [ RunTime:0.001756s ]
[ 2013-12-20T10:08:28+08:00 ] /zzadmin/admin.php/Index/index | DEBUG: Tag[ view_parse ] --START--
[ 2013-12-20T10:08:28+08:00 ] /zzadmin/admin.php/Index/index | NOTIC: [8] Undefined variable: username 4c18d5952d0dbf1eedb8a1ec796fa788.php 第 22 行.
[ 2013-12-20T10:08:28+08:00 ] /zzadmin/admin.php/Index/index | NOTIC: [8] Undefined variable: lasttime 4c18d5952d0dbf1eedb8a1ec796fa788.php 第 22 行.
[ 2013-12-20T10:08:28+08:00 ] /zzadmin/admin.php/Index/index | NOTIC: [8] Undefined variable: count 4c18d5952d0dbf1eedb8a1ec796fa788.php 第 22 行.
[ 2013-12-20T10:08:28+08:00 ] /zzadmin/admin.php/Index/index | NOTIC: [8] Undefined variable: flag 4c18d5952d0dbf1eedb8a1ec796fa788.php 第 22 行.
[ 2013-12-20T10:08:28+08:00 ] /zzadmin/admin.php/Index/index | DEBUG: Run ParseTemplate Behavior [ RunTime:0.029952s ]
[ 2013-12-20T10:08:28+08:00 ] /zzadmin/admin.php/Index/index | DEBUG: Tag[ view_parse ] --END-- [ RunTime:0.030038s ]
[ 2013-12-20T10:08:28+08:00 ] /zzadmin/admin.php/Index/index | DEBUG: Tag[ view_filter ] --START--
[ 2013-12-20T10:08:28+08:00 ] /zzadmin/admin.php/Index/index | DEBUG: Run ContentReplace Behavior [ RunTime:0.000776s ]
[ 2013-12-20T10:08:28+08:00 ] /zzadmin/admin.php/Index/index | DEBUG: Run TokenBuild Behavior [ RunTime:0.000547s ]
[ 2013-12-20T10:08:28+08:00 ] /zzadmin/admin.php/Index/index | DEBUG: Run WriteHtmlCache Behavior [ RunTime:0.000412s ]
[ 2013-12-20T10:08:28+08:00 ] /zzadmin/admin.php/Index/index | DEBUG: Run ShowRuntime Behavior [ RunTime:0.000578s ]
[ 2013-12-20T10:08:28+08:00 ] /zzadmin/admin.php/Index/index | DEBUG: Tag[ view_filter ] --END-- [ RunTime:0.002473s ]
[ 2013-12-20T10:08:28+08:00 ] /zzadmin/admin.php/Index/index | DEBUG: Tag[ view_end ] --START--
[ 2013-12-20T10:08:28+08:00 ] /zzadmin/admin.php/Index/index | DEBUG: Run ShowPageTrace Behavior [ RunTime:0.000780s ]
[ 2013-12-20T10:08:28+08:00 ] /zzadmin/admin.php/Index/index | DEBUG: Tag[ view_end ] --END-- [ RunTime:0.000874s ]
[ 2013-12-20T10:08:44+08:00 ] /zzadmin/admin.php/Staff/showstaff | DEBUG: Tag[ route_check ] --START--
[ 2013-12-20T10:08:44+08:00 ] /zzadmin/admin.php/Staff/showstaff | DEBUG: Run CheckRoute Behavior [ RunTime:0.001061s ]
[ 2013-12-20T10:08:44+08:00 ] /zzadmin/admin.php/Staff/showstaff | DEBUG: Tag[ route_check ] --END-- [ RunTime:0.001237s ]
[ 2013-12-20T10:08:44+08:00 ] /zzadmin/admin.php/Staff/showstaff | DEBUG: Tag[ app_begin ] --START--
[ 2013-12-20T10:08:44+08:00 ] /zzadmin/admin.php/Staff/showstaff | DEBUG: Run ReadHtmlCache Behavior [ RunTime:0.000655s ]
[ 2013-12-20T10:08:44+08:00 ] /zzadmin/admin.php/Staff/showstaff | DEBUG: Run CheckTemplate Behavior [ RunTime:0.001537s ]
[ 2013-12-20T10:08:44+08:00 ] /zzadmin/admin.php/Staff/showstaff | DEBUG: Tag[ app_begin ] --END-- [ RunTime:0.002302s ]
[ 2013-12-20T10:08:44+08:00 ] /zzadmin/admin.php/Staff/showstaff | SQL: SHOW COLUMNS FROM `zz_staff` [ RunTime:0.005301s ]
[ 2013-12-20T10:08:44+08:00 ] /zzadmin/admin.php/Staff/showstaff | SQL: SHOW COLUMNS FROM `zz_sex` [ RunTime:0.004887s ]
[ 2013-12-20T10:08:44+08:00 ] /zzadmin/admin.php/Staff/showstaff | SQL: SHOW COLUMNS FROM `zz_job` [ RunTime:0.004654s ]
[ 2013-12-20T10:08:44+08:00 ] /zzadmin/admin.php/Staff/showstaff | SQL: SHOW COLUMNS FROM `zz_major` [ RunTime:0.004203s ]
[ 2013-12-20T10:08:44+08:00 ] /zzadmin/admin.php/Staff/showstaff | SQL: SHOW COLUMNS FROM `zz_title` [ RunTime:0.004155s ]
[ 2013-12-20T10:08:44+08:00 ] /zzadmin/admin.php/Staff/showstaff | SQL: SHOW COLUMNS FROM `zz_college` [ RunTime:0.005931s ]
[ 2013-12-20T10:08:44+08:00 ] /zzadmin/admin.php/Staff/showstaff | SQL: SELECT staff.id AS id,staff.no AS no,staff.name AS name,staff.sex AS sex,staff.birth AS birth,sex.id AS sexid,sex.sexname AS sexname,job.id AS jobid,job.jobname AS jobname,major.id AS majorid,major.majorname AS majorname,title.id AS titleid,title.titlename AS titlename,college.id AS collegeid,college.collegename AS collegename FROM zz_staff staff  JOIN zz_sex sex ON staff.sex=sex.id  JOIN zz_job job ON staff.job=job.id  JOIN zz_major major ON staff.major=major.id  JOIN zz_title title ON staff.title=title.id  JOIN zz_college college ON staff.college=college.id  [ RunTime:0.000720s ]
[ 2013-12-20T10:08:44+08:00 ] /zzadmin/admin.php/Staff/showstaff | SQL: SHOW COLUMNS FROM `zz_conf` [ RunTime:0.005356s ]
[ 2013-12-20T10:08:44+08:00 ] /zzadmin/admin.php/Staff/showstaff | SQL: SELECT * FROM `zz_conf` WHERE conf_name='PAGECOUNT' LIMIT 1   [ RunTime:0.000373s ]
[ 2013-12-20T10:08:44+08:00 ] /zzadmin/admin.php/Staff/showstaff | SQL: SELECT * FROM `zz_conf` WHERE conf_name='SUB_SIZE' LIMIT 1   [ RunTime:0.000174s ]
[ 2013-12-20T10:08:44+08:00 ] /zzadmin/admin.php/Staff/showstaff | SQL: SELECT staff.id AS id,staff.no AS no,staff.name AS name,staff.birth AS birth,sex.sexname AS sexname,job.jobname AS jobname,major.majorname AS majorname,title.titlename AS titlename,college.collegename AS collegename FROM zz_staff staff  JOIN zz_sex sex ON staff.sex=sex.id  JOIN zz_job job ON staff.job=job.id  JOIN zz_major major ON staff.major=major.id  JOIN zz_title title ON staff.title=title.id  JOIN zz_college college ON staff.college=college.id ORDER BY staff.id desc LIMIT 0,10   [ RunTime:0.000774s ]
[ 2013-12-20T10:08:44+08:00 ] /zzadmin/admin.php/Staff/showstaff | NOTIC: [8] Undefined index: self1 BaseAction.class.php 第 280 行.
[ 2013-12-20T10:08:44+08:00 ] /zzadmin/admin.php/Staff/showstaff | NOTIC: [8] Undefined index: self2 BaseAction.class.php 第 291 行.
[ 2013-12-20T10:08:44+08:00 ] /zzadmin/admin.php/Staff/showstaff | NOTIC: [8] Undefined index: self3 BaseAction.class.php 第 302 行.
[ 2013-12-20T10:08:44+08:00 ] /zzadmin/admin.php/Staff/showstaff | NOTIC: [8] Undefined index: loanreturn BaseAction.class.php 第 313 行.
[ 2013-12-20T10:08:44+08:00 ] /zzadmin/admin.php/Staff/showstaff | NOTIC: [8] Undefined index: lookgrade BaseAction.class.php 第 319 行.
[ 2013-12-20T10:08:44+08:00 ] /zzadmin/admin.php/Staff/showstaff | NOTIC: [8] Undefined index: addgrade BaseAction.class.php 第 326 行.
[ 2013-12-20T10:08:44+08:00 ] /zzadmin/admin.php/Staff/showstaff | NOTIC: [8] Undefined index: add BaseAction.class.php 第 333 行.
[ 2013-12-20T10:08:44+08:00 ] /zzadmin/admin.php/Staff/showstaff | NOTIC: [8] Undefined index: return BaseAction.class.php 第 339 行.
[ 2013-12-20T10:08:44+08:00 ] /zzadmin/admin.php/Staff/showstaff | NOTIC: [8] Undefined index: dl BaseAction.class.php 第 346 行.
[ 2013-12-20T10:08:44+08:00 ] /zzadmin/admin.php/Staff/showstaff | NOTIC: [8] Undefined index: look BaseAction.class.php 第 352 行.
[ 2013-12-20T10:08:44+08:00 ] /zzadmin/admin.php/Staff/showstaff | NOTIC: [8] Undefined index: ok BaseAction.class.php 第 367 行.
[ 2013-12-20T10:08:44+08:00 ] /zzadmin/admin.php/Staff/showstaff | DEBUG: Tag[ view_template ] --START--
[ 2013-12-20T10:08:44+08:00 ] /zzadmin/admin.php/Staff/showstaff | DEBUG: Run LocationTemplate Behavior [ RunTime:0.004380s ]
[ 2013-12-20T10:08:44+08:00 ] /zzadmin/admin.php/Staff/showstaff | DEBUG: Tag[ view_template ] --END-- [ RunTime:0.004486s ]
[ 2013-12-20T10:08:44+08:00 ] /zzadmin/admin.php/Staff/showstaff | DEBUG: Tag[ view_parse ] --START--
[ 2013-12-20T10:08:44+08:00 ] /zzadmin/admin.php/Staff/showstaff | NOTIC: [8] Undefined variable: classid c82986329629546325e352c3e6b1524a.php 第 539 行.
[ 2013-12-20T10:08:44+08:00 ] /zzadmin/admin.php/Staff/showstaff | NOTIC: [8] Undefined variable: classtype c82986329629546325e352c3e6b1524a.php 第 546 行.
[ 2013-12-20T10:08:44+08:00 ] /zzadmin/admin.php/Staff/showstaff | NOTIC: [8] Undefined variable: notify_report c82986329629546325e352c3e6b1524a.php 第 593 行.
[ 2013-12-20T10:08:44+08:00 ] /zzadmin/admin.php/Staff/showstaff | NOTIC: [8] Undefined variable: notify_report_teacher c82986329629546325e352c3e6b1524a.php 第 594 行.
[ 2013-12-20T10:08:44+08:00 ] /zzadmin/admin.php/Staff/showstaff | NOTIC: [8] Undefined variable: select c82986329629546325e352c3e6b1524a.php 第 601 行.
[ 2013-12-20T10:08:44+08:00 ] /zzadmin/admin.php/Staff/showstaff | NOTIC: [8] Undefined variable: otherform c82986329629546325e352c3e6b1524a.php 第 601 行.
[ 2013-12-20T10:08:44+08:00 ] /zzadmin/admin.php/Staff/showstaff | NOTIC: [8] Undefined variable: search c82986329629546325e352c3e6b1524a.php 第 602 行.
[ 2013-12-20T10:08:44+08:00 ] /zzadmin/admin.php/Staff/showstaff | NOTIC: [8] Undefined variable: type c82986329629546325e352c3e6b1524a.php 第 602 行.
[ 2013-12-20T10:08:44+08:00 ] /zzadmin/admin.php/Staff/showstaff | NOTIC: [8] Undefined variable: notify_report c82986329629546325e352c3e6b1524a.php 第 641 行.
[ 2013-12-20T10:08:44+08:00 ] /zzadmin/admin.php/Staff/showstaff | NOTIC: [8] Undefined variable: notify_report_teacher c82986329629546325e352c3e6b1524a.php 第 642 行.
[ 2013-12-20T10:08:44+08:00 ] /zzadmin/admin.php/Staff/showstaff | NOTIC: [8] Undefined variable: notify_report c82986329629546325e352c3e6b1524a.php 第 641 行.
[ 2013-12-20T10:08:44+08:00 ] /zzadmin/admin.php/Staff/showstaff | NOTIC: [8] Undefined variable: notify_report_teacher c82986329629546325e352c3e6b1524a.php 第 642 行.
[ 2013-12-20T10:08:44+08:00 ] /zzadmin/admin.php/Staff/showstaff | NOTIC: [8] Undefined variable: notify_report c82986329629546325e352c3e6b1524a.php 第 641 行.
[ 2013-12-20T10:08:44+08:00 ] /zzadmin/admin.php/Staff/showstaff | NOTIC: [8] Undefined variable: notify_report_teacher c82986329629546325e352c3e6b1524a.php 第 642 行.
[ 2013-12-20T10:08:44+08:00 ] /zzadmin/admin.php/Staff/showstaff | NOTIC: [8] Undefined variable: notify_report c82986329629546325e352c3e6b1524a.php 第 641 行.
[ 2013-12-20T10:08:44+08:00 ] /zzadmin/admin.php/Staff/showstaff | NOTIC: [8] Undefined variable: notify_report_teacher c82986329629546325e352c3e6b1524a.php 第 642 行.
[ 2013-12-20T10:08:44+08:00 ] /zzadmin/admin.php/Staff/showstaff | NOTIC: [8] Undefined variable: notify_report c82986329629546325e352c3e6b1524a.php 第 641 行.
[ 2013-12-20T10:08:44+08:00 ] /zzadmin/admin.php/Staff/showstaff | NOTIC: [8] Undefined variable: notify_report_teacher c82986329629546325e352c3e6b1524a.php 第 642 行.
[ 2013-12-20T10:08:44+08:00 ] /zzadmin/admin.php/Staff/showstaff | NOTIC: [8] Undefined variable: notify_report c82986329629546325e352c3e6b1524a.php 第 641 行.
[ 2013-12-20T10:08:44+08:00 ] /zzadmin/admin.php/Staff/showstaff | NOTIC: [8] Undefined variable: notify_report_teacher c82986329629546325e352c3e6b1524a.php 第 642 行.
[ 2013-12-20T10:08:44+08:00 ] /zzadmin/admin.php/Staff/showstaff | NOTIC: [8] Undefined variable: notify_report c82986329629546325e352c3e6b1524a.php 第 641 行.
[ 2013-12-20T10:08:44+08:00 ] /zzadmin/admin.php/Staff/showstaff | NOTIC: [8] Undefined variable: notify_report_teacher c82986329629546325e352c3e6b1524a.php 第 642 行.
[ 2013-12-20T10:08:44+08:00 ] /zzadmin/admin.php/Staff/showstaff | DEBUG: Run ParseTemplate Behavior [ RunTime:0.003763s ]
[ 2013-12-20T10:08:44+08:00 ] /zzadmin/admin.php/Staff/showstaff | DEBUG: Tag[ view_parse ] --END-- [ RunTime:0.003927s ]
[ 2013-12-20T10:08:44+08:00 ] /zzadmin/admin.php/Staff/showstaff | DEBUG: Tag[ view_filter ] --START--
[ 2013-12-20T10:08:44+08:00 ] /zzadmin/admin.php/Staff/showstaff | DEBUG: Run ContentReplace Behavior [ RunTime:0.001308s ]
[ 2013-12-20T10:08:44+08:00 ] /zzadmin/admin.php/Staff/showstaff | DEBUG: Run TokenBuild Behavior [ RunTime:0.001014s ]
[ 2013-12-20T10:08:44+08:00 ] /zzadmin/admin.php/Staff/showstaff | DEBUG: Run WriteHtmlCache Behavior [ RunTime:0.000632s ]
[ 2013-12-20T10:08:44+08:00 ] /zzadmin/admin.php/Staff/showstaff | DEBUG: Run ShowRuntime Behavior [ RunTime:0.000941s ]
[ 2013-12-20T10:08:44+08:00 ] /zzadmin/admin.php/Staff/showstaff | DEBUG: Tag[ view_filter ] --END-- [ RunTime:0.004160s ]
[ 2013-12-20T10:08:44+08:00 ] /zzadmin/admin.php/Staff/showstaff | DEBUG: Tag[ view_end ] --START--
[ 2013-12-20T10:08:44+08:00 ] /zzadmin/admin.php/Staff/showstaff | DEBUG: Run ShowPageTrace Behavior [ RunTime:0.001102s ]
[ 2013-12-20T10:08:44+08:00 ] /zzadmin/admin.php/Staff/showstaff | DEBUG: Tag[ view_end ] --END-- [ RunTime:0.001223s ]
[ 2013-12-20T10:08:53+08:00 ] /zzadmin/admin.php/Expitem/showexpitem | DEBUG: Tag[ route_check ] --START--
[ 2013-12-20T10:08:53+08:00 ] /zzadmin/admin.php/Expitem/showexpitem | DEBUG: Run CheckRoute Behavior [ RunTime:0.000704s ]
[ 2013-12-20T10:08:53+08:00 ] /zzadmin/admin.php/Expitem/showexpitem | DEBUG: Tag[ route_check ] --END-- [ RunTime:0.000796s ]
[ 2013-12-20T10:08:53+08:00 ] /zzadmin/admin.php/Expitem/showexpitem | DEBUG: Tag[ app_begin ] --START--
[ 2013-12-20T10:08:53+08:00 ] /zzadmin/admin.php/Expitem/showexpitem | DEBUG: Run ReadHtmlCache Behavior [ RunTime:0.000649s ]
[ 2013-12-20T10:08:53+08:00 ] /zzadmin/admin.php/Expitem/showexpitem | DEBUG: Run CheckTemplate Behavior [ RunTime:0.000628s ]
[ 2013-12-20T10:08:53+08:00 ] /zzadmin/admin.php/Expitem/showexpitem | DEBUG: Tag[ app_begin ] --END-- [ RunTime:0.001414s ]
[ 2013-12-20T10:08:53+08:00 ] /zzadmin/admin.php/Expitem/showexpitem | NOTIC: [8] Undefined variable: courseid ExpitemAction.class.php 第 44 行.
[ 2013-12-20T10:08:53+08:00 ] /zzadmin/admin.php/Expitem/showexpitem | SQL: SHOW COLUMNS FROM `zz_course` [ RunTime:0.004753s ]
[ 2013-12-20T10:08:53+08:00 ] /zzadmin/admin.php/Expitem/showexpitem | SQL: SELECT * FROM `zz_course`  [ RunTime:0.000390s ]
[ 2013-12-20T10:08:53+08:00 ] /zzadmin/admin.php/Expitem/showexpitem | NOTIC: [8] Undefined variable: courseid ExpitemAction.class.php 第 48 行.
[ 2013-12-20T10:08:53+08:00 ] /zzadmin/admin.php/Expitem/showexpitem | SQL: SHOW COLUMNS FROM `zz_expitem` [ RunTime:0.004923s ]
[ 2013-12-20T10:08:53+08:00 ] /zzadmin/admin.php/Expitem/showexpitem | SQL: SHOW COLUMNS FROM `zz_major` [ RunTime:0.004668s ]
[ 2013-12-20T10:08:53+08:00 ] /zzadmin/admin.php/Expitem/showexpitem | SQL: SHOW COLUMNS FROM `zz_exptype` [ RunTime:0.004589s ]
[ 2013-12-20T10:08:53+08:00 ] /zzadmin/admin.php/Expitem/showexpitem | SQL: SHOW COLUMNS FROM `zz_college` [ RunTime:0.004493s ]
[ 2013-12-20T10:08:53+08:00 ] /zzadmin/admin.php/Expitem/showexpitem | SQL: SELECT expitem.id AS id,expitem.expname AS expname,expitem.guide AS guide,expitem.type AS type,expitem.exphour AS exphour,expitem.guidefile AS guidefile,course.id AS courseid,course.coursename AS coursename,major.id AS majorid,major.majorname AS majorname,exptype.id AS typeid,exptype.typename AS typename,college.id AS collegeid,college.collegename AS collegename FROM zz_expitem expitem LEFT JOIN zz_course course ON expitem.courseid=course.id LEFT JOIN zz_major major ON course.major=major.id  JOIN zz_exptype exptype ON expitem.type=exptype.id  JOIN zz_college college ON expitem.college=college.id  [ RunTime:0.000648s ]
[ 2013-12-20T10:08:53+08:00 ] /zzadmin/admin.php/Expitem/showexpitem | SQL: SHOW COLUMNS FROM `zz_conf` [ RunTime:0.004850s ]
[ 2013-12-20T10:08:53+08:00 ] /zzadmin/admin.php/Expitem/showexpitem | SQL: SELECT * FROM `zz_conf` WHERE conf_name='PAGECOUNT' LIMIT 1   [ RunTime:0.000306s ]
[ 2013-12-20T10:08:53+08:00 ] /zzadmin/admin.php/Expitem/showexpitem | SQL: SELECT * FROM `zz_conf` WHERE conf_name='SUB_SIZE' LIMIT 1   [ RunTime:0.000223s ]
[ 2013-12-20T10:08:53+08:00 ] /zzadmin/admin.php/Expitem/showexpitem | SQL: SELECT expitem.id AS id,expitem.expname AS expname,expitem.guide AS guide,expitem.exphour AS exphour,course.coursename AS coursename,major.majorname AS majorname,exptype.typename AS typename,college.collegename AS collegename FROM zz_expitem expitem LEFT JOIN zz_course course ON expitem.courseid=course.id LEFT JOIN zz_major major ON course.major=major.id  JOIN zz_exptype exptype ON expitem.type=exptype.id  JOIN zz_college college ON expitem.college=college.id ORDER BY expitem.id desc LIMIT 0,10   [ RunTime:0.005706s ]
[ 2013-12-20T10:08:53+08:00 ] /zzadmin/admin.php/Expitem/showexpitem | NOTIC: [8] Undefined index: self1 BaseAction.class.php 第 280 行.
[ 2013-12-20T10:08:53+08:00 ] /zzadmin/admin.php/Expitem/showexpitem | NOTIC: [8] Undefined index: self2 BaseAction.class.php 第 291 行.
[ 2013-12-20T10:08:53+08:00 ] /zzadmin/admin.php/Expitem/showexpitem | NOTIC: [8] Undefined index: self3 BaseAction.class.php 第 302 行.
[ 2013-12-20T10:08:53+08:00 ] /zzadmin/admin.php/Expitem/showexpitem | NOTIC: [8] Undefined index: loanreturn BaseAction.class.php 第 313 行.
[ 2013-12-20T10:08:53+08:00 ] /zzadmin/admin.php/Expitem/showexpitem | NOTIC: [8] Undefined index: lookgrade BaseAction.class.php 第 319 行.
[ 2013-12-20T10:08:53+08:00 ] /zzadmin/admin.php/Expitem/showexpitem | NOTIC: [8] Undefined index: addgrade BaseAction.class.php 第 326 行.
[ 2013-12-20T10:08:53+08:00 ] /zzadmin/admin.php/Expitem/showexpitem | NOTIC: [8] Undefined index: add BaseAction.class.php 第 333 行.
[ 2013-12-20T10:08:53+08:00 ] /zzadmin/admin.php/Expitem/showexpitem | NOTIC: [8] Undefined index: return BaseAction.class.php 第 339 行.
[ 2013-12-20T10:08:53+08:00 ] /zzadmin/admin.php/Expitem/showexpitem | NOTIC: [8] Undefined index: dl BaseAction.class.php 第 346 行.
[ 2013-12-20T10:08:53+08:00 ] /zzadmin/admin.php/Expitem/showexpitem | NOTIC: [8] Undefined index: look BaseAction.class.php 第 352 行.
[ 2013-12-20T10:08:53+08:00 ] /zzadmin/admin.php/Expitem/showexpitem | NOTIC: [8] Undefined index: ok BaseAction.class.php 第 367 行.
[ 2013-12-20T10:08:53+08:00 ] /zzadmin/admin.php/Expitem/showexpitem | DEBUG: Tag[ view_template ] --START--
[ 2013-12-20T10:08:53+08:00 ] /zzadmin/admin.php/Expitem/showexpitem | DEBUG: Run LocationTemplate Behavior [ RunTime:0.000634s ]
[ 2013-12-20T10:08:53+08:00 ] /zzadmin/admin.php/Expitem/showexpitem | DEBUG: Tag[ view_template ] --END-- [ RunTime:0.000707s ]
[ 2013-12-20T10:08:53+08:00 ] /zzadmin/admin.php/Expitem/showexpitem | DEBUG: Tag[ view_parse ] --START--
[ 2013-12-20T10:08:53+08:00 ] /zzadmin/admin.php/Expitem/showexpitem | NOTIC: [8] Undefined variable: classid c82986329629546325e352c3e6b1524a.php 第 539 行.
[ 2013-12-20T10:08:53+08:00 ] /zzadmin/admin.php/Expitem/showexpitem | NOTIC: [8] Undefined variable: classtype c82986329629546325e352c3e6b1524a.php 第 546 行.
[ 2013-12-20T10:08:53+08:00 ] /zzadmin/admin.php/Expitem/showexpitem | NOTIC: [8] Undefined variable: notify_report c82986329629546325e352c3e6b1524a.php 第 593 行.
[ 2013-12-20T10:08:53+08:00 ] /zzadmin/admin.php/Expitem/showexpitem | NOTIC: [8] Undefined variable: notify_report_teacher c82986329629546325e352c3e6b1524a.php 第 594 行.
[ 2013-12-20T10:08:53+08:00 ] /zzadmin/admin.php/Expitem/showexpitem | NOTIC: [8] Undefined variable: otherform c82986329629546325e352c3e6b1524a.php 第 601 行.
[ 2013-12-20T10:08:53+08:00 ] /zzadmin/admin.php/Expitem/showexpitem | NOTIC: [8] Undefined variable: search c82986329629546325e352c3e6b1524a.php 第 602 行.
[ 2013-12-20T10:08:53+08:00 ] /zzadmin/admin.php/Expitem/showexpitem | NOTIC: [8] Undefined variable: type c82986329629546325e352c3e6b1524a.php 第 602 行.
[ 2013-12-20T10:08:53+08:00 ] /zzadmin/admin.php/Expitem/showexpitem | NOTIC: [8] Undefined variable: notify_report c82986329629546325e352c3e6b1524a.php 第 641 行.
[ 2013-12-20T10:08:53+08:00 ] /zzadmin/admin.php/Expitem/showexpitem | NOTIC: [8] Undefined variable: notify_report_teacher c82986329629546325e352c3e6b1524a.php 第 642 行.
[ 2013-12-20T10:08:53+08:00 ] /zzadmin/admin.php/Expitem/showexpitem | NOTIC: [8] Undefined variable: notify_report c82986329629546325e352c3e6b1524a.php 第 641 行.
[ 2013-12-20T10:08:53+08:00 ] /zzadmin/admin.php/Expitem/showexpitem | NOTIC: [8] Undefined variable: notify_report_teacher c82986329629546325e352c3e6b1524a.php 第 642 行.
[ 2013-12-20T10:08:53+08:00 ] /zzadmin/admin.php/Expitem/showexpitem | NOTIC: [8] Undefined variable: notify_report c82986329629546325e352c3e6b1524a.php 第 641 行.
[ 2013-12-20T10:08:53+08:00 ] /zzadmin/admin.php/Expitem/showexpitem | NOTIC: [8] Undefined variable: notify_report_teacher c82986329629546325e352c3e6b1524a.php 第 642 行.
[ 2013-12-20T10:08:53+08:00 ] /zzadmin/admin.php/Expitem/showexpitem | NOTIC: [8] Undefined variable: notify_report c82986329629546325e352c3e6b1524a.php 第 641 行.
[ 2013-12-20T10:08:53+08:00 ] /zzadmin/admin.php/Expitem/showexpitem | NOTIC: [8] Undefined variable: notify_report_teacher c82986329629546325e352c3e6b1524a.php 第 642 行.
[ 2013-12-20T10:08:53+08:00 ] /zzadmin/admin.php/Expitem/showexpitem | NOTIC: [8] Undefined variable: notify_report c82986329629546325e352c3e6b1524a.php 第 641 行.
[ 2013-12-20T10:08:53+08:00 ] /zzadmin/admin.php/Expitem/showexpitem | NOTIC: [8] Undefined variable: notify_report_teacher c82986329629546325e352c3e6b1524a.php 第 642 行.
[ 2013-12-20T10:08:53+08:00 ] /zzadmin/admin.php/Expitem/showexpitem | NOTIC: [8] Undefined variable: notify_report c82986329629546325e352c3e6b1524a.php 第 641 行.
[ 2013-12-20T10:08:53+08:00 ] /zzadmin/admin.php/Expitem/showexpitem | NOTIC: [8] Undefined variable: notify_report_teacher c82986329629546325e352c3e6b1524a.php 第 642 行.
[ 2013-12-20T10:08:53+08:00 ] /zzadmin/admin.php/Expitem/showexpitem | NOTIC: [8] Undefined variable: notify_report c82986329629546325e352c3e6b1524a.php 第 641 行.
[ 2013-12-20T10:08:53+08:00 ] /zzadmin/admin.php/Expitem/showexpitem | NOTIC: [8] Undefined variable: notify_report_teacher c82986329629546325e352c3e6b1524a.php 第 642 行.
[ 2013-12-20T10:08:53+08:00 ] /zzadmin/admin.php/Expitem/showexpitem | NOTIC: [8] Undefined variable: notify_report c82986329629546325e352c3e6b1524a.php 第 641 行.
[ 2013-12-20T10:08:53+08:00 ] /zzadmin/admin.php/Expitem/showexpitem | NOTIC: [8] Undefined variable: notify_report_teacher c82986329629546325e352c3e6b1524a.php 第 642 行.
[ 2013-12-20T10:08:53+08:00 ] /zzadmin/admin.php/Expitem/showexpitem | DEBUG: Run ParseTemplate Behavior [ RunTime:0.002150s ]
[ 2013-12-20T10:08:53+08:00 ] /zzadmin/admin.php/Expitem/showexpitem | DEBUG: Tag[ view_parse ] --END-- [ RunTime:0.002210s ]
[ 2013-12-20T10:08:53+08:00 ] /zzadmin/admin.php/Expitem/showexpitem | DEBUG: Tag[ view_filter ] --START--
[ 2013-12-20T10:08:53+08:00 ] /zzadmin/admin.php/Expitem/showexpitem | DEBUG: Run ContentReplace Behavior [ RunTime:0.001383s ]
[ 2013-12-20T10:08:53+08:00 ] /zzadmin/admin.php/Expitem/showexpitem | DEBUG: Run TokenBuild Behavior [ RunTime:0.000575s ]
[ 2013-12-20T10:08:53+08:00 ] /zzadmin/admin.php/Expitem/showexpitem | DEBUG: Run WriteHtmlCache Behavior [ RunTime:0.000272s ]
[ 2013-12-20T10:08:53+08:00 ] /zzadmin/admin.php/Expitem/showexpitem | DEBUG: Run ShowRuntime Behavior [ RunTime:0.000468s ]
[ 2013-12-20T10:08:53+08:00 ] /zzadmin/admin.php/Expitem/showexpitem | DEBUG: Tag[ view_filter ] --END-- [ RunTime:0.002901s ]
[ 2013-12-20T10:08:53+08:00 ] /zzadmin/admin.php/Expitem/showexpitem | DEBUG: Tag[ view_end ] --START--
[ 2013-12-20T10:08:53+08:00 ] /zzadmin/admin.php/Expitem/showexpitem | DEBUG: Run ShowPageTrace Behavior [ RunTime:0.000618s ]
[ 2013-12-20T10:08:53+08:00 ] /zzadmin/admin.php/Expitem/showexpitem | DEBUG: Tag[ view_end ] --END-- [ RunTime:0.000688s ]
[ 2013-12-20T10:08:58+08:00 ] /zzadmin/admin.php/Expitem/addexpitem?aa=showedit&id=10 | DEBUG: Tag[ route_check ] --START--
[ 2013-12-20T10:08:58+08:00 ] /zzadmin/admin.php/Expitem/addexpitem?aa=showedit&id=10 | DEBUG: Run CheckRoute Behavior [ RunTime:0.001649s ]
[ 2013-12-20T10:08:58+08:00 ] /zzadmin/admin.php/Expitem/addexpitem?aa=showedit&id=10 | DEBUG: Tag[ route_check ] --END-- [ RunTime:0.001820s ]
[ 2013-12-20T10:08:58+08:00 ] /zzadmin/admin.php/Expitem/addexpitem?aa=showedit&id=10 | DEBUG: Tag[ app_begin ] --START--
[ 2013-12-20T10:08:58+08:00 ] /zzadmin/admin.php/Expitem/addexpitem?aa=showedit&id=10 | DEBUG: Run ReadHtmlCache Behavior [ RunTime:0.001101s ]
[ 2013-12-20T10:08:58+08:00 ] /zzadmin/admin.php/Expitem/addexpitem?aa=showedit&id=10 | DEBUG: Run CheckTemplate Behavior [ RunTime:0.000859s ]
[ 2013-12-20T10:08:58+08:00 ] /zzadmin/admin.php/Expitem/addexpitem?aa=showedit&id=10 | DEBUG: Tag[ app_begin ] --END-- [ RunTime:0.002150s ]
[ 2013-12-20T10:08:58+08:00 ] /zzadmin/admin.php/Expitem/addexpitem?aa=showedit&id=10 | SQL: SHOW COLUMNS FROM `zz_course` [ RunTime:0.004665s ]
[ 2013-12-20T10:08:58+08:00 ] /zzadmin/admin.php/Expitem/addexpitem?aa=showedit&id=10 | SQL: SELECT * FROM `zz_course`  [ RunTime:0.000391s ]
[ 2013-12-20T10:08:58+08:00 ] /zzadmin/admin.php/Expitem/addexpitem?aa=showedit&id=10 | SQL: SHOW COLUMNS FROM `zz_exptype` [ RunTime:0.004518s ]
[ 2013-12-20T10:08:58+08:00 ] /zzadmin/admin.php/Expitem/addexpitem?aa=showedit&id=10 | SQL: SELECT * FROM `zz_exptype`  [ RunTime:0.000468s ]
[ 2013-12-20T10:08:58+08:00 ] /zzadmin/admin.php/Expitem/addexpitem?aa=showedit&id=10 | SQL: SHOW COLUMNS FROM `zz_college` [ RunTime:0.004723s ]
[ 2013-12-20T10:08:58+08:00 ] /zzadmin/admin.php/Expitem/addexpitem?aa=showedit&id=10 | SQL: SELECT * FROM `zz_college`  [ RunTime:0.000268s ]
[ 2013-12-20T10:08:58+08:00 ] /zzadmin/admin.php/Expitem/addexpitem?aa=showedit&id=10 | SQL: SHOW COLUMNS FROM `zz_expitem` [ RunTime:0.004391s ]
[ 2013-12-20T10:08:58+08:00 ] /zzadmin/admin.php/Expitem/addexpitem?aa=showedit&id=10 | SQL: SELECT * FROM `zz_expitem` WHERE id=10 LIMIT 1   [ RunTime:0.000595s ]
[ 2013-12-20T10:08:58+08:00 ] /zzadmin/admin.php/Expitem/addexpitem?aa=showedit&id=10 | NOTIC: [8] Undefined index: disable Form.class.php 第 147 行.
[ 2013-12-20T10:08:58+08:00 ] /zzadmin/admin.php/Expitem/addexpitem?aa=showedit&id=10 | NOTIC: [8] Undefined index: disabled Form.class.php 第 159 行.
[ 2013-12-20T10:08:58+08:00 ] /zzadmin/admin.php/Expitem/addexpitem?aa=showedit&id=10 | NOTIC: [8] Undefined variable: s Form.class.php 第 182 行.
[ 2013-12-20T10:08:58+08:00 ] /zzadmin/admin.php/Expitem/addexpitem?aa=showedit&id=10 | NOTIC: [8] Undefined index: disable Form.class.php 第 147 行.
[ 2013-12-20T10:08:58+08:00 ] /zzadmin/admin.php/Expitem/addexpitem?aa=showedit&id=10 | NOTIC: [8] Undefined index: disable Form.class.php 第 147 行.
[ 2013-12-20T10:08:58+08:00 ] /zzadmin/admin.php/Expitem/addexpitem?aa=showedit&id=10 | NOTIC: [8] Undefined index: disable Form.class.php 第 147 行.
[ 2013-12-20T10:08:58+08:00 ] /zzadmin/admin.php/Expitem/addexpitem?aa=showedit&id=10 | NOTIC: [8] Undefined index: disable Form.class.php 第 147 行.
[ 2013-12-20T10:08:58+08:00 ] /zzadmin/admin.php/Expitem/addexpitem?aa=showedit&id=10 | NOTIC: [8] Undefined index: disable Form.class.php 第 147 行.
[ 2013-12-20T10:08:58+08:00 ] /zzadmin/admin.php/Expitem/addexpitem?aa=showedit&id=10 | NOTIC: [8] Undefined index: disable Form.class.php 第 147 行.
[ 2013-12-20T10:08:58+08:00 ] /zzadmin/admin.php/Expitem/addexpitem?aa=showedit&id=10 | NOTIC: [8] Undefined index: disabled Form.class.php 第 159 行.
[ 2013-12-20T10:08:58+08:00 ] /zzadmin/admin.php/Expitem/addexpitem?aa=showedit&id=10 | NOTIC: [8] Undefined index: disable Form.class.php 第 147 行.
[ 2013-12-20T10:08:58+08:00 ] /zzadmin/admin.php/Expitem/addexpitem?aa=showedit&id=10 | DEBUG: Tag[ view_template ] --START--
[ 2013-12-20T10:08:58+08:00 ] /zzadmin/admin.php/Expitem/addexpitem?aa=showedit&id=10 | DEBUG: Run LocationTemplate Behavior [ RunTime:0.000729s ]
[ 2013-12-20T10:08:58+08:00 ] /zzadmin/admin.php/Expitem/addexpitem?aa=showedit&id=10 | DEBUG: Tag[ view_template ] --END-- [ RunTime:0.000789s ]
[ 2013-12-20T10:08:58+08:00 ] /zzadmin/admin.php/Expitem/addexpitem?aa=showedit&id=10 | DEBUG: Tag[ view_parse ] --START--
[ 2013-12-20T10:08:58+08:00 ] /zzadmin/admin.php/Expitem/addexpitem?aa=showedit&id=10 | DEBUG: Run ParseTemplate Behavior [ RunTime:0.018652s ]
[ 2013-12-20T10:08:58+08:00 ] /zzadmin/admin.php/Expitem/addexpitem?aa=showedit&id=10 | DEBUG: Tag[ view_parse ] --END-- [ RunTime:0.018715s ]
[ 2013-12-20T10:08:58+08:00 ] /zzadmin/admin.php/Expitem/addexpitem?aa=showedit&id=10 | DEBUG: Tag[ view_filter ] --START--
[ 2013-12-20T10:08:58+08:00 ] /zzadmin/admin.php/Expitem/addexpitem?aa=showedit&id=10 | DEBUG: Run ContentReplace Behavior [ RunTime:0.000485s ]
[ 2013-12-20T10:08:58+08:00 ] /zzadmin/admin.php/Expitem/addexpitem?aa=showedit&id=10 | DEBUG: Run TokenBuild Behavior [ RunTime:0.000475s ]
[ 2013-12-20T10:08:58+08:00 ] /zzadmin/admin.php/Expitem/addexpitem?aa=showedit&id=10 | DEBUG: Run WriteHtmlCache Behavior [ RunTime:0.000256s ]
[ 2013-12-20T10:08:58+08:00 ] /zzadmin/admin.php/Expitem/addexpitem?aa=showedit&id=10 | DEBUG: Run ShowRuntime Behavior [ RunTime:0.000426s ]
[ 2013-12-20T10:08:58+08:00 ] /zzadmin/admin.php/Expitem/addexpitem?aa=showedit&id=10 | DEBUG: Tag[ view_filter ] --END-- [ RunTime:0.001790s ]
[ 2013-12-20T10:08:58+08:00 ] /zzadmin/admin.php/Expitem/addexpitem?aa=showedit&id=10 | DEBUG: Tag[ view_end ] --START--
[ 2013-12-20T10:08:58+08:00 ] /zzadmin/admin.php/Expitem/addexpitem?aa=showedit&id=10 | DEBUG: Run ShowPageTrace Behavior [ RunTime:0.000528s ]
[ 2013-12-20T10:08:58+08:00 ] /zzadmin/admin.php/Expitem/addexpitem?aa=showedit&id=10 | DEBUG: Tag[ view_end ] --END-- [ RunTime:0.000601s ]
[ 2013-12-20T10:08:58+08:00 ] /zzadmin/admin.php/Expitem/ | ERR: (ThinkException) 非法操作index
[ 2013-12-20T11:16:51+08:00 ] /zzadmin/admin.php/Index/adminlogin | DEBUG: Tag[ route_check ] --START--
[ 2013-12-20T11:16:51+08:00 ] /zzadmin/admin.php/Index/adminlogin | DEBUG: Run CheckRoute Behavior [ RunTime:0.001789s ]
[ 2013-12-20T11:16:51+08:00 ] /zzadmin/admin.php/Index/adminlogin | DEBUG: Tag[ route_check ] --END-- [ RunTime:0.001925s ]
[ 2013-12-20T11:16:51+08:00 ] /zzadmin/admin.php/Index/adminlogin | DEBUG: Tag[ app_begin ] --START--
[ 2013-12-20T11:16:51+08:00 ] /zzadmin/admin.php/Index/adminlogin | DEBUG: Run ReadHtmlCache Behavior [ RunTime:0.000921s ]
[ 2013-12-20T11:16:51+08:00 ] /zzadmin/admin.php/Index/adminlogin | DEBUG: Run CheckTemplate Behavior [ RunTime:0.001320s ]
[ 2013-12-20T11:16:51+08:00 ] /zzadmin/admin.php/Index/adminlogin | DEBUG: Tag[ app_begin ] --END-- [ RunTime:0.002366s ]
[ 2013-12-20T11:16:51+08:00 ] /zzadmin/admin.php/Index/adminlogin | DEBUG: Tag[ view_template ] --START--
[ 2013-12-20T11:16:51+08:00 ] /zzadmin/admin.php/Index/adminlogin | DEBUG: Run LocationTemplate Behavior [ RunTime:0.001690s ]
[ 2013-12-20T11:16:51+08:00 ] /zzadmin/admin.php/Index/adminlogin | DEBUG: Tag[ view_template ] --END-- [ RunTime:0.001832s ]
[ 2013-12-20T11:16:51+08:00 ] /zzadmin/admin.php/Index/adminlogin | DEBUG: Tag[ view_parse ] --START--
[ 2013-12-20T11:16:51+08:00 ] /zzadmin/admin.php/Index/adminlogin | DEBUG: Run ParseTemplate Behavior [ RunTime:0.001712s ]
[ 2013-12-20T11:16:51+08:00 ] /zzadmin/admin.php/Index/adminlogin | DEBUG: Tag[ view_parse ] --END-- [ RunTime:0.001828s ]
[ 2013-12-20T11:16:51+08:00 ] /zzadmin/admin.php/Index/adminlogin | DEBUG: Tag[ view_filter ] --START--
[ 2013-12-20T11:16:51+08:00 ] /zzadmin/admin.php/Index/adminlogin | DEBUG: Run ContentReplace Behavior [ RunTime:0.000750s ]
[ 2013-12-20T11:16:51+08:00 ] /zzadmin/admin.php/Index/adminlogin | DEBUG: Run TokenBuild Behavior [ RunTime:0.000755s ]
[ 2013-12-20T11:16:51+08:00 ] /zzadmin/admin.php/Index/adminlogin | DEBUG: Run WriteHtmlCache Behavior [ RunTime:0.000544s ]
[ 2013-12-20T11:16:51+08:00 ] /zzadmin/admin.php/Index/adminlogin | DEBUG: Run ShowRuntime Behavior [ RunTime:0.000788s ]
[ 2013-12-20T11:16:51+08:00 ] /zzadmin/admin.php/Index/adminlogin | DEBUG: Tag[ view_filter ] --END-- [ RunTime:0.003057s ]
[ 2013-12-20T11:16:51+08:00 ] /zzadmin/admin.php/Index/adminlogin | DEBUG: Tag[ view_end ] --START--
[ 2013-12-20T11:16:51+08:00 ] /zzadmin/admin.php/Index/adminlogin | DEBUG: Run ShowPageTrace Behavior [ RunTime:0.000737s ]
[ 2013-12-20T11:16:51+08:00 ] /zzadmin/admin.php/Index/adminlogin | DEBUG: Tag[ view_end ] --END-- [ RunTime:0.000817s ]
[ 2013-12-20T11:17:10+08:00 ] /zzadmin/admin.php/Index/login | DEBUG: Tag[ route_check ] --START--
[ 2013-12-20T11:17:10+08:00 ] /zzadmin/admin.php/Index/login | DEBUG: Run CheckRoute Behavior [ RunTime:0.001108s ]
[ 2013-12-20T11:17:10+08:00 ] /zzadmin/admin.php/Index/login | DEBUG: Tag[ route_check ] --END-- [ RunTime:0.001207s ]
[ 2013-12-20T11:17:10+08:00 ] /zzadmin/admin.php/Index/login | DEBUG: Tag[ app_begin ] --START--
[ 2013-12-20T11:17:10+08:00 ] /zzadmin/admin.php/Index/login | DEBUG: Run ReadHtmlCache Behavior [ RunTime:0.000642s ]
[ 2013-12-20T11:17:10+08:00 ] /zzadmin/admin.php/Index/login | DEBUG: Run CheckTemplate Behavior [ RunTime:0.000558s ]
[ 2013-12-20T11:17:10+08:00 ] /zzadmin/admin.php/Index/login | DEBUG: Tag[ app_begin ] --END-- [ RunTime:0.001290s ]
[ 2013-12-20T11:17:11+08:00 ] /zzadmin/admin.php/Index/login | SQL: SHOW COLUMNS FROM `zz_user` [ RunTime:0.006029s ]
[ 2013-12-20T11:17:11+08:00 ] /zzadmin/admin.php/Index/login | SQL: SHOW COLUMNS FROM `zz_stu` [ RunTime:0.005894s ]
[ 2013-12-20T11:17:11+08:00 ] /zzadmin/admin.php/Index/login | SQL: SELECT * FROM `zz_user` WHERE username='pan' LIMIT 1   [ RunTime:0.000475s ]
[ 2013-12-20T11:17:11+08:00 ] /zzadmin/admin.php/Index/login | DEBUG: Tag[ view_template ] --START--
[ 2013-12-20T11:17:11+08:00 ] /zzadmin/admin.php/Index/login | DEBUG: Run LocationTemplate Behavior [ RunTime:0.000966s ]
[ 2013-12-20T11:17:11+08:00 ] /zzadmin/admin.php/Index/login | DEBUG: Tag[ view_template ] --END-- [ RunTime:0.001041s ]
[ 2013-12-20T11:17:11+08:00 ] /zzadmin/admin.php/Index/login | DEBUG: Tag[ view_parse ] --START--
[ 2013-12-20T11:17:11+08:00 ] /zzadmin/admin.php/Index/login | DEBUG: Run ParseTemplate Behavior [ RunTime:0.001053s ]
[ 2013-12-20T11:17:11+08:00 ] /zzadmin/admin.php/Index/login | DEBUG: Tag[ view_parse ] --END-- [ RunTime:0.001118s ]
[ 2013-12-20T11:17:11+08:00 ] /zzadmin/admin.php/Index/login | DEBUG: Tag[ view_filter ] --START--
[ 2013-12-20T11:17:11+08:00 ] /zzadmin/admin.php/Index/login | DEBUG: Run ContentReplace Behavior [ RunTime:0.000482s ]
[ 2013-12-20T11:17:11+08:00 ] /zzadmin/admin.php/Index/login | DEBUG: Run TokenBuild Behavior [ RunTime:0.000499s ]
[ 2013-12-20T11:17:11+08:00 ] /zzadmin/admin.php/Index/login | DEBUG: Run WriteHtmlCache Behavior [ RunTime:0.000393s ]
[ 2013-12-20T11:17:11+08:00 ] /zzadmin/admin.php/Index/login | DEBUG: Run ShowRuntime Behavior [ RunTime:0.000560s ]
[ 2013-12-20T11:17:11+08:00 ] /zzadmin/admin.php/Index/login | DEBUG: Tag[ view_filter ] --END-- [ RunTime:0.002089s ]
[ 2013-12-20T11:17:11+08:00 ] /zzadmin/admin.php/Index/login | DEBUG: Tag[ view_end ] --START--
[ 2013-12-20T11:17:11+08:00 ] /zzadmin/admin.php/Index/login | DEBUG: Run ShowPageTrace Behavior [ RunTime:0.000549s ]
[ 2013-12-20T11:17:11+08:00 ] /zzadmin/admin.php/Index/login | DEBUG: Tag[ view_end ] --END-- [ RunTime:0.000604s ]
[ 2013-12-20T11:17:12+08:00 ] /zzadmin/admin.php/Index/index | DEBUG: Tag[ route_check ] --START--
[ 2013-12-20T11:17:12+08:00 ] /zzadmin/admin.php/Index/index | DEBUG: Run CheckRoute Behavior [ RunTime:0.000636s ]
[ 2013-12-20T11:17:12+08:00 ] /zzadmin/admin.php/Index/index | DEBUG: Tag[ route_check ] --END-- [ RunTime:0.000723s ]
[ 2013-12-20T11:17:12+08:00 ] /zzadmin/admin.php/Index/index | DEBUG: Tag[ app_begin ] --START--
[ 2013-12-20T11:17:12+08:00 ] /zzadmin/admin.php/Index/index | DEBUG: Run ReadHtmlCache Behavior [ RunTime:0.000544s ]
[ 2013-12-20T11:17:12+08:00 ] /zzadmin/admin.php/Index/index | DEBUG: Run CheckTemplate Behavior [ RunTime:0.000400s ]
[ 2013-12-20T11:17:12+08:00 ] /zzadmin/admin.php/Index/index | DEBUG: Tag[ app_begin ] --END-- [ RunTime:0.001032s ]
[ 2013-12-20T11:17:12+08:00 ] /zzadmin/admin.php/Index/index | SQL: SHOW COLUMNS FROM `zz_conf` [ RunTime:0.005835s ]
[ 2013-12-20T11:17:12+08:00 ] /zzadmin/admin.php/Index/index | SQL: SELECT * FROM `zz_conf` WHERE conf_name='THEME' LIMIT 1   [ RunTime:0.000535s ]
[ 2013-12-20T11:17:12+08:00 ] /zzadmin/admin.php/Index/index | SQL: SELECT * FROM `zz_conf` WHERE conf_name='THEME' LIMIT 1   [ RunTime:0.000379s ]
[ 2013-12-20T11:17:12+08:00 ] /zzadmin/admin.php/Index/index | SQL: SHOW COLUMNS FROM `zz_notice` [ RunTime:0.005796s ]
[ 2013-12-20T11:17:12+08:00 ] /zzadmin/admin.php/Index/index | SQL: SELECT * FROM `zz_notice` ORDER BY id desc LIMIT 10   [ RunTime:0.000517s ]
[ 2013-12-20T11:17:12+08:00 ] /zzadmin/admin.php/Index/index | DEBUG: Tag[ view_template ] --START--
[ 2013-12-20T11:17:12+08:00 ] /zzadmin/admin.php/Index/index | DEBUG: Run LocationTemplate Behavior [ RunTime:0.000896s ]
[ 2013-12-20T11:17:12+08:00 ] /zzadmin/admin.php/Index/index | DEBUG: Tag[ view_template ] --END-- [ RunTime:0.000959s ]
[ 2013-12-20T11:17:12+08:00 ] /zzadmin/admin.php/Index/index | DEBUG: Tag[ view_parse ] --START--
[ 2013-12-20T11:17:12+08:00 ] /zzadmin/admin.php/Index/index | NOTIC: [8] Undefined variable: username 4c18d5952d0dbf1eedb8a1ec796fa788.php 第 22 行.
[ 2013-12-20T11:17:12+08:00 ] /zzadmin/admin.php/Index/index | NOTIC: [8] Undefined variable: lasttime 4c18d5952d0dbf1eedb8a1ec796fa788.php 第 22 行.
[ 2013-12-20T11:17:12+08:00 ] /zzadmin/admin.php/Index/index | NOTIC: [8] Undefined variable: count 4c18d5952d0dbf1eedb8a1ec796fa788.php 第 22 行.
[ 2013-12-20T11:17:12+08:00 ] /zzadmin/admin.php/Index/index | NOTIC: [8] Undefined variable: flag 4c18d5952d0dbf1eedb8a1ec796fa788.php 第 22 行.
[ 2013-12-20T11:17:12+08:00 ] /zzadmin/admin.php/Index/index | DEBUG: Run ParseTemplate Behavior [ RunTime:0.001461s ]
[ 2013-12-20T11:17:12+08:00 ] /zzadmin/admin.php/Index/index | DEBUG: Tag[ view_parse ] --END-- [ RunTime:0.001519s ]
[ 2013-12-20T11:17:12+08:00 ] /zzadmin/admin.php/Index/index | DEBUG: Tag[ view_filter ] --START--
[ 2013-12-20T11:17:12+08:00 ] /zzadmin/admin.php/Index/index | DEBUG: Run ContentReplace Behavior [ RunTime:0.000477s ]
[ 2013-12-20T11:17:12+08:00 ] /zzadmin/admin.php/Index/index | DEBUG: Run TokenBuild Behavior [ RunTime:0.000463s ]
[ 2013-12-20T11:17:12+08:00 ] /zzadmin/admin.php/Index/index | DEBUG: Run WriteHtmlCache Behavior [ RunTime:0.000266s ]
[ 2013-12-20T11:17:12+08:00 ] /zzadmin/admin.php/Index/index | DEBUG: Run ShowRuntime Behavior [ RunTime:0.000433s ]
[ 2013-12-20T11:17:12+08:00 ] /zzadmin/admin.php/Index/index | DEBUG: Tag[ view_filter ] --END-- [ RunTime:0.001785s ]
[ 2013-12-20T11:17:12+08:00 ] /zzadmin/admin.php/Index/index | DEBUG: Tag[ view_end ] --START--
[ 2013-12-20T11:17:12+08:00 ] /zzadmin/admin.php/Index/index | DEBUG: Run ShowPageTrace Behavior [ RunTime:0.000442s ]
[ 2013-12-20T11:17:12+08:00 ] /zzadmin/admin.php/Index/index | DEBUG: Tag[ view_end ] --END-- [ RunTime:0.000507s ]
[ 2013-12-20T11:17:14+08:00 ] /zzadmin/admin.php/Staff/showstaff | DEBUG: Tag[ route_check ] --START--
[ 2013-12-20T11:17:14+08:00 ] /zzadmin/admin.php/Staff/showstaff | DEBUG: Run CheckRoute Behavior [ RunTime:0.000773s ]
[ 2013-12-20T11:17:14+08:00 ] /zzadmin/admin.php/Staff/showstaff | DEBUG: Tag[ route_check ] --END-- [ RunTime:0.000876s ]
[ 2013-12-20T11:17:14+08:00 ] /zzadmin/admin.php/Staff/showstaff | DEBUG: Tag[ app_begin ] --START--
[ 2013-12-20T11:17:14+08:00 ] /zzadmin/admin.php/Staff/showstaff | DEBUG: Run ReadHtmlCache Behavior [ RunTime:0.000557s ]
[ 2013-12-20T11:17:14+08:00 ] /zzadmin/admin.php/Staff/showstaff | DEBUG: Run CheckTemplate Behavior [ RunTime:0.000414s ]
[ 2013-12-20T11:17:14+08:00 ] /zzadmin/admin.php/Staff/showstaff | DEBUG: Tag[ app_begin ] --END-- [ RunTime:0.001062s ]
[ 2013-12-20T11:17:14+08:00 ] /zzadmin/admin.php/Staff/showstaff | SQL: SHOW COLUMNS FROM `zz_staff` [ RunTime:0.004926s ]
[ 2013-12-20T11:17:14+08:00 ] /zzadmin/admin.php/Staff/showstaff | SQL: SHOW COLUMNS FROM `zz_sex` [ RunTime:0.004770s ]
[ 2013-12-20T11:17:14+08:00 ] /zzadmin/admin.php/Staff/showstaff | SQL: SHOW COLUMNS FROM `zz_job` [ RunTime:0.005649s ]
[ 2013-12-20T11:17:14+08:00 ] /zzadmin/admin.php/Staff/showstaff | SQL: SHOW COLUMNS FROM `zz_major` [ RunTime:0.005446s ]
[ 2013-12-20T11:17:14+08:00 ] /zzadmin/admin.php/Staff/showstaff | SQL: SHOW COLUMNS FROM `zz_title` [ RunTime:0.004847s ]
[ 2013-12-20T11:17:14+08:00 ] /zzadmin/admin.php/Staff/showstaff | SQL: SHOW COLUMNS FROM `zz_college` [ RunTime:0.006964s ]
[ 2013-12-20T11:17:14+08:00 ] /zzadmin/admin.php/Staff/showstaff | SQL: SELECT staff.id AS id,staff.no AS no,staff.name AS name,staff.sex AS sex,staff.birth AS birth,sex.id AS sexid,sex.sexname AS sexname,job.id AS jobid,job.jobname AS jobname,major.id AS majorid,major.majorname AS majorname,title.id AS titleid,title.titlename AS titlename,college.id AS collegeid,college.collegename AS collegename FROM zz_staff staff  JOIN zz_sex sex ON staff.sex=sex.id  JOIN zz_job job ON staff.job=job.id  JOIN zz_major major ON staff.major=major.id  JOIN zz_title title ON staff.title=title.id  JOIN zz_college college ON staff.college=college.id  [ RunTime:0.000733s ]
[ 2013-12-20T11:17:14+08:00 ] /zzadmin/admin.php/Staff/showstaff | SQL: SHOW COLUMNS FROM `zz_conf` [ RunTime:0.005379s ]
[ 2013-12-20T11:17:14+08:00 ] /zzadmin/admin.php/Staff/showstaff | SQL: SELECT * FROM `zz_conf` WHERE conf_name='PAGECOUNT' LIMIT 1   [ RunTime:0.000472s ]
[ 2013-12-20T11:17:14+08:00 ] /zzadmin/admin.php/Staff/showstaff | SQL: SELECT * FROM `zz_conf` WHERE conf_name='SUB_SIZE' LIMIT 1   [ RunTime:0.000696s ]
[ 2013-12-20T11:17:14+08:00 ] /zzadmin/admin.php/Staff/showstaff | SQL: SELECT staff.id AS id,staff.no AS no,staff.name AS name,staff.birth AS birth,sex.sexname AS sexname,job.jobname AS jobname,major.majorname AS majorname,title.titlename AS titlename,college.collegename AS collegename FROM zz_staff staff  JOIN zz_sex sex ON staff.sex=sex.id  JOIN zz_job job ON staff.job=job.id  JOIN zz_major major ON staff.major=major.id  JOIN zz_title title ON staff.title=title.id  JOIN zz_college college ON staff.college=college.id ORDER BY staff.id desc LIMIT 0,10   [ RunTime:0.000989s ]
[ 2013-12-20T11:17:14+08:00 ] /zzadmin/admin.php/Staff/showstaff | NOTIC: [8] Undefined index: self1 BaseAction.class.php 第 280 行.
[ 2013-12-20T11:17:14+08:00 ] /zzadmin/admin.php/Staff/showstaff | NOTIC: [8] Undefined index: self2 BaseAction.class.php 第 291 行.
[ 2013-12-20T11:17:14+08:00 ] /zzadmin/admin.php/Staff/showstaff | NOTIC: [8] Undefined index: self3 BaseAction.class.php 第 302 行.
[ 2013-12-20T11:17:14+08:00 ] /zzadmin/admin.php/Staff/showstaff | NOTIC: [8] Undefined index: loanreturn BaseAction.class.php 第 313 行.
[ 2013-12-20T11:17:14+08:00 ] /zzadmin/admin.php/Staff/showstaff | NOTIC: [8] Undefined index: lookgrade BaseAction.class.php 第 319 行.
[ 2013-12-20T11:17:14+08:00 ] /zzadmin/admin.php/Staff/showstaff | NOTIC: [8] Undefined index: addgrade BaseAction.class.php 第 326 行.
[ 2013-12-20T11:17:14+08:00 ] /zzadmin/admin.php/Staff/showstaff | NOTIC: [8] Undefined index: add BaseAction.class.php 第 333 行.
[ 2013-12-20T11:17:14+08:00 ] /zzadmin/admin.php/Staff/showstaff | NOTIC: [8] Undefined index: return BaseAction.class.php 第 339 行.
[ 2013-12-20T11:17:14+08:00 ] /zzadmin/admin.php/Staff/showstaff | NOTIC: [8] Undefined index: dl BaseAction.class.php 第 346 行.
[ 2013-12-20T11:17:14+08:00 ] /zzadmin/admin.php/Staff/showstaff | NOTIC: [8] Undefined index: look BaseAction.class.php 第 352 行.
[ 2013-12-20T11:17:14+08:00 ] /zzadmin/admin.php/Staff/showstaff | NOTIC: [8] Undefined index: ok BaseAction.class.php 第 367 行.
[ 2013-12-20T11:17:14+08:00 ] /zzadmin/admin.php/Staff/showstaff | DEBUG: Tag[ view_template ] --START--
[ 2013-12-20T11:17:14+08:00 ] /zzadmin/admin.php/Staff/showstaff | DEBUG: Run LocationTemplate Behavior [ RunTime:0.000769s ]
[ 2013-12-20T11:17:14+08:00 ] /zzadmin/admin.php/Staff/showstaff | DEBUG: Tag[ view_template ] --END-- [ RunTime:0.000828s ]
[ 2013-12-20T11:17:14+08:00 ] /zzadmin/admin.php/Staff/showstaff | DEBUG: Tag[ view_parse ] --START--
[ 2013-12-20T11:17:14+08:00 ] /zzadmin/admin.php/Staff/showstaff | NOTIC: [8] Undefined variable: classid c82986329629546325e352c3e6b1524a.php 第 539 行.
[ 2013-12-20T11:17:14+08:00 ] /zzadmin/admin.php/Staff/showstaff | NOTIC: [8] Undefined variable: classtype c82986329629546325e352c3e6b1524a.php 第 546 行.
[ 2013-12-20T11:17:14+08:00 ] /zzadmin/admin.php/Staff/showstaff | NOTIC: [8] Undefined variable: notify_report c82986329629546325e352c3e6b1524a.php 第 593 行.
[ 2013-12-20T11:17:14+08:00 ] /zzadmin/admin.php/Staff/showstaff | NOTIC: [8] Undefined variable: notify_report_teacher c82986329629546325e352c3e6b1524a.php 第 594 行.
[ 2013-12-20T11:17:14+08:00 ] /zzadmin/admin.php/Staff/showstaff | NOTIC: [8] Undefined variable: select c82986329629546325e352c3e6b1524a.php 第 601 行.
[ 2013-12-20T11:17:14+08:00 ] /zzadmin/admin.php/Staff/showstaff | NOTIC: [8] Undefined variable: otherform c82986329629546325e352c3e6b1524a.php 第 601 行.
[ 2013-12-20T11:17:14+08:00 ] /zzadmin/admin.php/Staff/showstaff | NOTIC: [8] Undefined variable: search c82986329629546325e352c3e6b1524a.php 第 602 行.
[ 2013-12-20T11:17:14+08:00 ] /zzadmin/admin.php/Staff/showstaff | NOTIC: [8] Undefined variable: type c82986329629546325e352c3e6b1524a.php 第 602 行.
[ 2013-12-20T11:17:14+08:00 ] /zzadmin/admin.php/Staff/showstaff | NOTIC: [8] Undefined variable: notify_report c82986329629546325e352c3e6b1524a.php 第 641 行.
[ 2013-12-20T11:17:14+08:00 ] /zzadmin/admin.php/Staff/showstaff | NOTIC: [8] Undefined variable: notify_report_teacher c82986329629546325e352c3e6b1524a.php 第 642 行.
[ 2013-12-20T11:17:14+08:00 ] /zzadmin/admin.php/Staff/showstaff | NOTIC: [8] Undefined variable: notify_report c82986329629546325e352c3e6b1524a.php 第 641 行.
[ 2013-12-20T11:17:14+08:00 ] /zzadmin/admin.php/Staff/showstaff | NOTIC: [8] Undefined variable: notify_report_teacher c82986329629546325e352c3e6b1524a.php 第 642 行.
[ 2013-12-20T11:17:14+08:00 ] /zzadmin/admin.php/Staff/showstaff | NOTIC: [8] Undefined variable: notify_report c82986329629546325e352c3e6b1524a.php 第 641 行.
[ 2013-12-20T11:17:14+08:00 ] /zzadmin/admin.php/Staff/showstaff | NOTIC: [8] Undefined variable: notify_report_teacher c82986329629546325e352c3e6b1524a.php 第 642 行.
[ 2013-12-20T11:17:14+08:00 ] /zzadmin/admin.php/Staff/showstaff | NOTIC: [8] Undefined variable: notify_report c82986329629546325e352c3e6b1524a.php 第 641 行.
[ 2013-12-20T11:17:14+08:00 ] /zzadmin/admin.php/Staff/showstaff | NOTIC: [8] Undefined variable: notify_report_teacher c82986329629546325e352c3e6b1524a.php 第 642 行.
[ 2013-12-20T11:17:14+08:00 ] /zzadmin/admin.php/Staff/showstaff | NOTIC: [8] Undefined variable: notify_report c82986329629546325e352c3e6b1524a.php 第 641 行.
[ 2013-12-20T11:17:14+08:00 ] /zzadmin/admin.php/Staff/showstaff | NOTIC: [8] Undefined variable: notify_report_teacher c82986329629546325e352c3e6b1524a.php 第 642 行.
[ 2013-12-20T11:17:14+08:00 ] /zzadmin/admin.php/Staff/showstaff | NOTIC: [8] Undefined variable: notify_report c82986329629546325e352c3e6b1524a.php 第 641 行.
[ 2013-12-20T11:17:14+08:00 ] /zzadmin/admin.php/Staff/showstaff | NOTIC: [8] Undefined variable: notify_report_teacher c82986329629546325e352c3e6b1524a.php 第 642 行.
[ 2013-12-20T11:17:14+08:00 ] /zzadmin/admin.php/Staff/showstaff | NOTIC: [8] Undefined variable: notify_report c82986329629546325e352c3e6b1524a.php 第 641 行.
[ 2013-12-20T11:17:14+08:00 ] /zzadmin/admin.php/Staff/showstaff | NOTIC: [8] Undefined variable: notify_report_teacher c82986329629546325e352c3e6b1524a.php 第 642 行.
[ 2013-12-20T11:17:14+08:00 ] /zzadmin/admin.php/Staff/showstaff | DEBUG: Run ParseTemplate Behavior [ RunTime:0.002316s ]
[ 2013-12-20T11:17:14+08:00 ] /zzadmin/admin.php/Staff/showstaff | DEBUG: Tag[ view_parse ] --END-- [ RunTime:0.002373s ]
[ 2013-12-20T11:17:14+08:00 ] /zzadmin/admin.php/Staff/showstaff | DEBUG: Tag[ view_filter ] --START--
[ 2013-12-20T11:17:14+08:00 ] /zzadmin/admin.php/Staff/showstaff | DEBUG: Run ContentReplace Behavior [ RunTime:0.000601s ]
[ 2013-12-20T11:17:14+08:00 ] /zzadmin/admin.php/Staff/showstaff | DEBUG: Run TokenBuild Behavior [ RunTime:0.000476s ]
[ 2013-12-20T11:17:14+08:00 ] /zzadmin/admin.php/Staff/showstaff | DEBUG: Run WriteHtmlCache Behavior [ RunTime:0.000270s ]
[ 2013-12-20T11:17:14+08:00 ] /zzadmin/admin.php/Staff/showstaff | DEBUG: Run ShowRuntime Behavior [ RunTime:0.000477s ]
[ 2013-12-20T11:17:14+08:00 ] /zzadmin/admin.php/Staff/showstaff | DEBUG: Tag[ view_filter ] --END-- [ RunTime:0.001984s ]
[ 2013-12-20T11:17:14+08:00 ] /zzadmin/admin.php/Staff/showstaff | DEBUG: Tag[ view_end ] --START--
[ 2013-12-20T11:17:14+08:00 ] /zzadmin/admin.php/Staff/showstaff | DEBUG: Run ShowPageTrace Behavior [ RunTime:0.000818s ]
[ 2013-12-20T11:17:14+08:00 ] /zzadmin/admin.php/Staff/showstaff | DEBUG: Tag[ view_end ] --END-- [ RunTime:0.000967s ]
[ 2013-12-20T11:17:17+08:00 ] /zzadmin/admin.php/Staff/addstaff?aa=show | DEBUG: Tag[ route_check ] --START--
[ 2013-12-20T11:17:17+08:00 ] /zzadmin/admin.php/Staff/addstaff?aa=show | DEBUG: Run CheckRoute Behavior [ RunTime:0.001207s ]
[ 2013-12-20T11:17:17+08:00 ] /zzadmin/admin.php/Staff/addstaff?aa=show | DEBUG: Tag[ route_check ] --END-- [ RunTime:0.001367s ]
[ 2013-12-20T11:17:17+08:00 ] /zzadmin/admin.php/Staff/addstaff?aa=show | DEBUG: Tag[ app_begin ] --START--
[ 2013-12-20T11:17:17+08:00 ] /zzadmin/admin.php/Staff/addstaff?aa=show | DEBUG: Run ReadHtmlCache Behavior [ RunTime:0.000948s ]
[ 2013-12-20T11:17:17+08:00 ] /zzadmin/admin.php/Staff/addstaff?aa=show | DEBUG: Run CheckTemplate Behavior [ RunTime:0.000736s ]
[ 2013-12-20T11:17:17+08:00 ] /zzadmin/admin.php/Staff/addstaff?aa=show | DEBUG: Tag[ app_begin ] --END-- [ RunTime:0.001852s ]
[ 2013-12-20T11:17:17+08:00 ] /zzadmin/admin.php/Staff/addstaff?aa=show | SQL: SHOW COLUMNS FROM `zz_title` [ RunTime:0.004717s ]
[ 2013-12-20T11:17:17+08:00 ] /zzadmin/admin.php/Staff/addstaff?aa=show | SQL: SELECT * FROM `zz_title`  [ RunTime:0.000933s ]
[ 2013-12-20T11:17:17+08:00 ] /zzadmin/admin.php/Staff/addstaff?aa=show | SQL: SHOW COLUMNS FROM `zz_job` [ RunTime:0.006214s ]
[ 2013-12-20T11:17:17+08:00 ] /zzadmin/admin.php/Staff/addstaff?aa=show | SQL: SELECT * FROM `zz_job`  [ RunTime:0.000321s ]
[ 2013-12-20T11:17:17+08:00 ] /zzadmin/admin.php/Staff/addstaff?aa=show | SQL: SHOW COLUMNS FROM `zz_major` [ RunTime:0.006909s ]
[ 2013-12-20T11:17:17+08:00 ] /zzadmin/admin.php/Staff/addstaff?aa=show | SQL: SELECT * FROM `zz_major`  [ RunTime:0.000465s ]
[ 2013-12-20T11:17:17+08:00 ] /zzadmin/admin.php/Staff/addstaff?aa=show | SQL: SHOW COLUMNS FROM `zz_college` [ RunTime:0.006310s ]
[ 2013-12-20T11:17:17+08:00 ] /zzadmin/admin.php/Staff/addstaff?aa=show | SQL: SELECT * FROM `zz_college`  [ RunTime:0.000271s ]
[ 2013-12-20T11:17:17+08:00 ] /zzadmin/admin.php/Staff/addstaff?aa=show | DEBUG: Tag[ view_template ] --START--
[ 2013-12-20T11:17:17+08:00 ] /zzadmin/admin.php/Staff/addstaff?aa=show | DEBUG: Run LocationTemplate Behavior [ RunTime:0.000900s ]
[ 2013-12-20T11:17:17+08:00 ] /zzadmin/admin.php/Staff/addstaff?aa=show | DEBUG: Tag[ view_template ] --END-- [ RunTime:0.001019s ]
[ 2013-12-20T11:17:17+08:00 ] /zzadmin/admin.php/Staff/addstaff?aa=show | DEBUG: Tag[ view_parse ] --START--
[ 2013-12-20T11:17:17+08:00 ] /zzadmin/admin.php/Staff/addstaff?aa=show | DEBUG: Run ParseTemplate Behavior [ RunTime:0.001318s ]
[ 2013-12-20T11:17:17+08:00 ] /zzadmin/admin.php/Staff/addstaff?aa=show | DEBUG: Tag[ view_parse ] --END-- [ RunTime:0.001411s ]
[ 2013-12-20T11:17:17+08:00 ] /zzadmin/admin.php/Staff/addstaff?aa=show | DEBUG: Tag[ view_filter ] --START--
[ 2013-12-20T11:17:17+08:00 ] /zzadmin/admin.php/Staff/addstaff?aa=show | DEBUG: Run ContentReplace Behavior [ RunTime:0.000432s ]
[ 2013-12-20T11:17:17+08:00 ] /zzadmin/admin.php/Staff/addstaff?aa=show | DEBUG: Run TokenBuild Behavior [ RunTime:0.000424s ]
[ 2013-12-20T11:17:17+08:00 ] /zzadmin/admin.php/Staff/addstaff?aa=show | DEBUG: Run WriteHtmlCache Behavior [ RunTime:0.000251s ]
[ 2013-12-20T11:17:17+08:00 ] /zzadmin/admin.php/Staff/addstaff?aa=show | DEBUG: Run ShowRuntime Behavior [ RunTime:0.000424s ]
[ 2013-12-20T11:17:17+08:00 ] /zzadmin/admin.php/Staff/addstaff?aa=show | DEBUG: Tag[ view_filter ] --END-- [ RunTime:0.001679s ]
[ 2013-12-20T11:17:17+08:00 ] /zzadmin/admin.php/Staff/addstaff?aa=show | DEBUG: Tag[ view_end ] --START--
[ 2013-12-20T11:17:17+08:00 ] /zzadmin/admin.php/Staff/addstaff?aa=show | DEBUG: Run ShowPageTrace Behavior [ RunTime:0.000630s ]
[ 2013-12-20T11:17:17+08:00 ] /zzadmin/admin.php/Staff/addstaff?aa=show | DEBUG: Tag[ view_end ] --END-- [ RunTime:0.000725s ]
[ 2013-12-20T11:17:18+08:00 ] /zzadmin/admin.php/User/showuser?aa=show&role=4 | DEBUG: Tag[ route_check ] --START--
[ 2013-12-20T11:17:18+08:00 ] /zzadmin/admin.php/User/showuser?aa=show&role=4 | DEBUG: Run CheckRoute Behavior [ RunTime:0.000686s ]
[ 2013-12-20T11:17:18+08:00 ] /zzadmin/admin.php/User/showuser?aa=show&role=4 | DEBUG: Tag[ route_check ] --END-- [ RunTime:0.000780s ]
[ 2013-12-20T11:17:18+08:00 ] /zzadmin/admin.php/User/showuser?aa=show&role=4 | DEBUG: Tag[ app_begin ] --START--
[ 2013-12-20T11:17:18+08:00 ] /zzadmin/admin.php/User/showuser?aa=show&role=4 | DEBUG: Run ReadHtmlCache Behavior [ RunTime:0.000485s ]
[ 2013-12-20T11:17:18+08:00 ] /zzadmin/admin.php/User/showuser?aa=show&role=4 | DEBUG: Run CheckTemplate Behavior [ RunTime:0.000401s ]
[ 2013-12-20T11:17:18+08:00 ] /zzadmin/admin.php/User/showuser?aa=show&role=4 | DEBUG: Tag[ app_begin ] --END-- [ RunTime:0.000975s ]
[ 2013-12-20T11:17:18+08:00 ] /zzadmin/admin.php/User/showuser?aa=show&role=4 | SQL: SHOW COLUMNS FROM `zz_user` [ RunTime:0.005793s ]
[ 2013-12-20T11:17:18+08:00 ] /zzadmin/admin.php/User/showuser?aa=show&role=4 | SQL: SHOW COLUMNS FROM `zz_staff` [ RunTime:0.005123s ]
[ 2013-12-20T11:17:18+08:00 ] /zzadmin/admin.php/User/showuser?aa=show&role=4 | SQL: SHOW COLUMNS FROM `zz_job` [ RunTime:0.005751s ]
[ 2013-12-20T11:17:18+08:00 ] /zzadmin/admin.php/User/showuser?aa=show&role=4 | SQL: SHOW COLUMNS FROM `zz_major` [ RunTime:0.005646s ]
[ 2013-12-20T11:17:18+08:00 ] /zzadmin/admin.php/User/showuser?aa=show&role=4 | SQL: SHOW COLUMNS FROM `zz_title` [ RunTime:0.006102s ]
[ 2013-12-20T11:17:18+08:00 ] /zzadmin/admin.php/User/showuser?aa=show&role=4 | SQL: SHOW COLUMNS FROM `zz_role` [ RunTime:0.053550s ]
[ 2013-12-20T11:17:18+08:00 ] /zzadmin/admin.php/User/showuser?aa=show&role=4 | SQL: SHOW COLUMNS FROM `zz_college` [ RunTime:0.005421s ]
[ 2013-12-20T11:17:18+08:00 ] /zzadmin/admin.php/User/showuser?aa=show&role=4 | SQL: SELECT user.id AS id,user.staffid AS staffid,user.username AS username,user.role AS role,staff.no AS no,staff.name AS name,staff.sex AS sex,staff.birth AS birth,job.id AS jobid,job.jobname AS jobname,major.id AS majorid,major.majorname AS majorname,title.id AS titleid,title.titlename AS titlename,role.id AS roleid,role.rolename AS rolename,college.id AS collegeid,college.collegename AS collegename FROM zz_user user  JOIN zz_staff staff ON staff.id=user.staffid  JOIN zz_job job ON staff.job=job.id  JOIN zz_major major ON staff.major=major.id  JOIN zz_title title ON staff.title=title.id  JOIN zz_role role ON user.role=role.id  JOIN zz_college college ON staff.college=college.id WHERE role=4  [ RunTime:0.001093s ]
[ 2013-12-20T11:17:18+08:00 ] /zzadmin/admin.php/User/showuser?aa=show&role=4 | SQL: SHOW COLUMNS FROM `zz_conf` [ RunTime:0.005261s ]
[ 2013-12-20T11:17:18+08:00 ] /zzadmin/admin.php/User/showuser?aa=show&role=4 | SQL: SELECT * FROM `zz_conf` WHERE conf_name='PAGECOUNT' LIMIT 1   [ RunTime:0.000452s ]
[ 2013-12-20T11:17:18+08:00 ] /zzadmin/admin.php/User/showuser?aa=show&role=4 | SQL: SELECT * FROM `zz_conf` WHERE conf_name='SUB_SIZE' LIMIT 1   [ RunTime:0.000372s ]
[ 2013-12-20T11:17:18+08:00 ] /zzadmin/admin.php/User/showuser?aa=show&role=4 | SQL: SELECT user.id AS id,user.username AS username,staff.no AS no,staff.name AS name,title.titlename AS titlename,role.rolename AS rolename,college.collegename AS collegename FROM zz_user user  JOIN zz_staff staff ON staff.id=user.staffid  JOIN zz_job job ON staff.job=job.id  JOIN zz_major major ON staff.major=major.id  JOIN zz_title title ON staff.title=title.id  JOIN zz_role role ON user.role=role.id  JOIN zz_college college ON staff.college=college.id WHERE role=4 ORDER BY user.id desc LIMIT 0,10   [ RunTime:0.000840s ]
[ 2013-12-20T11:17:18+08:00 ] /zzadmin/admin.php/User/showuser?aa=show&role=4 | NOTIC: [8] Undefined index: self1 BaseAction.class.php 第 280 行.
[ 2013-12-20T11:17:18+08:00 ] /zzadmin/admin.php/User/showuser?aa=show&role=4 | NOTIC: [8] Undefined index: self2 BaseAction.class.php 第 291 行.
[ 2013-12-20T11:17:18+08:00 ] /zzadmin/admin.php/User/showuser?aa=show&role=4 | NOTIC: [8] Undefined index: self3 BaseAction.class.php 第 302 行.
[ 2013-12-20T11:17:18+08:00 ] /zzadmin/admin.php/User/showuser?aa=show&role=4 | NOTIC: [8] Undefined index: loanreturn BaseAction.class.php 第 313 行.
[ 2013-12-20T11:17:18+08:00 ] /zzadmin/admin.php/User/showuser?aa=show&role=4 | NOTIC: [8] Undefined index: lookgrade BaseAction.class.php 第 319 行.
[ 2013-12-20T11:17:18+08:00 ] /zzadmin/admin.php/User/showuser?aa=show&role=4 | NOTIC: [8] Undefined index: addgrade BaseAction.class.php 第 326 行.
[ 2013-12-20T11:17:18+08:00 ] /zzadmin/admin.php/User/showuser?aa=show&role=4 | NOTIC: [8] Undefined index: add BaseAction.class.php 第 333 行.
[ 2013-12-20T11:17:18+08:00 ] /zzadmin/admin.php/User/showuser?aa=show&role=4 | NOTIC: [8] Undefined index: return BaseAction.class.php 第 339 行.
[ 2013-12-20T11:17:18+08:00 ] /zzadmin/admin.php/User/showuser?aa=show&role=4 | NOTIC: [8] Undefined index: dl BaseAction.class.php 第 346 行.
[ 2013-12-20T11:17:18+08:00 ] /zzadmin/admin.php/User/showuser?aa=show&role=4 | NOTIC: [8] Undefined index: look BaseAction.class.php 第 352 行.
[ 2013-12-20T11:17:18+08:00 ] /zzadmin/admin.php/User/showuser?aa=show&role=4 | NOTIC: [8] Undefined index: ok BaseAction.class.php 第 367 行.
[ 2013-12-20T11:17:18+08:00 ] /zzadmin/admin.php/User/showuser?aa=show&role=4 | DEBUG: Tag[ view_template ] --START--
[ 2013-12-20T11:17:18+08:00 ] /zzadmin/admin.php/User/showuser?aa=show&role=4 | DEBUG: Run LocationTemplate Behavior [ RunTime:0.000598s ]
[ 2013-12-20T11:17:18+08:00 ] /zzadmin/admin.php/User/showuser?aa=show&role=4 | DEBUG: Tag[ view_template ] --END-- [ RunTime:0.000655s ]
[ 2013-12-20T11:17:18+08:00 ] /zzadmin/admin.php/User/showuser?aa=show&role=4 | DEBUG: Tag[ view_parse ] --START--
[ 2013-12-20T11:17:18+08:00 ] /zzadmin/admin.php/User/showuser?aa=show&role=4 | NOTIC: [8] Undefined variable: classid c82986329629546325e352c3e6b1524a.php 第 539 行.
[ 2013-12-20T11:17:18+08:00 ] /zzadmin/admin.php/User/showuser?aa=show&role=4 | NOTIC: [8] Undefined variable: classtype c82986329629546325e352c3e6b1524a.php 第 546 行.
[ 2013-12-20T11:17:18+08:00 ] /zzadmin/admin.php/User/showuser?aa=show&role=4 | NOTIC: [8] Undefined variable: notify_report c82986329629546325e352c3e6b1524a.php 第 593 行.
[ 2013-12-20T11:17:18+08:00 ] /zzadmin/admin.php/User/showuser?aa=show&role=4 | NOTIC: [8] Undefined variable: notify_report_teacher c82986329629546325e352c3e6b1524a.php 第 594 行.
[ 2013-12-20T11:17:18+08:00 ] /zzadmin/admin.php/User/showuser?aa=show&role=4 | NOTIC: [8] Undefined variable: select c82986329629546325e352c3e6b1524a.php 第 601 行.
[ 2013-12-20T11:17:18+08:00 ] /zzadmin/admin.php/User/showuser?aa=show&role=4 | NOTIC: [8] Undefined variable: otherform c82986329629546325e352c3e6b1524a.php 第 601 行.
[ 2013-12-20T11:17:18+08:00 ] /zzadmin/admin.php/User/showuser?aa=show&role=4 | NOTIC: [8] Undefined variable: search c82986329629546325e352c3e6b1524a.php 第 602 行.
[ 2013-12-20T11:17:18+08:00 ] /zzadmin/admin.php/User/showuser?aa=show&role=4 | NOTIC: [8] Undefined variable: type c82986329629546325e352c3e6b1524a.php 第 602 行.
[ 2013-12-20T11:17:18+08:00 ] /zzadmin/admin.php/User/showuser?aa=show&role=4 | NOTIC: [8] Undefined variable: notify_report c82986329629546325e352c3e6b1524a.php 第 641 行.
[ 2013-12-20T11:17:18+08:00 ] /zzadmin/admin.php/User/showuser?aa=show&role=4 | NOTIC: [8] Undefined variable: notify_report_teacher c82986329629546325e352c3e6b1524a.php 第 642 行.
[ 2013-12-20T11:17:18+08:00 ] /zzadmin/admin.php/User/showuser?aa=show&role=4 | DEBUG: Run ParseTemplate Behavior [ RunTime:0.001669s ]
[ 2013-12-20T11:17:18+08:00 ] /zzadmin/admin.php/User/showuser?aa=show&role=4 | DEBUG: Tag[ view_parse ] --END-- [ RunTime:0.001717s ]
[ 2013-12-20T11:17:18+08:00 ] /zzadmin/admin.php/User/showuser?aa=show&role=4 | DEBUG: Tag[ view_filter ] --START--
[ 2013-12-20T11:17:18+08:00 ] /zzadmin/admin.php/User/showuser?aa=show&role=4 | DEBUG: Run ContentReplace Behavior [ RunTime:0.000453s ]
[ 2013-12-20T11:17:18+08:00 ] /zzadmin/admin.php/User/showuser?aa=show&role=4 | DEBUG: Run TokenBuild Behavior [ RunTime:0.000388s ]
[ 2013-12-20T11:17:18+08:00 ] /zzadmin/admin.php/User/showuser?aa=show&role=4 | DEBUG: Run WriteHtmlCache Behavior [ RunTime:0.000248s ]
[ 2013-12-20T11:17:18+08:00 ] /zzadmin/admin.php/User/showuser?aa=show&role=4 | DEBUG: Run ShowRuntime Behavior [ RunTime:0.000437s ]
[ 2013-12-20T11:17:18+08:00 ] /zzadmin/admin.php/User/showuser?aa=show&role=4 | DEBUG: Tag[ view_filter ] --END-- [ RunTime:0.001670s ]
[ 2013-12-20T11:17:18+08:00 ] /zzadmin/admin.php/User/showuser?aa=show&role=4 | DEBUG: Tag[ view_end ] --START--
[ 2013-12-20T11:17:18+08:00 ] /zzadmin/admin.php/User/showuser?aa=show&role=4 | DEBUG: Run ShowPageTrace Behavior [ RunTime:0.000420s ]
[ 2013-12-20T11:17:18+08:00 ] /zzadmin/admin.php/User/showuser?aa=show&role=4 | DEBUG: Tag[ view_end ] --END-- [ RunTime:0.000484s ]
[ 2013-12-20T11:17:18+08:00 ] /zzadmin/admin.php/User/showuser?aa=show&role=4 | DEBUG: Tag[ route_check ] --START--
[ 2013-12-20T11:17:18+08:00 ] /zzadmin/admin.php/User/showuser?aa=show&role=4 | DEBUG: Run CheckRoute Behavior [ RunTime:0.001113s ]
[ 2013-12-20T11:17:18+08:00 ] /zzadmin/admin.php/User/showuser?aa=show&role=4 | DEBUG: Tag[ route_check ] --END-- [ RunTime:0.001257s ]
[ 2013-12-20T11:17:18+08:00 ] /zzadmin/admin.php/User/showuser?aa=show&role=4 | DEBUG: Tag[ app_begin ] --START--
[ 2013-12-20T11:17:18+08:00 ] /zzadmin/admin.php/User/showuser?aa=show&role=4 | DEBUG: Run ReadHtmlCache Behavior [ RunTime:0.001020s ]
[ 2013-12-20T11:17:18+08:00 ] /zzadmin/admin.php/User/showuser?aa=show&role=4 | DEBUG: Run CheckTemplate Behavior [ RunTime:0.000672s ]
[ 2013-12-20T11:17:18+08:00 ] /zzadmin/admin.php/User/showuser?aa=show&role=4 | DEBUG: Tag[ app_begin ] --END-- [ RunTime:0.001853s ]
[ 2013-12-20T11:17:18+08:00 ] /zzadmin/admin.php/User/showuser?aa=show&role=4 | SQL: SHOW COLUMNS FROM `zz_user` [ RunTime:0.005345s ]
[ 2013-12-20T11:17:18+08:00 ] /zzadmin/admin.php/User/showuser?aa=show&role=4 | SQL: SHOW COLUMNS FROM `zz_staff` [ RunTime:0.005292s ]
[ 2013-12-20T11:17:18+08:00 ] /zzadmin/admin.php/User/showuser?aa=show&role=4 | SQL: SHOW COLUMNS FROM `zz_job` [ RunTime:0.004957s ]
[ 2013-12-20T11:17:18+08:00 ] /zzadmin/admin.php/User/showuser?aa=show&role=4 | SQL: SHOW COLUMNS FROM `zz_major` [ RunTime:0.005151s ]
[ 2013-12-20T11:17:18+08:00 ] /zzadmin/admin.php/User/showuser?aa=show&role=4 | SQL: SHOW COLUMNS FROM `zz_title` [ RunTime:0.005218s ]
[ 2013-12-20T11:17:18+08:00 ] /zzadmin/admin.php/User/showuser?aa=show&role=4 | SQL: SHOW COLUMNS FROM `zz_role` [ RunTime:0.005262s ]
[ 2013-12-20T11:17:18+08:00 ] /zzadmin/admin.php/User/showuser?aa=show&role=4 | SQL: SHOW COLUMNS FROM `zz_college` [ RunTime:0.005534s ]
[ 2013-12-20T11:17:18+08:00 ] /zzadmin/admin.php/User/showuser?aa=show&role=4 | SQL: SELECT user.id AS id,user.staffid AS staffid,user.username AS username,user.role AS role,staff.no AS no,staff.name AS name,staff.sex AS sex,staff.birth AS birth,job.id AS jobid,job.jobname AS jobname,major.id AS majorid,major.majorname AS majorname,title.id AS titleid,title.titlename AS titlename,role.id AS roleid,role.rolename AS rolename,college.id AS collegeid,college.collegename AS collegename FROM zz_user user  JOIN zz_staff staff ON staff.id=user.staffid  JOIN zz_job job ON staff.job=job.id  JOIN zz_major major ON staff.major=major.id  JOIN zz_title title ON staff.title=title.id  JOIN zz_role role ON user.role=role.id  JOIN zz_college college ON staff.college=college.id WHERE role=4  [ RunTime:0.000726s ]
[ 2013-12-20T11:17:18+08:00 ] /zzadmin/admin.php/User/showuser?aa=show&role=4 | SQL: SHOW COLUMNS FROM `zz_conf` [ RunTime:0.005268s ]
[ 2013-12-20T11:17:18+08:00 ] /zzadmin/admin.php/User/showuser?aa=show&role=4 | SQL: SELECT * FROM `zz_conf` WHERE conf_name='PAGECOUNT' LIMIT 1   [ RunTime:0.000330s ]
[ 2013-12-20T11:17:18+08:00 ] /zzadmin/admin.php/User/showuser?aa=show&role=4 | SQL: SELECT * FROM `zz_conf` WHERE conf_name='SUB_SIZE' LIMIT 1   [ RunTime:0.000190s ]
[ 2013-12-20T11:17:18+08:00 ] /zzadmin/admin.php/User/showuser?aa=show&role=4 | SQL: SELECT user.id AS id,user.username AS username,staff.no AS no,staff.name AS name,title.titlename AS titlename,role.rolename AS rolename,college.collegename AS collegename FROM zz_user user  JOIN zz_staff staff ON staff.id=user.staffid  JOIN zz_job job ON staff.job=job.id  JOIN zz_major major ON staff.major=major.id  JOIN zz_title title ON staff.title=title.id  JOIN zz_role role ON user.role=role.id  JOIN zz_college college ON staff.college=college.id WHERE role=4 ORDER BY user.id desc LIMIT 0,10   [ RunTime:0.000622s ]
[ 2013-12-20T11:17:18+08:00 ] /zzadmin/admin.php/User/showuser?aa=show&role=4 | NOTIC: [8] Undefined index: self1 BaseAction.class.php 第 280 行.
[ 2013-12-20T11:17:18+08:00 ] /zzadmin/admin.php/User/showuser?aa=show&role=4 | NOTIC: [8] Undefined index: self2 BaseAction.class.php 第 291 行.
[ 2013-12-20T11:17:18+08:00 ] /zzadmin/admin.php/User/showuser?aa=show&role=4 | NOTIC: [8] Undefined index: self3 BaseAction.class.php 第 302 行.
[ 2013-12-20T11:17:18+08:00 ] /zzadmin/admin.php/User/showuser?aa=show&role=4 | NOTIC: [8] Undefined index: loanreturn BaseAction.class.php 第 313 行.
[ 2013-12-20T11:17:18+08:00 ] /zzadmin/admin.php/User/showuser?aa=show&role=4 | NOTIC: [8] Undefined index: lookgrade BaseAction.class.php 第 319 行.
[ 2013-12-20T11:17:18+08:00 ] /zzadmin/admin.php/User/showuser?aa=show&role=4 | NOTIC: [8] Undefined index: addgrade BaseAction.class.php 第 326 行.
[ 2013-12-20T11:17:18+08:00 ] /zzadmin/admin.php/User/showuser?aa=show&role=4 | NOTIC: [8] Undefined index: add BaseAction.class.php 第 333 行.
[ 2013-12-20T11:17:18+08:00 ] /zzadmin/admin.php/User/showuser?aa=show&role=4 | NOTIC: [8] Undefined index: return BaseAction.class.php 第 339 行.
[ 2013-12-20T11:17:18+08:00 ] /zzadmin/admin.php/User/showuser?aa=show&role=4 | NOTIC: [8] Undefined index: dl BaseAction.class.php 第 346 行.
[ 2013-12-20T11:17:18+08:00 ] /zzadmin/admin.php/User/showuser?aa=show&role=4 | NOTIC: [8] Undefined index: look BaseAction.class.php 第 352 行.
[ 2013-12-20T11:17:18+08:00 ] /zzadmin/admin.php/User/showuser?aa=show&role=4 | NOTIC: [8] Undefined index: ok BaseAction.class.php 第 367 行.
[ 2013-12-20T11:17:18+08:00 ] /zzadmin/admin.php/User/showuser?aa=show&role=4 | DEBUG: Tag[ view_template ] --START--
[ 2013-12-20T11:17:18+08:00 ] /zzadmin/admin.php/User/showuser?aa=show&role=4 | DEBUG: Run LocationTemplate Behavior [ RunTime:0.000732s ]
[ 2013-12-20T11:17:18+08:00 ] /zzadmin/admin.php/User/showuser?aa=show&role=4 | DEBUG: Tag[ view_template ] --END-- [ RunTime:0.000791s ]
[ 2013-12-20T11:17:18+08:00 ] /zzadmin/admin.php/User/showuser?aa=show&role=4 | DEBUG: Tag[ view_parse ] --START--
[ 2013-12-20T11:17:18+08:00 ] /zzadmin/admin.php/User/showuser?aa=show&role=4 | NOTIC: [8] Undefined variable: classid c82986329629546325e352c3e6b1524a.php 第 539 行.
[ 2013-12-20T11:17:18+08:00 ] /zzadmin/admin.php/User/showuser?aa=show&role=4 | NOTIC: [8] Undefined variable: classtype c82986329629546325e352c3e6b1524a.php 第 546 行.
[ 2013-12-20T11:17:18+08:00 ] /zzadmin/admin.php/User/showuser?aa=show&role=4 | NOTIC: [8] Undefined variable: notify_report c82986329629546325e352c3e6b1524a.php 第 593 行.
[ 2013-12-20T11:17:18+08:00 ] /zzadmin/admin.php/User/showuser?aa=show&role=4 | NOTIC: [8] Undefined variable: notify_report_teacher c82986329629546325e352c3e6b1524a.php 第 594 行.
[ 2013-12-20T11:17:18+08:00 ] /zzadmin/admin.php/User/showuser?aa=show&role=4 | NOTIC: [8] Undefined variable: select c82986329629546325e352c3e6b1524a.php 第 601 行.
[ 2013-12-20T11:17:18+08:00 ] /zzadmin/admin.php/User/showuser?aa=show&role=4 | NOTIC: [8] Undefined variable: otherform c82986329629546325e352c3e6b1524a.php 第 601 行.
[ 2013-12-20T11:17:18+08:00 ] /zzadmin/admin.php/User/showuser?aa=show&role=4 | NOTIC: [8] Undefined variable: search c82986329629546325e352c3e6b1524a.php 第 602 行.
[ 2013-12-20T11:17:18+08:00 ] /zzadmin/admin.php/User/showuser?aa=show&role=4 | NOTIC: [8] Undefined variable: type c82986329629546325e352c3e6b1524a.php 第 602 行.
[ 2013-12-20T11:17:18+08:00 ] /zzadmin/admin.php/User/showuser?aa=show&role=4 | NOTIC: [8] Undefined variable: notify_report c82986329629546325e352c3e6b1524a.php 第 641 行.
[ 2013-12-20T11:17:18+08:00 ] /zzadmin/admin.php/User/showuser?aa=show&role=4 | NOTIC: [8] Undefined variable: notify_report_teacher c82986329629546325e352c3e6b1524a.php 第 642 行.
[ 2013-12-20T11:17:18+08:00 ] /zzadmin/admin.php/User/showuser?aa=show&role=4 | DEBUG: Run ParseTemplate Behavior [ RunTime:0.001615s ]
[ 2013-12-20T11:17:18+08:00 ] /zzadmin/admin.php/User/showuser?aa=show&role=4 | DEBUG: Tag[ view_parse ] --END-- [ RunTime:0.001664s ]
[ 2013-12-20T11:17:18+08:00 ] /zzadmin/admin.php/User/showuser?aa=show&role=4 | DEBUG: Tag[ view_filter ] --START--
[ 2013-12-20T11:17:18+08:00 ] /zzadmin/admin.php/User/showuser?aa=show&role=4 | DEBUG: Run ContentReplace Behavior [ RunTime:0.000453s ]
[ 2013-12-20T11:17:18+08:00 ] /zzadmin/admin.php/User/showuser?aa=show&role=4 | DEBUG: Run TokenBuild Behavior [ RunTime:0.000385s ]
[ 2013-12-20T11:17:18+08:00 ] /zzadmin/admin.php/User/showuser?aa=show&role=4 | DEBUG: Run WriteHtmlCache Behavior [ RunTime:0.000247s ]
[ 2013-12-20T11:17:18+08:00 ] /zzadmin/admin.php/User/showuser?aa=show&role=4 | DEBUG: Run ShowRuntime Behavior [ RunTime:0.000436s ]
[ 2013-12-20T11:17:18+08:00 ] /zzadmin/admin.php/User/showuser?aa=show&role=4 | DEBUG: Tag[ view_filter ] --END-- [ RunTime:0.001665s ]
[ 2013-12-20T11:17:18+08:00 ] /zzadmin/admin.php/User/showuser?aa=show&role=4 | DEBUG: Tag[ view_end ] --START--
[ 2013-12-20T11:17:18+08:00 ] /zzadmin/admin.php/User/showuser?aa=show&role=4 | DEBUG: Run ShowPageTrace Behavior [ RunTime:0.000557s ]
[ 2013-12-20T11:17:18+08:00 ] /zzadmin/admin.php/User/showuser?aa=show&role=4 | DEBUG: Tag[ view_end ] --END-- [ RunTime:0.000630s ]
