[ 2014-02-21T21:11:47+08:00 ] /zzadmin/admin.php/Index/adminlogin | DEBUG: Tag[ route_check ] --START--
[ 2014-02-21T21:11:47+08:00 ] /zzadmin/admin.php/Index/adminlogin | DEBUG: Run CheckRoute Behavior [ RunTime:0.003682s ]
[ 2014-02-21T21:11:47+08:00 ] /zzadmin/admin.php/Index/adminlogin | DEBUG: Tag[ route_check ] --END-- [ RunTime:0.003878s ]
[ 2014-02-21T21:11:47+08:00 ] /zzadmin/admin.php/Index/adminlogin | DEBUG: Tag[ app_begin ] --START--
[ 2014-02-21T21:11:47+08:00 ] /zzadmin/admin.php/Index/adminlogin | DEBUG: Run ReadHtmlCache Behavior [ RunTime:0.001775s ]
[ 2014-02-21T21:11:47+08:00 ] /zzadmin/admin.php/Index/adminlogin | DEBUG: Run CheckTemplate Behavior [ RunTime:0.001742s ]
[ 2014-02-21T21:11:47+08:00 ] /zzadmin/admin.php/Index/adminlogin | DEBUG: Tag[ app_begin ] --END-- [ RunTime:0.003702s ]
[ 2014-02-21T21:11:47+08:00 ] /zzadmin/admin.php/Index/adminlogin | NOTIC: [8] A session had already been started - ignoring session_start() functions.php 第 407 行.
[ 2014-02-21T21:11:47+08:00 ] /zzadmin/admin.php/Index/adminlogin | DEBUG: Tag[ view_template ] --START--
[ 2014-02-21T21:11:47+08:00 ] /zzadmin/admin.php/Index/adminlogin | DEBUG: Run LocationTemplate Behavior [ RunTime:0.012888s ]
[ 2014-02-21T21:11:47+08:00 ] /zzadmin/admin.php/Index/adminlogin | DEBUG: Tag[ view_template ] --END-- [ RunTime:0.013082s ]
[ 2014-02-21T21:11:47+08:00 ] /zzadmin/admin.php/Index/adminlogin | DEBUG: Tag[ view_parse ] --START--
[ 2014-02-21T21:11:47+08:00 ] /zzadmin/admin.php/Index/adminlogin | DEBUG: Run ParseTemplate Behavior [ RunTime:0.020459s ]
[ 2014-02-21T21:11:47+08:00 ] /zzadmin/admin.php/Index/adminlogin | DEBUG: Tag[ view_parse ] --END-- [ RunTime:0.020634s ]
[ 2014-02-21T21:11:47+08:00 ] /zzadmin/admin.php/Index/adminlogin | DEBUG: Tag[ view_filter ] --START--
[ 2014-02-21T21:11:47+08:00 ] /zzadmin/admin.php/Index/adminlogin | DEBUG: Run ContentReplace Behavior [ RunTime:0.001800s ]
[ 2014-02-21T21:11:47+08:00 ] /zzadmin/admin.php/Index/adminlogin | DEBUG: Run TokenBuild Behavior [ RunTime:0.001736s ]
[ 2014-02-21T21:11:47+08:00 ] /zzadmin/admin.php/Index/adminlogin | DEBUG: Run WriteHtmlCache Behavior [ RunTime:0.001804s ]
[ 2014-02-21T21:11:47+08:00 ] /zzadmin/admin.php/Index/adminlogin | DEBUG: Run ShowRuntime Behavior [ RunTime:0.001184s ]
[ 2014-02-21T21:11:47+08:00 ] /zzadmin/admin.php/Index/adminlogin | DEBUG: Tag[ view_filter ] --END-- [ RunTime:0.006824s ]
[ 2014-02-21T21:11:47+08:00 ] /zzadmin/admin.php/Index/adminlogin | DEBUG: Tag[ view_end ] --START--
[ 2014-02-21T21:11:47+08:00 ] /zzadmin/admin.php/Index/adminlogin | DEBUG: Run ShowPageTrace Behavior [ RunTime:0.001159s ]
[ 2014-02-21T21:11:47+08:00 ] /zzadmin/admin.php/Index/adminlogin | DEBUG: Tag[ view_end ] --END-- [ RunTime:0.001237s ]
[ 2014-02-21T21:11:53+08:00 ] /zzadmin/admin.php/Index/login | DEBUG: Tag[ route_check ] --START--
[ 2014-02-21T21:11:53+08:00 ] /zzadmin/admin.php/Index/login | DEBUG: Run CheckRoute Behavior [ RunTime:0.000959s ]
[ 2014-02-21T21:11:53+08:00 ] /zzadmin/admin.php/Index/login | DEBUG: Tag[ route_check ] --END-- [ RunTime:0.001048s ]
[ 2014-02-21T21:11:53+08:00 ] /zzadmin/admin.php/Index/login | DEBUG: Tag[ app_begin ] --START--
[ 2014-02-21T21:11:53+08:00 ] /zzadmin/admin.php/Index/login | DEBUG: Run ReadHtmlCache Behavior [ RunTime:0.000570s ]
[ 2014-02-21T21:11:53+08:00 ] /zzadmin/admin.php/Index/login | DEBUG: Run CheckTemplate Behavior [ RunTime:0.000497s ]
[ 2014-02-21T21:11:53+08:00 ] /zzadmin/admin.php/Index/login | DEBUG: Tag[ app_begin ] --END-- [ RunTime:0.001150s ]
[ 2014-02-21T21:11:53+08:00 ] /zzadmin/admin.php/Index/login | NOTIC: [8] A session had already been started - ignoring session_start() functions.php 第 407 行.
[ 2014-02-21T21:11:53+08:00 ] /zzadmin/admin.php/Index/login | SQL: SHOW COLUMNS FROM `zz_user` [ RunTime:0.088517s ]
[ 2014-02-21T21:11:54+08:00 ] /zzadmin/admin.php/Index/login | SQL: SHOW COLUMNS FROM `zz_stu` [ RunTime:0.049843s ]
[ 2014-02-21T21:11:54+08:00 ] /zzadmin/admin.php/Index/login | SQL: SELECT * FROM `zz_user` WHERE username='admin' LIMIT 1   [ RunTime:0.000567s ]
[ 2014-02-21T21:11:54+08:00 ] /zzadmin/admin.php/Index/login | DEBUG: Tag[ view_template ] --START--
[ 2014-02-21T21:11:54+08:00 ] /zzadmin/admin.php/Index/login | DEBUG: Run LocationTemplate Behavior [ RunTime:0.026825s ]
[ 2014-02-21T21:11:54+08:00 ] /zzadmin/admin.php/Index/login | DEBUG: Tag[ view_template ] --END-- [ RunTime:0.026947s ]
[ 2014-02-21T21:11:54+08:00 ] /zzadmin/admin.php/Index/login | DEBUG: Tag[ view_parse ] --START--
[ 2014-02-21T21:11:54+08:00 ] /zzadmin/admin.php/Index/login | DEBUG: Run ParseTemplate Behavior [ RunTime:0.042063s ]
[ 2014-02-21T21:11:54+08:00 ] /zzadmin/admin.php/Index/login | DEBUG: Tag[ view_parse ] --END-- [ RunTime:0.042192s ]
[ 2014-02-21T21:11:54+08:00 ] /zzadmin/admin.php/Index/login | DEBUG: Tag[ view_filter ] --START--
[ 2014-02-21T21:11:54+08:00 ] /zzadmin/admin.php/Index/login | DEBUG: Run ContentReplace Behavior [ RunTime:0.000778s ]
[ 2014-02-21T21:11:54+08:00 ] /zzadmin/admin.php/Index/login | DEBUG: Run TokenBuild Behavior [ RunTime:0.000628s ]
[ 2014-02-21T21:11:54+08:00 ] /zzadmin/admin.php/Index/login | DEBUG: Run WriteHtmlCache Behavior [ RunTime:0.000473s ]
[ 2014-02-21T21:11:54+08:00 ] /zzadmin/admin.php/Index/login | DEBUG: Run ShowRuntime Behavior [ RunTime:0.000688s ]
[ 2014-02-21T21:11:54+08:00 ] /zzadmin/admin.php/Index/login | DEBUG: Tag[ view_filter ] --END-- [ RunTime:0.002763s ]
[ 2014-02-21T21:11:54+08:00 ] /zzadmin/admin.php/Index/login | DEBUG: Tag[ view_end ] --START--
[ 2014-02-21T21:11:54+08:00 ] /zzadmin/admin.php/Index/login | DEBUG: Run ShowPageTrace Behavior [ RunTime:0.000663s ]
[ 2014-02-21T21:11:54+08:00 ] /zzadmin/admin.php/Index/login | DEBUG: Tag[ view_end ] --END-- [ RunTime:0.000731s ]
[ 2014-02-21T21:11:55+08:00 ] /zzadmin/admin.php/Index/index | DEBUG: Tag[ route_check ] --START--
[ 2014-02-21T21:11:55+08:00 ] /zzadmin/admin.php/Index/index | DEBUG: Run CheckRoute Behavior [ RunTime:0.000735s ]
[ 2014-02-21T21:11:55+08:00 ] /zzadmin/admin.php/Index/index | DEBUG: Tag[ route_check ] --END-- [ RunTime:0.000833s ]
[ 2014-02-21T21:11:55+08:00 ] /zzadmin/admin.php/Index/index | DEBUG: Tag[ app_begin ] --START--
[ 2014-02-21T21:11:55+08:00 ] /zzadmin/admin.php/Index/index | DEBUG: Run ReadHtmlCache Behavior [ RunTime:0.000514s ]
[ 2014-02-21T21:11:55+08:00 ] /zzadmin/admin.php/Index/index | DEBUG: Run CheckTemplate Behavior [ RunTime:0.000427s ]
[ 2014-02-21T21:11:55+08:00 ] /zzadmin/admin.php/Index/index | DEBUG: Tag[ app_begin ] --END-- [ RunTime:0.001038s ]
[ 2014-02-21T21:11:55+08:00 ] /zzadmin/admin.php/Index/index | NOTIC: [8] A session had already been started - ignoring session_start() functions.php 第 407 行.
[ 2014-02-21T21:11:55+08:00 ] /zzadmin/admin.php/Index/index | SQL: SHOW COLUMNS FROM `zz_conf` [ RunTime:0.035875s ]
[ 2014-02-21T21:11:55+08:00 ] /zzadmin/admin.php/Index/index | SQL: SELECT * FROM `zz_conf` WHERE conf_name='THEME' LIMIT 1   [ RunTime:0.000408s ]
[ 2014-02-21T21:11:55+08:00 ] /zzadmin/admin.php/Index/index | SQL: SELECT * FROM `zz_conf` WHERE conf_name='THEME' LIMIT 1   [ RunTime:0.000949s ]
[ 2014-02-21T21:11:55+08:00 ] /zzadmin/admin.php/Index/index | SQL: SHOW COLUMNS FROM `zz_notice` [ RunTime:0.034375s ]
[ 2014-02-21T21:11:55+08:00 ] /zzadmin/admin.php/Index/index | SQL: SELECT * FROM `zz_notice` ORDER BY id desc LIMIT 10   [ RunTime:0.000533s ]
[ 2014-02-21T21:11:55+08:00 ] /zzadmin/admin.php/Index/index | DEBUG: Tag[ view_template ] --START--
[ 2014-02-21T21:11:55+08:00 ] /zzadmin/admin.php/Index/index | DEBUG: Run LocationTemplate Behavior [ RunTime:0.000753s ]
[ 2014-02-21T21:11:55+08:00 ] /zzadmin/admin.php/Index/index | DEBUG: Tag[ view_template ] --END-- [ RunTime:0.000824s ]
[ 2014-02-21T21:11:55+08:00 ] /zzadmin/admin.php/Index/index | DEBUG: Tag[ view_parse ] --START--
[ 2014-02-21T21:11:55+08:00 ] /zzadmin/admin.php/Index/index | NOTIC: [8] Undefined variable: username 4c18d5952d0dbf1eedb8a1ec796fa788.php 第 22 行.
[ 2014-02-21T21:11:55+08:00 ] /zzadmin/admin.php/Index/index | NOTIC: [8] Undefined variable: lasttime 4c18d5952d0dbf1eedb8a1ec796fa788.php 第 22 行.
[ 2014-02-21T21:11:55+08:00 ] /zzadmin/admin.php/Index/index | NOTIC: [8] Undefined variable: count 4c18d5952d0dbf1eedb8a1ec796fa788.php 第 22 行.
[ 2014-02-21T21:11:55+08:00 ] /zzadmin/admin.php/Index/index | NOTIC: [8] Undefined variable: flag 4c18d5952d0dbf1eedb8a1ec796fa788.php 第 22 行.
[ 2014-02-21T21:11:55+08:00 ] /zzadmin/admin.php/Index/index | DEBUG: Run ParseTemplate Behavior [ RunTime:0.021043s ]
[ 2014-02-21T21:11:55+08:00 ] /zzadmin/admin.php/Index/index | DEBUG: Tag[ view_parse ] --END-- [ RunTime:0.021121s ]
[ 2014-02-21T21:11:55+08:00 ] /zzadmin/admin.php/Index/index | DEBUG: Tag[ view_filter ] --START--
[ 2014-02-21T21:11:55+08:00 ] /zzadmin/admin.php/Index/index | DEBUG: Run ContentReplace Behavior [ RunTime:0.000709s ]
[ 2014-02-21T21:11:55+08:00 ] /zzadmin/admin.php/Index/index | DEBUG: Run TokenBuild Behavior [ RunTime:0.001216s ]
[ 2014-02-21T21:11:55+08:00 ] /zzadmin/admin.php/Index/index | DEBUG: Run WriteHtmlCache Behavior [ RunTime:0.000473s ]
[ 2014-02-21T21:11:55+08:00 ] /zzadmin/admin.php/Index/index | DEBUG: Run ShowRuntime Behavior [ RunTime:0.000550s ]
[ 2014-02-21T21:11:55+08:00 ] /zzadmin/admin.php/Index/index | DEBUG: Tag[ view_filter ] --END-- [ RunTime:0.003189s ]
[ 2014-02-21T21:11:55+08:00 ] /zzadmin/admin.php/Index/index | DEBUG: Tag[ view_end ] --START--
[ 2014-02-21T21:11:55+08:00 ] /zzadmin/admin.php/Index/index | DEBUG: Run ShowPageTrace Behavior [ RunTime:0.000683s ]
[ 2014-02-21T21:11:55+08:00 ] /zzadmin/admin.php/Index/index | DEBUG: Tag[ view_end ] --END-- [ RunTime:0.000786s ]
[ 2014-02-21T21:11:59+08:00 ] /zzadmin/admin.php/Index/loginout | DEBUG: Tag[ route_check ] --START--
[ 2014-02-21T21:11:59+08:00 ] /zzadmin/admin.php/Index/loginout | DEBUG: Run CheckRoute Behavior [ RunTime:0.001611s ]
[ 2014-02-21T21:11:59+08:00 ] /zzadmin/admin.php/Index/loginout | DEBUG: Tag[ route_check ] --END-- [ RunTime:0.001732s ]
[ 2014-02-21T21:11:59+08:00 ] /zzadmin/admin.php/Index/loginout | DEBUG: Tag[ app_begin ] --START--
[ 2014-02-21T21:11:59+08:00 ] /zzadmin/admin.php/Index/loginout | DEBUG: Run ReadHtmlCache Behavior [ RunTime:0.001022s ]
[ 2014-02-21T21:11:59+08:00 ] /zzadmin/admin.php/Index/loginout | DEBUG: Run CheckTemplate Behavior [ RunTime:0.000580s ]
[ 2014-02-21T21:11:59+08:00 ] /zzadmin/admin.php/Index/loginout | DEBUG: Tag[ app_begin ] --END-- [ RunTime:0.002245s ]
[ 2014-02-21T21:11:59+08:00 ] /zzadmin/admin.php/Index/loginout | NOTIC: [8] A session had already been started - ignoring session_start() functions.php 第 407 行.
[ 2014-02-21T21:11:59+08:00 ] /zzadmin/admin.php/Index/adminlogin | DEBUG: Tag[ route_check ] --START--
[ 2014-02-21T21:11:59+08:00 ] /zzadmin/admin.php/Index/adminlogin | DEBUG: Run CheckRoute Behavior [ RunTime:0.000907s ]
[ 2014-02-21T21:11:59+08:00 ] /zzadmin/admin.php/Index/adminlogin | DEBUG: Tag[ route_check ] --END-- [ RunTime:0.001013s ]
[ 2014-02-21T21:11:59+08:00 ] /zzadmin/admin.php/Index/adminlogin | DEBUG: Tag[ app_begin ] --START--
[ 2014-02-21T21:11:59+08:00 ] /zzadmin/admin.php/Index/adminlogin | DEBUG: Run ReadHtmlCache Behavior [ RunTime:0.000773s ]
[ 2014-02-21T21:11:59+08:00 ] /zzadmin/admin.php/Index/adminlogin | DEBUG: Run CheckTemplate Behavior [ RunTime:0.000634s ]
[ 2014-02-21T21:11:59+08:00 ] /zzadmin/admin.php/Index/adminlogin | DEBUG: Tag[ app_begin ] --END-- [ RunTime:0.001558s ]
[ 2014-02-21T21:11:59+08:00 ] /zzadmin/admin.php/Index/adminlogin | NOTIC: [8] A session had already been started - ignoring session_start() functions.php 第 407 行.
[ 2014-02-21T21:11:59+08:00 ] /zzadmin/admin.php/Index/adminlogin | DEBUG: Tag[ view_template ] --START--
[ 2014-02-21T21:11:59+08:00 ] /zzadmin/admin.php/Index/adminlogin | DEBUG: Run LocationTemplate Behavior [ RunTime:0.000713s ]
[ 2014-02-21T21:11:59+08:00 ] /zzadmin/admin.php/Index/adminlogin | DEBUG: Tag[ view_template ] --END-- [ RunTime:0.000836s ]
[ 2014-02-21T21:11:59+08:00 ] /zzadmin/admin.php/Index/adminlogin | DEBUG: Tag[ view_parse ] --START--
[ 2014-02-21T21:11:59+08:00 ] /zzadmin/admin.php/Index/adminlogin | DEBUG: Run ParseTemplate Behavior [ RunTime:0.001417s ]
[ 2014-02-21T21:11:59+08:00 ] /zzadmin/admin.php/Index/adminlogin | DEBUG: Tag[ view_parse ] --END-- [ RunTime:0.001527s ]
[ 2014-02-21T21:11:59+08:00 ] /zzadmin/admin.php/Index/adminlogin | DEBUG: Tag[ view_filter ] --START--
[ 2014-02-21T21:11:59+08:00 ] /zzadmin/admin.php/Index/adminlogin | DEBUG: Run ContentReplace Behavior [ RunTime:0.000558s ]
[ 2014-02-21T21:11:59+08:00 ] /zzadmin/admin.php/Index/adminlogin | DEBUG: Run TokenBuild Behavior [ RunTime:0.000590s ]
[ 2014-02-21T21:11:59+08:00 ] /zzadmin/admin.php/Index/adminlogin | DEBUG: Run WriteHtmlCache Behavior [ RunTime:0.000399s ]
[ 2014-02-21T21:11:59+08:00 ] /zzadmin/admin.php/Index/adminlogin | DEBUG: Run ShowRuntime Behavior [ RunTime:0.000738s ]
[ 2014-02-21T21:11:59+08:00 ] /zzadmin/admin.php/Index/adminlogin | DEBUG: Tag[ view_filter ] --END-- [ RunTime:0.002553s ]
[ 2014-02-21T21:11:59+08:00 ] /zzadmin/admin.php/Index/adminlogin | DEBUG: Tag[ view_end ] --START--
[ 2014-02-21T21:11:59+08:00 ] /zzadmin/admin.php/Index/adminlogin | DEBUG: Run ShowPageTrace Behavior [ RunTime:0.000399s ]
[ 2014-02-21T21:11:59+08:00 ] /zzadmin/admin.php/Index/adminlogin | DEBUG: Tag[ view_end ] --END-- [ RunTime:0.000454s ]
[ 2014-02-21T21:12:04+08:00 ] /zzadmin/admin.php/Index/login | DEBUG: Tag[ route_check ] --START--
[ 2014-02-21T21:12:04+08:00 ] /zzadmin/admin.php/Index/login | DEBUG: Run CheckRoute Behavior [ RunTime:0.000654s ]
[ 2014-02-21T21:12:04+08:00 ] /zzadmin/admin.php/Index/login | DEBUG: Tag[ route_check ] --END-- [ RunTime:0.000746s ]
[ 2014-02-21T21:12:04+08:00 ] /zzadmin/admin.php/Index/login | DEBUG: Tag[ app_begin ] --START--
[ 2014-02-21T21:12:04+08:00 ] /zzadmin/admin.php/Index/login | DEBUG: Run ReadHtmlCache Behavior [ RunTime:0.000651s ]
[ 2014-02-21T21:12:04+08:00 ] /zzadmin/admin.php/Index/login | DEBUG: Run CheckTemplate Behavior [ RunTime:0.000406s ]
[ 2014-02-21T21:12:04+08:00 ] /zzadmin/admin.php/Index/login | DEBUG: Tag[ app_begin ] --END-- [ RunTime:0.001155s ]
[ 2014-02-21T21:12:04+08:00 ] /zzadmin/admin.php/Index/login | NOTIC: [8] A session had already been started - ignoring session_start() functions.php 第 407 行.
[ 2014-02-21T21:12:04+08:00 ] /zzadmin/admin.php/Index/login | SQL: SHOW COLUMNS FROM `zz_user` [ RunTime:0.005706s ]
[ 2014-02-21T21:12:04+08:00 ] /zzadmin/admin.php/Index/login | SQL: SHOW COLUMNS FROM `zz_stu` [ RunTime:0.004340s ]
[ 2014-02-21T21:12:04+08:00 ] /zzadmin/admin.php/Index/login | SQL: SELECT * FROM `zz_user` WHERE username='pan' LIMIT 1   [ RunTime:0.000358s ]
[ 2014-02-21T21:12:04+08:00 ] /zzadmin/admin.php/Index/login | DEBUG: Tag[ view_template ] --START--
[ 2014-02-21T21:12:04+08:00 ] /zzadmin/admin.php/Index/login | DEBUG: Run LocationTemplate Behavior [ RunTime:0.000905s ]
[ 2014-02-21T21:12:04+08:00 ] /zzadmin/admin.php/Index/login | DEBUG: Tag[ view_template ] --END-- [ RunTime:0.000970s ]
[ 2014-02-21T21:12:04+08:00 ] /zzadmin/admin.php/Index/login | DEBUG: Tag[ view_parse ] --START--
[ 2014-02-21T21:12:04+08:00 ] /zzadmin/admin.php/Index/login | DEBUG: Run ParseTemplate Behavior [ RunTime:0.000976s ]
[ 2014-02-21T21:12:04+08:00 ] /zzadmin/admin.php/Index/login | DEBUG: Tag[ view_parse ] --END-- [ RunTime:0.001039s ]
[ 2014-02-21T21:12:04+08:00 ] /zzadmin/admin.php/Index/login | DEBUG: Tag[ view_filter ] --START--
[ 2014-02-21T21:12:04+08:00 ] /zzadmin/admin.php/Index/login | DEBUG: Run ContentReplace Behavior [ RunTime:0.000458s ]
[ 2014-02-21T21:12:04+08:00 ] /zzadmin/admin.php/Index/login | DEBUG: Run TokenBuild Behavior [ RunTime:0.000477s ]
[ 2014-02-21T21:12:04+08:00 ] /zzadmin/admin.php/Index/login | DEBUG: Run WriteHtmlCache Behavior [ RunTime:0.000369s ]
[ 2014-02-21T21:12:04+08:00 ] /zzadmin/admin.php/Index/login | DEBUG: Run ShowRuntime Behavior [ RunTime:0.000530s ]
[ 2014-02-21T21:12:04+08:00 ] /zzadmin/admin.php/Index/login | DEBUG: Tag[ view_filter ] --END-- [ RunTime:0.001991s ]
[ 2014-02-21T21:12:04+08:00 ] /zzadmin/admin.php/Index/login | DEBUG: Tag[ view_end ] --START--
[ 2014-02-21T21:12:04+08:00 ] /zzadmin/admin.php/Index/login | DEBUG: Run ShowPageTrace Behavior [ RunTime:0.000519s ]
[ 2014-02-21T21:12:04+08:00 ] /zzadmin/admin.php/Index/login | DEBUG: Tag[ view_end ] --END-- [ RunTime:0.000574s ]
[ 2014-02-21T21:12:05+08:00 ] /zzadmin/admin.php/Index/index | DEBUG: Tag[ route_check ] --START--
[ 2014-02-21T21:12:05+08:00 ] /zzadmin/admin.php/Index/index | DEBUG: Run CheckRoute Behavior [ RunTime:0.000640s ]
[ 2014-02-21T21:12:05+08:00 ] /zzadmin/admin.php/Index/index | DEBUG: Tag[ route_check ] --END-- [ RunTime:0.000727s ]
[ 2014-02-21T21:12:05+08:00 ] /zzadmin/admin.php/Index/index | DEBUG: Tag[ app_begin ] --START--
[ 2014-02-21T21:12:05+08:00 ] /zzadmin/admin.php/Index/index | DEBUG: Run ReadHtmlCache Behavior [ RunTime:0.000455s ]
[ 2014-02-21T21:12:05+08:00 ] /zzadmin/admin.php/Index/index | DEBUG: Run CheckTemplate Behavior [ RunTime:0.000376s ]
[ 2014-02-21T21:12:05+08:00 ] /zzadmin/admin.php/Index/index | DEBUG: Tag[ app_begin ] --END-- [ RunTime:0.000921s ]
[ 2014-02-21T21:12:05+08:00 ] /zzadmin/admin.php/Index/index | NOTIC: [8] A session had already been started - ignoring session_start() functions.php 第 407 行.
[ 2014-02-21T21:12:05+08:00 ] /zzadmin/admin.php/Index/index | SQL: SHOW COLUMNS FROM `zz_conf` [ RunTime:0.004865s ]
[ 2014-02-21T21:12:05+08:00 ] /zzadmin/admin.php/Index/index | SQL: SELECT * FROM `zz_conf` WHERE conf_name='THEME' LIMIT 1   [ RunTime:0.000387s ]
[ 2014-02-21T21:12:05+08:00 ] /zzadmin/admin.php/Index/index | SQL: SELECT * FROM `zz_conf` WHERE conf_name='THEME' LIMIT 1   [ RunTime:0.000278s ]
[ 2014-02-21T21:12:05+08:00 ] /zzadmin/admin.php/Index/index | SQL: SHOW COLUMNS FROM `zz_notice` [ RunTime:0.004247s ]
[ 2014-02-21T21:12:05+08:00 ] /zzadmin/admin.php/Index/index | SQL: SELECT * FROM `zz_notice` ORDER BY id desc LIMIT 10   [ RunTime:0.000349s ]
[ 2014-02-21T21:12:05+08:00 ] /zzadmin/admin.php/Index/index | DEBUG: Tag[ view_template ] --START--
[ 2014-02-21T21:12:05+08:00 ] /zzadmin/admin.php/Index/index | DEBUG: Run LocationTemplate Behavior [ RunTime:0.000829s ]
[ 2014-02-21T21:12:05+08:00 ] /zzadmin/admin.php/Index/index | DEBUG: Tag[ view_template ] --END-- [ RunTime:0.000891s ]
[ 2014-02-21T21:12:05+08:00 ] /zzadmin/admin.php/Index/index | DEBUG: Tag[ view_parse ] --START--
[ 2014-02-21T21:12:05+08:00 ] /zzadmin/admin.php/Index/index | NOTIC: [8] Undefined variable: username 4c18d5952d0dbf1eedb8a1ec796fa788.php 第 22 行.
[ 2014-02-21T21:12:05+08:00 ] /zzadmin/admin.php/Index/index | NOTIC: [8] Undefined variable: lasttime 4c18d5952d0dbf1eedb8a1ec796fa788.php 第 22 行.
[ 2014-02-21T21:12:05+08:00 ] /zzadmin/admin.php/Index/index | NOTIC: [8] Undefined variable: count 4c18d5952d0dbf1eedb8a1ec796fa788.php 第 22 行.
[ 2014-02-21T21:12:05+08:00 ] /zzadmin/admin.php/Index/index | NOTIC: [8] Undefined variable: flag 4c18d5952d0dbf1eedb8a1ec796fa788.php 第 22 行.
[ 2014-02-21T21:12:05+08:00 ] /zzadmin/admin.php/Index/index | DEBUG: Run ParseTemplate Behavior [ RunTime:0.001072s ]
[ 2014-02-21T21:12:05+08:00 ] /zzadmin/admin.php/Index/index | DEBUG: Tag[ view_parse ] --END-- [ RunTime:0.001127s ]
[ 2014-02-21T21:12:05+08:00 ] /zzadmin/admin.php/Index/index | DEBUG: Tag[ view_filter ] --START--
[ 2014-02-21T21:12:05+08:00 ] /zzadmin/admin.php/Index/index | DEBUG: Run ContentReplace Behavior [ RunTime:0.000434s ]
[ 2014-02-21T21:12:05+08:00 ] /zzadmin/admin.php/Index/index | DEBUG: Run TokenBuild Behavior [ RunTime:0.000388s ]
[ 2014-02-21T21:12:05+08:00 ] /zzadmin/admin.php/Index/index | DEBUG: Run WriteHtmlCache Behavior [ RunTime:0.000253s ]
[ 2014-02-21T21:12:05+08:00 ] /zzadmin/admin.php/Index/index | DEBUG: Run ShowRuntime Behavior [ RunTime:0.000430s ]
[ 2014-02-21T21:12:05+08:00 ] /zzadmin/admin.php/Index/index | DEBUG: Tag[ view_filter ] --END-- [ RunTime:0.001671s ]
[ 2014-02-21T21:12:05+08:00 ] /zzadmin/admin.php/Index/index | DEBUG: Tag[ view_end ] --START--
[ 2014-02-21T21:12:05+08:00 ] /zzadmin/admin.php/Index/index | DEBUG: Run ShowPageTrace Behavior [ RunTime:0.000435s ]
[ 2014-02-21T21:12:05+08:00 ] /zzadmin/admin.php/Index/index | DEBUG: Tag[ view_end ] --END-- [ RunTime:0.000504s ]
[ 2014-02-21T21:12:12+08:00 ] /zzadmin/admin.php/User/showuser?aa=show&role=1 | DEBUG: Tag[ route_check ] --START--
[ 2014-02-21T21:12:12+08:00 ] /zzadmin/admin.php/User/showuser?aa=show&role=1 | DEBUG: Run CheckRoute Behavior [ RunTime:0.001439s ]
[ 2014-02-21T21:12:12+08:00 ] /zzadmin/admin.php/User/showuser?aa=show&role=1 | DEBUG: Tag[ route_check ] --END-- [ RunTime:0.001564s ]
[ 2014-02-21T21:12:12+08:00 ] /zzadmin/admin.php/User/showuser?aa=show&role=1 | DEBUG: Tag[ app_begin ] --START--
[ 2014-02-21T21:12:12+08:00 ] /zzadmin/admin.php/User/showuser?aa=show&role=1 | DEBUG: Run ReadHtmlCache Behavior [ RunTime:0.000858s ]
[ 2014-02-21T21:12:12+08:00 ] /zzadmin/admin.php/User/showuser?aa=show&role=1 | DEBUG: Run CheckTemplate Behavior [ RunTime:0.000738s ]
[ 2014-02-21T21:12:12+08:00 ] /zzadmin/admin.php/User/showuser?aa=show&role=1 | DEBUG: Tag[ app_begin ] --END-- [ RunTime:0.001724s ]
[ 2014-02-21T21:12:12+08:00 ] /zzadmin/admin.php/User/showuser?aa=show&role=1 | NOTIC: [8] A session had already been started - ignoring session_start() functions.php 第 407 行.
[ 2014-02-21T21:12:12+08:00 ] /zzadmin/admin.php/User/showuser?aa=show&role=1 | SQL: SHOW COLUMNS FROM `zz_user` [ RunTime:0.004697s ]
[ 2014-02-21T21:12:12+08:00 ] /zzadmin/admin.php/User/showuser?aa=show&role=1 | SQL: SHOW COLUMNS FROM `zz_staff` [ RunTime:0.004154s ]
[ 2014-02-21T21:12:12+08:00 ] /zzadmin/admin.php/User/showuser?aa=show&role=1 | SQL: SHOW COLUMNS FROM `zz_job` [ RunTime:0.006030s ]
[ 2014-02-21T21:12:12+08:00 ] /zzadmin/admin.php/User/showuser?aa=show&role=1 | SQL: SHOW COLUMNS FROM `zz_major` [ RunTime:0.008270s ]
[ 2014-02-21T21:12:12+08:00 ] /zzadmin/admin.php/User/showuser?aa=show&role=1 | SQL: SHOW COLUMNS FROM `zz_title` [ RunTime:0.005105s ]
[ 2014-02-21T21:12:12+08:00 ] /zzadmin/admin.php/User/showuser?aa=show&role=1 | SQL: SHOW COLUMNS FROM `zz_role` [ RunTime:0.005594s ]
[ 2014-02-21T21:12:12+08:00 ] /zzadmin/admin.php/User/showuser?aa=show&role=1 | SQL: SHOW COLUMNS FROM `zz_college` [ RunTime:0.006848s ]
[ 2014-02-21T21:12:12+08:00 ] /zzadmin/admin.php/User/showuser?aa=show&role=1 | SQL: SELECT user.id AS id,user.staffid AS staffid,user.username AS username,user.role AS role,staff.no AS no,staff.name AS name,staff.sex AS sex,staff.birth AS birth,job.id AS jobid,job.jobname AS jobname,major.id AS majorid,major.majorname AS majorname,title.id AS titleid,title.titlename AS titlename,role.id AS roleid,role.rolename AS rolename,college.id AS collegeid,college.collegename AS collegename FROM zz_user user  JOIN zz_staff staff ON staff.id=user.staffid  JOIN zz_job job ON staff.job=job.id  JOIN zz_major major ON staff.major=major.id  JOIN zz_title title ON staff.title=title.id  JOIN zz_role role ON user.role=role.id  JOIN zz_college college ON staff.college=college.id WHERE role=1  [ RunTime:0.000703s ]
[ 2014-02-21T21:12:12+08:00 ] /zzadmin/admin.php/User/showuser?aa=show&role=1 | SQL: SHOW COLUMNS FROM `zz_conf` [ RunTime:0.004120s ]
[ 2014-02-21T21:12:12+08:00 ] /zzadmin/admin.php/User/showuser?aa=show&role=1 | SQL: SELECT * FROM `zz_conf` WHERE conf_name='PAGECOUNT' LIMIT 1   [ RunTime:0.000368s ]
[ 2014-02-21T21:12:12+08:00 ] /zzadmin/admin.php/User/showuser?aa=show&role=1 | SQL: SELECT * FROM `zz_conf` WHERE conf_name='SUB_SIZE' LIMIT 1   [ RunTime:0.000470s ]
[ 2014-02-21T21:12:12+08:00 ] /zzadmin/admin.php/User/showuser?aa=show&role=1 | SQL: SELECT user.id AS id,user.username AS username,staff.no AS no,staff.name AS name,title.titlename AS titlename,role.rolename AS rolename,college.collegename AS collegename FROM zz_user user  JOIN zz_staff staff ON staff.id=user.staffid  JOIN zz_job job ON staff.job=job.id  JOIN zz_major major ON staff.major=major.id  JOIN zz_title title ON staff.title=title.id  JOIN zz_role role ON user.role=role.id  JOIN zz_college college ON staff.college=college.id WHERE role=1 ORDER BY user.id desc LIMIT 0,10   [ RunTime:0.000694s ]
[ 2014-02-21T21:12:12+08:00 ] /zzadmin/admin.php/User/showuser?aa=show&role=1 | NOTIC: [8] Undefined index: self1 BaseAction.class.php 第 280 行.
[ 2014-02-21T21:12:12+08:00 ] /zzadmin/admin.php/User/showuser?aa=show&role=1 | NOTIC: [8] Undefined index: self2 BaseAction.class.php 第 291 行.
[ 2014-02-21T21:12:12+08:00 ] /zzadmin/admin.php/User/showuser?aa=show&role=1 | NOTIC: [8] Undefined index: self3 BaseAction.class.php 第 302 行.
[ 2014-02-21T21:12:12+08:00 ] /zzadmin/admin.php/User/showuser?aa=show&role=1 | NOTIC: [8] Undefined index: loanreturn BaseAction.class.php 第 313 行.
[ 2014-02-21T21:12:12+08:00 ] /zzadmin/admin.php/User/showuser?aa=show&role=1 | NOTIC: [8] Undefined index: lookgrade BaseAction.class.php 第 319 行.
[ 2014-02-21T21:12:12+08:00 ] /zzadmin/admin.php/User/showuser?aa=show&role=1 | NOTIC: [8] Undefined index: addgrade BaseAction.class.php 第 326 行.
[ 2014-02-21T21:12:12+08:00 ] /zzadmin/admin.php/User/showuser?aa=show&role=1 | NOTIC: [8] Undefined index: add BaseAction.class.php 第 333 行.
[ 2014-02-21T21:12:12+08:00 ] /zzadmin/admin.php/User/showuser?aa=show&role=1 | NOTIC: [8] Undefined index: return BaseAction.class.php 第 339 行.
[ 2014-02-21T21:12:12+08:00 ] /zzadmin/admin.php/User/showuser?aa=show&role=1 | NOTIC: [8] Undefined index: dl BaseAction.class.php 第 346 行.
[ 2014-02-21T21:12:12+08:00 ] /zzadmin/admin.php/User/showuser?aa=show&role=1 | NOTIC: [8] Undefined index: look BaseAction.class.php 第 352 行.
[ 2014-02-21T21:12:12+08:00 ] /zzadmin/admin.php/User/showuser?aa=show&role=1 | NOTIC: [8] Undefined index: ok BaseAction.class.php 第 367 行.
[ 2014-02-21T21:12:12+08:00 ] /zzadmin/admin.php/User/showuser?aa=show&role=1 | DEBUG: Tag[ view_template ] --START--
[ 2014-02-21T21:12:12+08:00 ] /zzadmin/admin.php/User/showuser?aa=show&role=1 | DEBUG: Run LocationTemplate Behavior [ RunTime:0.001427s ]
[ 2014-02-21T21:12:12+08:00 ] /zzadmin/admin.php/User/showuser?aa=show&role=1 | DEBUG: Tag[ view_template ] --END-- [ RunTime:0.001520s ]
[ 2014-02-21T21:12:12+08:00 ] /zzadmin/admin.php/User/showuser?aa=show&role=1 | DEBUG: Tag[ view_parse ] --START--
[ 2014-02-21T21:12:12+08:00 ] /zzadmin/admin.php/User/showuser?aa=show&role=1 | NOTIC: [8] Undefined variable: classid c82986329629546325e352c3e6b1524a.php 第 539 行.
[ 2014-02-21T21:12:12+08:00 ] /zzadmin/admin.php/User/showuser?aa=show&role=1 | NOTIC: [8] Undefined variable: classtype c82986329629546325e352c3e6b1524a.php 第 546 行.
[ 2014-02-21T21:12:12+08:00 ] /zzadmin/admin.php/User/showuser?aa=show&role=1 | NOTIC: [8] Undefined variable: notify_report c82986329629546325e352c3e6b1524a.php 第 593 行.
[ 2014-02-21T21:12:12+08:00 ] /zzadmin/admin.php/User/showuser?aa=show&role=1 | NOTIC: [8] Undefined variable: notify_report_teacher c82986329629546325e352c3e6b1524a.php 第 594 行.
[ 2014-02-21T21:12:12+08:00 ] /zzadmin/admin.php/User/showuser?aa=show&role=1 | NOTIC: [8] Undefined variable: select c82986329629546325e352c3e6b1524a.php 第 601 行.
[ 2014-02-21T21:12:12+08:00 ] /zzadmin/admin.php/User/showuser?aa=show&role=1 | NOTIC: [8] Undefined variable: otherform c82986329629546325e352c3e6b1524a.php 第 601 行.
[ 2014-02-21T21:12:12+08:00 ] /zzadmin/admin.php/User/showuser?aa=show&role=1 | NOTIC: [8] Undefined variable: search c82986329629546325e352c3e6b1524a.php 第 602 行.
[ 2014-02-21T21:12:12+08:00 ] /zzadmin/admin.php/User/showuser?aa=show&role=1 | NOTIC: [8] Undefined variable: type c82986329629546325e352c3e6b1524a.php 第 602 行.
[ 2014-02-21T21:12:12+08:00 ] /zzadmin/admin.php/User/showuser?aa=show&role=1 | NOTIC: [8] Undefined variable: notify_report c82986329629546325e352c3e6b1524a.php 第 641 行.
[ 2014-02-21T21:12:12+08:00 ] /zzadmin/admin.php/User/showuser?aa=show&role=1 | NOTIC: [8] Undefined variable: notify_report_teacher c82986329629546325e352c3e6b1524a.php 第 642 行.
[ 2014-02-21T21:12:12+08:00 ] /zzadmin/admin.php/User/showuser?aa=show&role=1 | NOTIC: [8] Undefined variable: notify_report c82986329629546325e352c3e6b1524a.php 第 641 行.
[ 2014-02-21T21:12:12+08:00 ] /zzadmin/admin.php/User/showuser?aa=show&role=1 | NOTIC: [8] Undefined variable: notify_report_teacher c82986329629546325e352c3e6b1524a.php 第 642 行.
[ 2014-02-21T21:12:12+08:00 ] /zzadmin/admin.php/User/showuser?aa=show&role=1 | DEBUG: Run ParseTemplate Behavior [ RunTime:0.002417s ]
[ 2014-02-21T21:12:12+08:00 ] /zzadmin/admin.php/User/showuser?aa=show&role=1 | DEBUG: Tag[ view_parse ] --END-- [ RunTime:0.002484s ]
[ 2014-02-21T21:12:12+08:00 ] /zzadmin/admin.php/User/showuser?aa=show&role=1 | DEBUG: Tag[ view_filter ] --START--
[ 2014-02-21T21:12:12+08:00 ] /zzadmin/admin.php/User/showuser?aa=show&role=1 | DEBUG: Run ContentReplace Behavior [ RunTime:0.000725s ]
[ 2014-02-21T21:12:12+08:00 ] /zzadmin/admin.php/User/showuser?aa=show&role=1 | DEBUG: Run TokenBuild Behavior [ RunTime:0.000845s ]
[ 2014-02-21T21:12:12+08:00 ] /zzadmin/admin.php/User/showuser?aa=show&role=1 | DEBUG: Run WriteHtmlCache Behavior [ RunTime:0.000518s ]
[ 2014-02-21T21:12:12+08:00 ] /zzadmin/admin.php/User/showuser?aa=show&role=1 | DEBUG: Run ShowRuntime Behavior [ RunTime:0.000607s ]
[ 2014-02-21T21:12:12+08:00 ] /zzadmin/admin.php/User/showuser?aa=show&role=1 | DEBUG: Tag[ view_filter ] --END-- [ RunTime:0.002990s ]
[ 2014-02-21T21:12:12+08:00 ] /zzadmin/admin.php/User/showuser?aa=show&role=1 | DEBUG: Tag[ view_end ] --START--
[ 2014-02-21T21:12:12+08:00 ] /zzadmin/admin.php/User/showuser?aa=show&role=1 | DEBUG: Run ShowPageTrace Behavior [ RunTime:0.000698s ]
[ 2014-02-21T21:12:12+08:00 ] /zzadmin/admin.php/User/showuser?aa=show&role=1 | DEBUG: Tag[ view_end ] --END-- [ RunTime:0.000802s ]
[ 2014-02-21T21:12:19+08:00 ] /zzadmin/admin.php/User/showuser?aa=show&role=2 | DEBUG: Tag[ route_check ] --START--
[ 2014-02-21T21:12:19+08:00 ] /zzadmin/admin.php/User/showuser?aa=show&role=2 | DEBUG: Run CheckRoute Behavior [ RunTime:0.000652s ]
[ 2014-02-21T21:12:19+08:00 ] /zzadmin/admin.php/User/showuser?aa=show&role=2 | DEBUG: Tag[ route_check ] --END-- [ RunTime:0.000743s ]
[ 2014-02-21T21:12:19+08:00 ] /zzadmin/admin.php/User/showuser?aa=show&role=2 | DEBUG: Tag[ app_begin ] --START--
[ 2014-02-21T21:12:19+08:00 ] /zzadmin/admin.php/User/showuser?aa=show&role=2 | DEBUG: Run ReadHtmlCache Behavior [ RunTime:0.000451s ]
[ 2014-02-21T21:12:19+08:00 ] /zzadmin/admin.php/User/showuser?aa=show&role=2 | DEBUG: Run CheckTemplate Behavior [ RunTime:0.000373s ]
[ 2014-02-21T21:12:19+08:00 ] /zzadmin/admin.php/User/showuser?aa=show&role=2 | DEBUG: Tag[ app_begin ] --END-- [ RunTime:0.000911s ]
[ 2014-02-21T21:12:19+08:00 ] /zzadmin/admin.php/User/showuser?aa=show&role=2 | NOTIC: [8] A session had already been started - ignoring session_start() functions.php 第 407 行.
[ 2014-02-21T21:12:19+08:00 ] /zzadmin/admin.php/User/showuser?aa=show&role=2 | SQL: SHOW COLUMNS FROM `zz_user` [ RunTime:0.004569s ]
[ 2014-02-21T21:12:19+08:00 ] /zzadmin/admin.php/User/showuser?aa=show&role=2 | SQL: SHOW COLUMNS FROM `zz_staff` [ RunTime:0.004470s ]
[ 2014-02-21T21:12:19+08:00 ] /zzadmin/admin.php/User/showuser?aa=show&role=2 | SQL: SHOW COLUMNS FROM `zz_job` [ RunTime:0.003758s ]
[ 2014-02-21T21:12:19+08:00 ] /zzadmin/admin.php/User/showuser?aa=show&role=2 | SQL: SHOW COLUMNS FROM `zz_major` [ RunTime:0.003664s ]
[ 2014-02-21T21:12:19+08:00 ] /zzadmin/admin.php/User/showuser?aa=show&role=2 | SQL: SHOW COLUMNS FROM `zz_title` [ RunTime:0.005702s ]
[ 2014-02-21T21:12:19+08:00 ] /zzadmin/admin.php/User/showuser?aa=show&role=2 | SQL: SHOW COLUMNS FROM `zz_role` [ RunTime:0.006098s ]
[ 2014-02-21T21:12:19+08:00 ] /zzadmin/admin.php/User/showuser?aa=show&role=2 | SQL: SHOW COLUMNS FROM `zz_college` [ RunTime:0.004042s ]
[ 2014-02-21T21:12:19+08:00 ] /zzadmin/admin.php/User/showuser?aa=show&role=2 | SQL: SELECT user.id AS id,user.staffid AS staffid,user.username AS username,user.role AS role,staff.no AS no,staff.name AS name,staff.sex AS sex,staff.birth AS birth,job.id AS jobid,job.jobname AS jobname,major.id AS majorid,major.majorname AS majorname,title.id AS titleid,title.titlename AS titlename,role.id AS roleid,role.rolename AS rolename,college.id AS collegeid,college.collegename AS collegename FROM zz_user user  JOIN zz_staff staff ON staff.id=user.staffid  JOIN zz_job job ON staff.job=job.id  JOIN zz_major major ON staff.major=major.id  JOIN zz_title title ON staff.title=title.id  JOIN zz_role role ON user.role=role.id  JOIN zz_college college ON staff.college=college.id WHERE role=2  [ RunTime:0.000666s ]
[ 2014-02-21T21:12:19+08:00 ] /zzadmin/admin.php/User/showuser?aa=show&role=2 | SQL: SHOW COLUMNS FROM `zz_conf` [ RunTime:0.004318s ]
[ 2014-02-21T21:12:19+08:00 ] /zzadmin/admin.php/User/showuser?aa=show&role=2 | SQL: SELECT * FROM `zz_conf` WHERE conf_name='PAGECOUNT' LIMIT 1   [ RunTime:0.000255s ]
[ 2014-02-21T21:12:19+08:00 ] /zzadmin/admin.php/User/showuser?aa=show&role=2 | SQL: SELECT * FROM `zz_conf` WHERE conf_name='SUB_SIZE' LIMIT 1   [ RunTime:0.000159s ]
[ 2014-02-21T21:12:19+08:00 ] /zzadmin/admin.php/User/showuser?aa=show&role=2 | SQL: SELECT user.id AS id,user.username AS username,staff.no AS no,staff.name AS name,title.titlename AS titlename,role.rolename AS rolename,college.collegename AS collegename FROM zz_user user  JOIN zz_staff staff ON staff.id=user.staffid  JOIN zz_job job ON staff.job=job.id  JOIN zz_major major ON staff.major=major.id  JOIN zz_title title ON staff.title=title.id  JOIN zz_role role ON user.role=role.id  JOIN zz_college college ON staff.college=college.id WHERE role=2 ORDER BY user.id desc LIMIT 0,10   [ RunTime:0.000568s ]
[ 2014-02-21T21:12:19+08:00 ] /zzadmin/admin.php/User/showuser?aa=show&role=2 | NOTIC: [8] Undefined index: self1 BaseAction.class.php 第 280 行.
[ 2014-02-21T21:12:19+08:00 ] /zzadmin/admin.php/User/showuser?aa=show&role=2 | NOTIC: [8] Undefined index: self2 BaseAction.class.php 第 291 行.
[ 2014-02-21T21:12:19+08:00 ] /zzadmin/admin.php/User/showuser?aa=show&role=2 | NOTIC: [8] Undefined index: self3 BaseAction.class.php 第 302 行.
[ 2014-02-21T21:12:19+08:00 ] /zzadmin/admin.php/User/showuser?aa=show&role=2 | NOTIC: [8] Undefined index: loanreturn BaseAction.class.php 第 313 行.
[ 2014-02-21T21:12:19+08:00 ] /zzadmin/admin.php/User/showuser?aa=show&role=2 | NOTIC: [8] Undefined index: lookgrade BaseAction.class.php 第 319 行.
[ 2014-02-21T21:12:19+08:00 ] /zzadmin/admin.php/User/showuser?aa=show&role=2 | NOTIC: [8] Undefined index: addgrade BaseAction.class.php 第 326 行.
[ 2014-02-21T21:12:19+08:00 ] /zzadmin/admin.php/User/showuser?aa=show&role=2 | NOTIC: [8] Undefined index: add BaseAction.class.php 第 333 行.
[ 2014-02-21T21:12:19+08:00 ] /zzadmin/admin.php/User/showuser?aa=show&role=2 | NOTIC: [8] Undefined index: return BaseAction.class.php 第 339 行.
[ 2014-02-21T21:12:19+08:00 ] /zzadmin/admin.php/User/showuser?aa=show&role=2 | NOTIC: [8] Undefined index: dl BaseAction.class.php 第 346 行.
[ 2014-02-21T21:12:19+08:00 ] /zzadmin/admin.php/User/showuser?aa=show&role=2 | NOTIC: [8] Undefined index: look BaseAction.class.php 第 352 行.
[ 2014-02-21T21:12:19+08:00 ] /zzadmin/admin.php/User/showuser?aa=show&role=2 | NOTIC: [8] Undefined index: ok BaseAction.class.php 第 367 行.
[ 2014-02-21T21:12:19+08:00 ] /zzadmin/admin.php/User/showuser?aa=show&role=2 | DEBUG: Tag[ view_template ] --START--
[ 2014-02-21T21:12:19+08:00 ] /zzadmin/admin.php/User/showuser?aa=show&role=2 | DEBUG: Run LocationTemplate Behavior [ RunTime:0.000580s ]
[ 2014-02-21T21:12:19+08:00 ] /zzadmin/admin.php/User/showuser?aa=show&role=2 | DEBUG: Tag[ view_template ] --END-- [ RunTime:0.000641s ]
[ 2014-02-21T21:12:19+08:00 ] /zzadmin/admin.php/User/showuser?aa=show&role=2 | DEBUG: Tag[ view_parse ] --START--
[ 2014-02-21T21:12:19+08:00 ] /zzadmin/admin.php/User/showuser?aa=show&role=2 | NOTIC: [8] Undefined variable: classid c82986329629546325e352c3e6b1524a.php 第 539 行.
[ 2014-02-21T21:12:19+08:00 ] /zzadmin/admin.php/User/showuser?aa=show&role=2 | NOTIC: [8] Undefined variable: classtype c82986329629546325e352c3e6b1524a.php 第 546 行.
[ 2014-02-21T21:12:19+08:00 ] /zzadmin/admin.php/User/showuser?aa=show&role=2 | NOTIC: [8] Undefined variable: notify_report c82986329629546325e352c3e6b1524a.php 第 593 行.
[ 2014-02-21T21:12:19+08:00 ] /zzadmin/admin.php/User/showuser?aa=show&role=2 | NOTIC: [8] Undefined variable: notify_report_teacher c82986329629546325e352c3e6b1524a.php 第 594 行.
[ 2014-02-21T21:12:19+08:00 ] /zzadmin/admin.php/User/showuser?aa=show&role=2 | NOTIC: [8] Undefined variable: select c82986329629546325e352c3e6b1524a.php 第 601 行.
[ 2014-02-21T21:12:19+08:00 ] /zzadmin/admin.php/User/showuser?aa=show&role=2 | NOTIC: [8] Undefined variable: otherform c82986329629546325e352c3e6b1524a.php 第 601 行.
[ 2014-02-21T21:12:19+08:00 ] /zzadmin/admin.php/User/showuser?aa=show&role=2 | NOTIC: [8] Undefined variable: search c82986329629546325e352c3e6b1524a.php 第 602 行.
[ 2014-02-21T21:12:19+08:00 ] /zzadmin/admin.php/User/showuser?aa=show&role=2 | NOTIC: [8] Undefined variable: type c82986329629546325e352c3e6b1524a.php 第 602 行.
[ 2014-02-21T21:12:19+08:00 ] /zzadmin/admin.php/User/showuser?aa=show&role=2 | NOTIC: [8] Undefined variable: notify_report c82986329629546325e352c3e6b1524a.php 第 641 行.
[ 2014-02-21T21:12:19+08:00 ] /zzadmin/admin.php/User/showuser?aa=show&role=2 | NOTIC: [8] Undefined variable: notify_report_teacher c82986329629546325e352c3e6b1524a.php 第 642 行.
[ 2014-02-21T21:12:19+08:00 ] /zzadmin/admin.php/User/showuser?aa=show&role=2 | NOTIC: [8] Undefined variable: notify_report c82986329629546325e352c3e6b1524a.php 第 641 行.
[ 2014-02-21T21:12:19+08:00 ] /zzadmin/admin.php/User/showuser?aa=show&role=2 | NOTIC: [8] Undefined variable: notify_report_teacher c82986329629546325e352c3e6b1524a.php 第 642 行.
[ 2014-02-21T21:12:19+08:00 ] /zzadmin/admin.php/User/showuser?aa=show&role=2 | NOTIC: [8] Undefined variable: notify_report c82986329629546325e352c3e6b1524a.php 第 641 行.
[ 2014-02-21T21:12:19+08:00 ] /zzadmin/admin.php/User/showuser?aa=show&role=2 | NOTIC: [8] Undefined variable: notify_report_teacher c82986329629546325e352c3e6b1524a.php 第 642 行.
[ 2014-02-21T21:12:19+08:00 ] /zzadmin/admin.php/User/showuser?aa=show&role=2 | DEBUG: Run ParseTemplate Behavior [ RunTime:0.001613s ]
[ 2014-02-21T21:12:19+08:00 ] /zzadmin/admin.php/User/showuser?aa=show&role=2 | DEBUG: Tag[ view_parse ] --END-- [ RunTime:0.001664s ]
[ 2014-02-21T21:12:19+08:00 ] /zzadmin/admin.php/User/showuser?aa=show&role=2 | DEBUG: Tag[ view_filter ] --START--
[ 2014-02-21T21:12:19+08:00 ] /zzadmin/admin.php/User/showuser?aa=show&role=2 | DEBUG: Run ContentReplace Behavior [ RunTime:0.000566s ]
[ 2014-02-21T21:12:19+08:00 ] /zzadmin/admin.php/User/showuser?aa=show&role=2 | DEBUG: Run TokenBuild Behavior [ RunTime:0.000407s ]
[ 2014-02-21T21:12:19+08:00 ] /zzadmin/admin.php/User/showuser?aa=show&role=2 | DEBUG: Run WriteHtmlCache Behavior [ RunTime:0.000245s ]
[ 2014-02-21T21:12:19+08:00 ] /zzadmin/admin.php/User/showuser?aa=show&role=2 | DEBUG: Run ShowRuntime Behavior [ RunTime:0.000450s ]
[ 2014-02-21T21:12:19+08:00 ] /zzadmin/admin.php/User/showuser?aa=show&role=2 | DEBUG: Tag[ view_filter ] --END-- [ RunTime:0.001834s ]
[ 2014-02-21T21:12:19+08:00 ] /zzadmin/admin.php/User/showuser?aa=show&role=2 | DEBUG: Tag[ view_end ] --START--
[ 2014-02-21T21:12:19+08:00 ] /zzadmin/admin.php/User/showuser?aa=show&role=2 | DEBUG: Run ShowPageTrace Behavior [ RunTime:0.000823s ]
[ 2014-02-21T21:12:19+08:00 ] /zzadmin/admin.php/User/showuser?aa=show&role=2 | DEBUG: Tag[ view_end ] --END-- [ RunTime:0.000934s ]
[ 2014-02-21T21:12:23+08:00 ] /zzadmin/admin.php/Index/loginout | DEBUG: Tag[ route_check ] --START--
[ 2014-02-21T21:12:23+08:00 ] /zzadmin/admin.php/Index/loginout | DEBUG: Run CheckRoute Behavior [ RunTime:0.000935s ]
[ 2014-02-21T21:12:23+08:00 ] /zzadmin/admin.php/Index/loginout | DEBUG: Tag[ route_check ] --END-- [ RunTime:0.001067s ]
[ 2014-02-21T21:12:23+08:00 ] /zzadmin/admin.php/Index/loginout | DEBUG: Tag[ app_begin ] --START--
[ 2014-02-21T21:12:23+08:00 ] /zzadmin/admin.php/Index/loginout | DEBUG: Run ReadHtmlCache Behavior [ RunTime:0.000689s ]
[ 2014-02-21T21:12:23+08:00 ] /zzadmin/admin.php/Index/loginout | DEBUG: Run CheckTemplate Behavior [ RunTime:0.000564s ]
[ 2014-02-21T21:12:23+08:00 ] /zzadmin/admin.php/Index/loginout | DEBUG: Tag[ app_begin ] --END-- [ RunTime:0.001385s ]
[ 2014-02-21T21:12:23+08:00 ] /zzadmin/admin.php/Index/loginout | NOTIC: [8] A session had already been started - ignoring session_start() functions.php 第 407 行.
[ 2014-02-21T21:12:23+08:00 ] /zzadmin/admin.php/Index/adminlogin | DEBUG: Tag[ route_check ] --START--
[ 2014-02-21T21:12:23+08:00 ] /zzadmin/admin.php/Index/adminlogin | DEBUG: Run CheckRoute Behavior [ RunTime:0.000646s ]
[ 2014-02-21T21:12:23+08:00 ] /zzadmin/admin.php/Index/adminlogin | DEBUG: Tag[ route_check ] --END-- [ RunTime:0.000736s ]
[ 2014-02-21T21:12:23+08:00 ] /zzadmin/admin.php/Index/adminlogin | DEBUG: Tag[ app_begin ] --START--
[ 2014-02-21T21:12:23+08:00 ] /zzadmin/admin.php/Index/adminlogin | DEBUG: Run ReadHtmlCache Behavior [ RunTime:0.000450s ]
[ 2014-02-21T21:12:23+08:00 ] /zzadmin/admin.php/Index/adminlogin | DEBUG: Run CheckTemplate Behavior [ RunTime:0.000373s ]
[ 2014-02-21T21:12:23+08:00 ] /zzadmin/admin.php/Index/adminlogin | DEBUG: Tag[ app_begin ] --END-- [ RunTime:0.000908s ]
[ 2014-02-21T21:12:23+08:00 ] /zzadmin/admin.php/Index/adminlogin | NOTIC: [8] A session had already been started - ignoring session_start() functions.php 第 407 行.
[ 2014-02-21T21:12:23+08:00 ] /zzadmin/admin.php/Index/adminlogin | DEBUG: Tag[ view_template ] --START--
[ 2014-02-21T21:12:23+08:00 ] /zzadmin/admin.php/Index/adminlogin | DEBUG: Run LocationTemplate Behavior [ RunTime:0.000699s ]
[ 2014-02-21T21:12:23+08:00 ] /zzadmin/admin.php/Index/adminlogin | DEBUG: Tag[ view_template ] --END-- [ RunTime:0.000807s ]
[ 2014-02-21T21:12:23+08:00 ] /zzadmin/admin.php/Index/adminlogin | DEBUG: Tag[ view_parse ] --START--
[ 2014-02-21T21:12:23+08:00 ] /zzadmin/admin.php/Index/adminlogin | DEBUG: Run ParseTemplate Behavior [ RunTime:0.000967s ]
[ 2014-02-21T21:12:23+08:00 ] /zzadmin/admin.php/Index/adminlogin | DEBUG: Tag[ view_parse ] --END-- [ RunTime:0.001033s ]
[ 2014-02-21T21:12:23+08:00 ] /zzadmin/admin.php/Index/adminlogin | DEBUG: Tag[ view_filter ] --START--
[ 2014-02-21T21:12:23+08:00 ] /zzadmin/admin.php/Index/adminlogin | DEBUG: Run ContentReplace Behavior [ RunTime:0.000391s ]
[ 2014-02-21T21:12:23+08:00 ] /zzadmin/admin.php/Index/adminlogin | DEBUG: Run TokenBuild Behavior [ RunTime:0.000417s ]
[ 2014-02-21T21:12:23+08:00 ] /zzadmin/admin.php/Index/adminlogin | DEBUG: Run WriteHtmlCache Behavior [ RunTime:0.000255s ]
[ 2014-02-21T21:12:23+08:00 ] /zzadmin/admin.php/Index/adminlogin | DEBUG: Run ShowRuntime Behavior [ RunTime:0.000422s ]
[ 2014-02-21T21:12:23+08:00 ] /zzadmin/admin.php/Index/adminlogin | DEBUG: Tag[ view_filter ] --END-- [ RunTime:0.001642s ]
[ 2014-02-21T21:12:23+08:00 ] /zzadmin/admin.php/Index/adminlogin | DEBUG: Tag[ view_end ] --START--
[ 2014-02-21T21:12:23+08:00 ] /zzadmin/admin.php/Index/adminlogin | DEBUG: Run ShowPageTrace Behavior [ RunTime:0.000401s ]
[ 2014-02-21T21:12:23+08:00 ] /zzadmin/admin.php/Index/adminlogin | DEBUG: Tag[ view_end ] --END-- [ RunTime:0.000455s ]
[ 2014-02-21T21:12:27+08:00 ] /zzadmin/admin.php/Index/login | DEBUG: Tag[ route_check ] --START--
[ 2014-02-21T21:12:27+08:00 ] /zzadmin/admin.php/Index/login | DEBUG: Run CheckRoute Behavior [ RunTime:0.001126s ]
[ 2014-02-21T21:12:27+08:00 ] /zzadmin/admin.php/Index/login | DEBUG: Tag[ route_check ] --END-- [ RunTime:0.001281s ]
[ 2014-02-21T21:12:27+08:00 ] /zzadmin/admin.php/Index/login | DEBUG: Tag[ app_begin ] --START--
[ 2014-02-21T21:12:27+08:00 ] /zzadmin/admin.php/Index/login | DEBUG: Run ReadHtmlCache Behavior [ RunTime:0.000977s ]
[ 2014-02-21T21:12:27+08:00 ] /zzadmin/admin.php/Index/login | DEBUG: Run CheckTemplate Behavior [ RunTime:0.000657s ]
[ 2014-02-21T21:12:27+08:00 ] /zzadmin/admin.php/Index/login | DEBUG: Tag[ app_begin ] --END-- [ RunTime:0.001803s ]
[ 2014-02-21T21:12:27+08:00 ] /zzadmin/admin.php/Index/login | NOTIC: [8] A session had already been started - ignoring session_start() functions.php 第 407 行.
[ 2014-02-21T21:12:27+08:00 ] /zzadmin/admin.php/Index/login | SQL: SHOW COLUMNS FROM `zz_user` [ RunTime:0.005948s ]
[ 2014-02-21T21:12:27+08:00 ] /zzadmin/admin.php/Index/login | SQL: SHOW COLUMNS FROM `zz_stu` [ RunTime:0.004141s ]
[ 2014-02-21T21:12:27+08:00 ] /zzadmin/admin.php/Index/login | SQL: SELECT * FROM `zz_user` WHERE username='pu' LIMIT 1   [ RunTime:0.000361s ]
[ 2014-02-21T21:12:27+08:00 ] /zzadmin/admin.php/Index/login | DEBUG: Tag[ view_template ] --START--
[ 2014-02-21T21:12:27+08:00 ] /zzadmin/admin.php/Index/login | DEBUG: Run LocationTemplate Behavior [ RunTime:0.001034s ]
[ 2014-02-21T21:12:27+08:00 ] /zzadmin/admin.php/Index/login | DEBUG: Tag[ view_template ] --END-- [ RunTime:0.001099s ]
[ 2014-02-21T21:12:27+08:00 ] /zzadmin/admin.php/Index/login | DEBUG: Tag[ view_parse ] --START--
[ 2014-02-21T21:12:27+08:00 ] /zzadmin/admin.php/Index/login | DEBUG: Run ParseTemplate Behavior [ RunTime:0.000897s ]
[ 2014-02-21T21:12:27+08:00 ] /zzadmin/admin.php/Index/login | DEBUG: Tag[ view_parse ] --END-- [ RunTime:0.000954s ]
[ 2014-02-21T21:12:27+08:00 ] /zzadmin/admin.php/Index/login | DEBUG: Tag[ view_filter ] --START--
[ 2014-02-21T21:12:27+08:00 ] /zzadmin/admin.php/Index/login | DEBUG: Run ContentReplace Behavior [ RunTime:0.000328s ]
[ 2014-02-21T21:12:27+08:00 ] /zzadmin/admin.php/Index/login | DEBUG: Run TokenBuild Behavior [ RunTime:0.000345s ]
[ 2014-02-21T21:12:27+08:00 ] /zzadmin/admin.php/Index/login | DEBUG: Run WriteHtmlCache Behavior [ RunTime:0.000241s ]
[ 2014-02-21T21:12:27+08:00 ] /zzadmin/admin.php/Index/login | DEBUG: Run ShowRuntime Behavior [ RunTime:0.000403s ]
[ 2014-02-21T21:12:27+08:00 ] /zzadmin/admin.php/Index/login | DEBUG: Tag[ view_filter ] --END-- [ RunTime:0.001461s ]
[ 2014-02-21T21:12:27+08:00 ] /zzadmin/admin.php/Index/login | DEBUG: Tag[ view_end ] --START--
[ 2014-02-21T21:12:27+08:00 ] /zzadmin/admin.php/Index/login | DEBUG: Run ShowPageTrace Behavior [ RunTime:0.000382s ]
[ 2014-02-21T21:12:27+08:00 ] /zzadmin/admin.php/Index/login | DEBUG: Tag[ view_end ] --END-- [ RunTime:0.000431s ]
[ 2014-02-21T21:12:28+08:00 ] /zzadmin/admin.php/Index/index | DEBUG: Tag[ route_check ] --START--
[ 2014-02-21T21:12:28+08:00 ] /zzadmin/admin.php/Index/index | DEBUG: Run CheckRoute Behavior [ RunTime:0.001048s ]
[ 2014-02-21T21:12:28+08:00 ] /zzadmin/admin.php/Index/index | DEBUG: Tag[ route_check ] --END-- [ RunTime:0.001171s ]
[ 2014-02-21T21:12:28+08:00 ] /zzadmin/admin.php/Index/index | DEBUG: Tag[ app_begin ] --START--
[ 2014-02-21T21:12:28+08:00 ] /zzadmin/admin.php/Index/index | DEBUG: Run ReadHtmlCache Behavior [ RunTime:0.000666s ]
[ 2014-02-21T21:12:28+08:00 ] /zzadmin/admin.php/Index/index | DEBUG: Run CheckTemplate Behavior [ RunTime:0.000529s ]
[ 2014-02-21T21:12:28+08:00 ] /zzadmin/admin.php/Index/index | DEBUG: Tag[ app_begin ] --END-- [ RunTime:0.001316s ]
[ 2014-02-21T21:12:28+08:00 ] /zzadmin/admin.php/Index/index | NOTIC: [8] A session had already been started - ignoring session_start() functions.php 第 407 行.
[ 2014-02-21T21:12:28+08:00 ] /zzadmin/admin.php/Index/index | SQL: SHOW COLUMNS FROM `zz_conf` [ RunTime:0.004218s ]
[ 2014-02-21T21:12:28+08:00 ] /zzadmin/admin.php/Index/index | SQL: SELECT * FROM `zz_conf` WHERE conf_name='THEME' LIMIT 1   [ RunTime:0.000533s ]
[ 2014-02-21T21:12:28+08:00 ] /zzadmin/admin.php/Index/index | SQL: SHOW COLUMNS FROM `zz_user` [ RunTime:0.004704s ]
[ 2014-02-21T21:12:28+08:00 ] /zzadmin/admin.php/Index/index | SQL: SELECT * FROM `zz_user` WHERE username='pu' LIMIT 1   [ RunTime:0.000369s ]
[ 2014-02-21T21:12:28+08:00 ] /zzadmin/admin.php/Index/index | SQL: SELECT * FROM `zz_conf` WHERE conf_name='THEME' LIMIT 1   [ RunTime:0.000432s ]
[ 2014-02-21T21:12:28+08:00 ] /zzadmin/admin.php/Index/index | SQL: SHOW COLUMNS FROM `zz_notice` [ RunTime:0.004253s ]
[ 2014-02-21T21:12:28+08:00 ] /zzadmin/admin.php/Index/index | SQL: SELECT * FROM `zz_notice` ORDER BY id desc LIMIT 10   [ RunTime:0.000444s ]
[ 2014-02-21T21:12:28+08:00 ] /zzadmin/admin.php/Index/index | DEBUG: Tag[ view_template ] --START--
[ 2014-02-21T21:12:28+08:00 ] /zzadmin/admin.php/Index/index | DEBUG: Run LocationTemplate Behavior [ RunTime:0.000653s ]
[ 2014-02-21T21:12:28+08:00 ] /zzadmin/admin.php/Index/index | DEBUG: Tag[ view_template ] --END-- [ RunTime:0.000716s ]
[ 2014-02-21T21:12:28+08:00 ] /zzadmin/admin.php/Index/index | DEBUG: Tag[ view_parse ] --START--
[ 2014-02-21T21:12:28+08:00 ] /zzadmin/admin.php/Index/index | NOTIC: [8] Undefined variable: username 4c18d5952d0dbf1eedb8a1ec796fa788.php 第 22 行.
[ 2014-02-21T21:12:28+08:00 ] /zzadmin/admin.php/Index/index | NOTIC: [8] Undefined variable: lasttime 4c18d5952d0dbf1eedb8a1ec796fa788.php 第 22 行.
[ 2014-02-21T21:12:28+08:00 ] /zzadmin/admin.php/Index/index | NOTIC: [8] Undefined variable: count 4c18d5952d0dbf1eedb8a1ec796fa788.php 第 22 行.
[ 2014-02-21T21:12:28+08:00 ] /zzadmin/admin.php/Index/index | NOTIC: [8] Undefined variable: flag 4c18d5952d0dbf1eedb8a1ec796fa788.php 第 22 行.
[ 2014-02-21T21:12:28+08:00 ] /zzadmin/admin.php/Index/index | DEBUG: Run ParseTemplate Behavior [ RunTime:0.001492s ]
[ 2014-02-21T21:12:28+08:00 ] /zzadmin/admin.php/Index/index | DEBUG: Tag[ view_parse ] --END-- [ RunTime:0.001544s ]
[ 2014-02-21T21:12:28+08:00 ] /zzadmin/admin.php/Index/index | DEBUG: Tag[ view_filter ] --START--
[ 2014-02-21T21:12:28+08:00 ] /zzadmin/admin.php/Index/index | DEBUG: Run ContentReplace Behavior [ RunTime:0.000467s ]
[ 2014-02-21T21:12:28+08:00 ] /zzadmin/admin.php/Index/index | DEBUG: Run TokenBuild Behavior [ RunTime:0.000412s ]
[ 2014-02-21T21:12:28+08:00 ] /zzadmin/admin.php/Index/index | DEBUG: Run WriteHtmlCache Behavior [ RunTime:0.000253s ]
[ 2014-02-21T21:12:28+08:00 ] /zzadmin/admin.php/Index/index | DEBUG: Run ShowRuntime Behavior [ RunTime:0.000423s ]
[ 2014-02-21T21:12:28+08:00 ] /zzadmin/admin.php/Index/index | DEBUG: Tag[ view_filter ] --END-- [ RunTime:0.001710s ]
[ 2014-02-21T21:12:28+08:00 ] /zzadmin/admin.php/Index/index | DEBUG: Tag[ view_end ] --START--
[ 2014-02-21T21:12:28+08:00 ] /zzadmin/admin.php/Index/index | DEBUG: Run ShowPageTrace Behavior [ RunTime:0.000468s ]
[ 2014-02-21T21:12:28+08:00 ] /zzadmin/admin.php/Index/index | DEBUG: Tag[ view_end ] --END-- [ RunTime:0.000543s ]
[ 2014-02-21T21:12:32+08:00 ] /zzadmin/admin.php/Begin/showteacherbegin | DEBUG: Tag[ route_check ] --START--
[ 2014-02-21T21:12:32+08:00 ] /zzadmin/admin.php/Begin/showteacherbegin | DEBUG: Run CheckRoute Behavior [ RunTime:0.001338s ]
[ 2014-02-21T21:12:32+08:00 ] /zzadmin/admin.php/Begin/showteacherbegin | DEBUG: Tag[ route_check ] --END-- [ RunTime:0.001452s ]
[ 2014-02-21T21:12:32+08:00 ] /zzadmin/admin.php/Begin/showteacherbegin | DEBUG: Tag[ app_begin ] --START--
[ 2014-02-21T21:12:32+08:00 ] /zzadmin/admin.php/Begin/showteacherbegin | DEBUG: Run ReadHtmlCache Behavior [ RunTime:0.000681s ]
[ 2014-02-21T21:12:32+08:00 ] /zzadmin/admin.php/Begin/showteacherbegin | DEBUG: Run CheckTemplate Behavior [ RunTime:0.000573s ]
[ 2014-02-21T21:12:32+08:00 ] /zzadmin/admin.php/Begin/showteacherbegin | DEBUG: Tag[ app_begin ] --END-- [ RunTime:0.001368s ]
[ 2014-02-21T21:12:32+08:00 ] /zzadmin/admin.php/Begin/showteacherbegin | NOTIC: [8] A session had already been started - ignoring session_start() functions.php 第 407 行.
[ 2014-02-21T21:12:32+08:00 ] /zzadmin/admin.php/Begin/showteacherbegin | SQL: SHOW COLUMNS FROM `zz_user` [ RunTime:0.004782s ]
[ 2014-02-21T21:12:32+08:00 ] /zzadmin/admin.php/Begin/showteacherbegin | SQL: SELECT * FROM `zz_user` WHERE username='pu' LIMIT 1   [ RunTime:0.000378s ]
[ 2014-02-21T21:12:32+08:00 ] /zzadmin/admin.php/Begin/showteacherbegin | SQL: SHOW COLUMNS FROM `zz_begincourse` [ RunTime:0.004322s ]
[ 2014-02-21T21:12:32+08:00 ] /zzadmin/admin.php/Begin/showteacherbegin | SQL: SHOW COLUMNS FROM `zz_class` [ RunTime:0.004539s ]
[ 2014-02-21T21:12:32+08:00 ] /zzadmin/admin.php/Begin/showteacherbegin | SQL: SHOW COLUMNS FROM `zz_staff` [ RunTime:0.004557s ]
[ 2014-02-21T21:12:32+08:00 ] /zzadmin/admin.php/Begin/showteacherbegin | SQL: SHOW COLUMNS FROM `zz_course` [ RunTime:0.005495s ]
[ 2014-02-21T21:12:32+08:00 ] /zzadmin/admin.php/Begin/showteacherbegin | SQL: SHOW COLUMNS FROM `zz_major` [ RunTime:0.005560s ]
[ 2014-02-21T21:12:32+08:00 ] /zzadmin/admin.php/Begin/showteacherbegin | SQL: SHOW COLUMNS FROM `zz_coursetype` [ RunTime:0.004582s ]
[ 2014-02-21T21:12:32+08:00 ] /zzadmin/admin.php/Begin/showteacherbegin | SQL: SHOW COLUMNS FROM `zz_term` [ RunTime:0.003882s ]
[ 2014-02-21T21:12:32+08:00 ] /zzadmin/admin.php/Begin/showteacherbegin | SQL: SHOW COLUMNS FROM `zz_college` [ RunTime:0.004124s ]
[ 2014-02-21T21:12:32+08:00 ] /zzadmin/admin.php/Begin/showteacherbegin | SQL: SELECT begincourse.id AS id,begincourse.state AS state,begincourse.remark AS remark,class.id AS classid,class.classno AS classno,class.classname AS classname,class.class AS class,user.id AS userid,user.staffid AS staffid,user.username AS username,user.role AS role,staff.name AS name,course.id AS courseid,course.courseno AS courseno,course.coursename AS coursename,course.classhour AS classhour,major.id AS majorid,major.majorname AS majorname,coursetype.id AS propertiesid,coursetype.typename AS propertiesname,term.id AS termid,term.termname AS termname,college.id AS collegeid,college.collegename AS collegename FROM zz_begincourse begincourse  JOIN zz_class class ON begincourse.classid=class.id  JOIN zz_user user ON begincourse.teacherid=user.id  JOIN zz_staff staff ON staff.id=user.staffid  JOIN zz_course course ON begincourse.courseid=course.id  JOIN zz_major major ON course.major=major.id  JOIN zz_coursetype coursetype ON course.properties=coursetype.id  JOIN zz_term term ON begincourse.term=term.id  JOIN zz_college college ON begincourse.college=college.id WHERE teacherid=6  [ RunTime:0.000653s ]
[ 2014-02-21T21:12:32+08:00 ] /zzadmin/admin.php/Begin/showteacherbegin | SQL: SHOW COLUMNS FROM `zz_conf` [ RunTime:0.003870s ]
[ 2014-02-21T21:12:32+08:00 ] /zzadmin/admin.php/Begin/showteacherbegin | SQL: SELECT * FROM `zz_conf` WHERE conf_name='PAGECOUNT' LIMIT 1   [ RunTime:0.000262s ]
[ 2014-02-21T21:12:32+08:00 ] /zzadmin/admin.php/Begin/showteacherbegin | SQL: SELECT * FROM `zz_conf` WHERE conf_name='SUB_SIZE' LIMIT 1   [ RunTime:0.000160s ]
[ 2014-02-21T21:12:32+08:00 ] /zzadmin/admin.php/Begin/showteacherbegin | SQL: SELECT begincourse.id AS id,class.classname AS classname,staff.name AS name,course.coursename AS coursename,major.majorname AS majorname,coursetype.typename AS propertiesname,term.termname AS termname,college.collegename AS collegename FROM zz_begincourse begincourse  JOIN zz_class class ON begincourse.classid=class.id  JOIN zz_user user ON begincourse.teacherid=user.id  JOIN zz_staff staff ON staff.id=user.staffid  JOIN zz_course course ON begincourse.courseid=course.id  JOIN zz_major major ON course.major=major.id  JOIN zz_coursetype coursetype ON course.properties=coursetype.id  JOIN zz_term term ON begincourse.term=term.id  JOIN zz_college college ON begincourse.college=college.id WHERE teacherid=6 ORDER BY begincourse.id desc LIMIT 0,10   [ RunTime:0.000687s ]
[ 2014-02-21T21:12:32+08:00 ] /zzadmin/admin.php/Begin/showteacherbegin | NOTIC: [8] Undefined index: self2 BaseAction.class.php 第 291 行.
[ 2014-02-21T21:12:32+08:00 ] /zzadmin/admin.php/Begin/showteacherbegin | NOTIC: [8] Undefined index: self3 BaseAction.class.php 第 302 行.
[ 2014-02-21T21:12:32+08:00 ] /zzadmin/admin.php/Begin/showteacherbegin | NOTIC: [8] Undefined index: loanreturn BaseAction.class.php 第 313 行.
[ 2014-02-21T21:12:32+08:00 ] /zzadmin/admin.php/Begin/showteacherbegin | NOTIC: [8] Undefined index: lookgrade BaseAction.class.php 第 319 行.
[ 2014-02-21T21:12:32+08:00 ] /zzadmin/admin.php/Begin/showteacherbegin | NOTIC: [8] Undefined index: addgrade BaseAction.class.php 第 326 行.
[ 2014-02-21T21:12:32+08:00 ] /zzadmin/admin.php/Begin/showteacherbegin | NOTIC: [8] Undefined index: add BaseAction.class.php 第 333 行.
[ 2014-02-21T21:12:32+08:00 ] /zzadmin/admin.php/Begin/showteacherbegin | NOTIC: [8] Undefined index: return BaseAction.class.php 第 339 行.
[ 2014-02-21T21:12:32+08:00 ] /zzadmin/admin.php/Begin/showteacherbegin | NOTIC: [8] Undefined index: dl BaseAction.class.php 第 346 行.
[ 2014-02-21T21:12:32+08:00 ] /zzadmin/admin.php/Begin/showteacherbegin | NOTIC: [8] Undefined index: look BaseAction.class.php 第 352 行.
[ 2014-02-21T21:12:32+08:00 ] /zzadmin/admin.php/Begin/showteacherbegin | NOTIC: [8] Undefined index: edit BaseAction.class.php 第 357 行.
[ 2014-02-21T21:12:32+08:00 ] /zzadmin/admin.php/Begin/showteacherbegin | NOTIC: [8] Undefined index: del BaseAction.class.php 第 362 行.
[ 2014-02-21T21:12:32+08:00 ] /zzadmin/admin.php/Begin/showteacherbegin | NOTIC: [8] Undefined index: ok BaseAction.class.php 第 367 行.
[ 2014-02-21T21:12:32+08:00 ] /zzadmin/admin.php/Begin/showteacherbegin | DEBUG: Tag[ view_template ] --START--
[ 2014-02-21T21:12:32+08:00 ] /zzadmin/admin.php/Begin/showteacherbegin | DEBUG: Run LocationTemplate Behavior [ RunTime:0.001104s ]
[ 2014-02-21T21:12:32+08:00 ] /zzadmin/admin.php/Begin/showteacherbegin | DEBUG: Tag[ view_template ] --END-- [ RunTime:0.001170s ]
[ 2014-02-21T21:12:32+08:00 ] /zzadmin/admin.php/Begin/showteacherbegin | DEBUG: Tag[ view_parse ] --START--
[ 2014-02-21T21:12:32+08:00 ] /zzadmin/admin.php/Begin/showteacherbegin | NOTIC: [8] Undefined variable: classid c82986329629546325e352c3e6b1524a.php 第 539 行.
[ 2014-02-21T21:12:32+08:00 ] /zzadmin/admin.php/Begin/showteacherbegin | NOTIC: [8] Undefined variable: classtype c82986329629546325e352c3e6b1524a.php 第 546 行.
[ 2014-02-21T21:12:32+08:00 ] /zzadmin/admin.php/Begin/showteacherbegin | NOTIC: [8] Undefined variable: notify_report c82986329629546325e352c3e6b1524a.php 第 593 行.
[ 2014-02-21T21:12:32+08:00 ] /zzadmin/admin.php/Begin/showteacherbegin | NOTIC: [8] Undefined variable: notify_report_teacher c82986329629546325e352c3e6b1524a.php 第 594 行.
[ 2014-02-21T21:12:32+08:00 ] /zzadmin/admin.php/Begin/showteacherbegin | NOTIC: [8] Undefined variable: select c82986329629546325e352c3e6b1524a.php 第 601 行.
[ 2014-02-21T21:12:32+08:00 ] /zzadmin/admin.php/Begin/showteacherbegin | NOTIC: [8] Undefined variable: otherform c82986329629546325e352c3e6b1524a.php 第 601 行.
[ 2014-02-21T21:12:32+08:00 ] /zzadmin/admin.php/Begin/showteacherbegin | NOTIC: [8] Undefined variable: search c82986329629546325e352c3e6b1524a.php 第 602 行.
[ 2014-02-21T21:12:32+08:00 ] /zzadmin/admin.php/Begin/showteacherbegin | NOTIC: [8] Undefined variable: type c82986329629546325e352c3e6b1524a.php 第 602 行.
[ 2014-02-21T21:12:32+08:00 ] /zzadmin/admin.php/Begin/showteacherbegin | NOTIC: [8] Undefined variable: notify_report c82986329629546325e352c3e6b1524a.php 第 641 行.
[ 2014-02-21T21:12:32+08:00 ] /zzadmin/admin.php/Begin/showteacherbegin | NOTIC: [8] Undefined variable: notify_report_teacher c82986329629546325e352c3e6b1524a.php 第 642 行.
[ 2014-02-21T21:12:32+08:00 ] /zzadmin/admin.php/Begin/showteacherbegin | DEBUG: Run ParseTemplate Behavior [ RunTime:0.001619s ]
[ 2014-02-21T21:12:32+08:00 ] /zzadmin/admin.php/Begin/showteacherbegin | DEBUG: Tag[ view_parse ] --END-- [ RunTime:0.001672s ]
[ 2014-02-21T21:12:32+08:00 ] /zzadmin/admin.php/Begin/showteacherbegin | DEBUG: Tag[ view_filter ] --START--
[ 2014-02-21T21:12:32+08:00 ] /zzadmin/admin.php/Begin/showteacherbegin | DEBUG: Run ContentReplace Behavior [ RunTime:0.000586s ]
[ 2014-02-21T21:12:32+08:00 ] /zzadmin/admin.php/Begin/showteacherbegin | DEBUG: Run TokenBuild Behavior [ RunTime:0.000515s ]
[ 2014-02-21T21:12:32+08:00 ] /zzadmin/admin.php/Begin/showteacherbegin | DEBUG: Run WriteHtmlCache Behavior [ RunTime:0.000372s ]
[ 2014-02-21T21:12:32+08:00 ] /zzadmin/admin.php/Begin/showteacherbegin | DEBUG: Run ShowRuntime Behavior [ RunTime:0.000557s ]
[ 2014-02-21T21:12:32+08:00 ] /zzadmin/admin.php/Begin/showteacherbegin | DEBUG: Tag[ view_filter ] --END-- [ RunTime:0.002185s ]
[ 2014-02-21T21:12:32+08:00 ] /zzadmin/admin.php/Begin/showteacherbegin | DEBUG: Tag[ view_end ] --START--
[ 2014-02-21T21:12:32+08:00 ] /zzadmin/admin.php/Begin/showteacherbegin | DEBUG: Run ShowPageTrace Behavior [ RunTime:0.000753s ]
[ 2014-02-21T21:12:32+08:00 ] /zzadmin/admin.php/Begin/showteacherbegin | DEBUG: Tag[ view_end ] --END-- [ RunTime:0.000862s ]
[ 2014-02-21T21:12:35+08:00 ] /zzadmin/admin.php/Begin/showexp?aa=teacher&id=2 | DEBUG: Tag[ route_check ] --START--
[ 2014-02-21T21:12:35+08:00 ] /zzadmin/admin.php/Begin/showexp?aa=teacher&id=2 | DEBUG: Run CheckRoute Behavior [ RunTime:0.001008s ]
[ 2014-02-21T21:12:35+08:00 ] /zzadmin/admin.php/Begin/showexp?aa=teacher&id=2 | DEBUG: Tag[ route_check ] --END-- [ RunTime:0.001150s ]
[ 2014-02-21T21:12:35+08:00 ] /zzadmin/admin.php/Begin/showexp?aa=teacher&id=2 | DEBUG: Tag[ app_begin ] --START--
[ 2014-02-21T21:12:35+08:00 ] /zzadmin/admin.php/Begin/showexp?aa=teacher&id=2 | DEBUG: Run ReadHtmlCache Behavior [ RunTime:0.000830s ]
[ 2014-02-21T21:12:35+08:00 ] /zzadmin/admin.php/Begin/showexp?aa=teacher&id=2 | DEBUG: Run CheckTemplate Behavior [ RunTime:0.000923s ]
[ 2014-02-21T21:12:35+08:00 ] /zzadmin/admin.php/Begin/showexp?aa=teacher&id=2 | DEBUG: Tag[ app_begin ] --END-- [ RunTime:0.001925s ]
[ 2014-02-21T21:12:35+08:00 ] /zzadmin/admin.php/Begin/showexp?aa=teacher&id=2 | NOTIC: [8] A session had already been started - ignoring session_start() functions.php 第 407 行.
[ 2014-02-21T21:12:35+08:00 ] /zzadmin/admin.php/Begin/showexp?aa=teacher&id=2 | SQL: SHOW COLUMNS FROM `zz_begincourse` [ RunTime:0.004447s ]
[ 2014-02-21T21:12:35+08:00 ] /zzadmin/admin.php/Begin/showexp?aa=teacher&id=2 | SQL: SELECT * FROM `zz_begincourse` WHERE id=2 LIMIT 1   [ RunTime:0.000335s ]
[ 2014-02-21T21:12:36+08:00 ] /zzadmin/admin.php/Begin/showexp?aa=teacher&id=2 | SQL: SHOW COLUMNS FROM `zz_expitem` [ RunTime:0.040031s ]
[ 2014-02-21T21:12:36+08:00 ] /zzadmin/admin.php/Begin/showexp?aa=teacher&id=2 | SQL: SHOW COLUMNS FROM `zz_course` [ RunTime:0.005231s ]
[ 2014-02-21T21:12:36+08:00 ] /zzadmin/admin.php/Begin/showexp?aa=teacher&id=2 | SQL: SHOW COLUMNS FROM `zz_major` [ RunTime:0.004479s ]
[ 2014-02-21T21:12:36+08:00 ] /zzadmin/admin.php/Begin/showexp?aa=teacher&id=2 | SQL: SHOW COLUMNS FROM `zz_exptype` [ RunTime:0.020360s ]
[ 2014-02-21T21:12:36+08:00 ] /zzadmin/admin.php/Begin/showexp?aa=teacher&id=2 | SQL: SHOW COLUMNS FROM `zz_college` [ RunTime:0.004228s ]
[ 2014-02-21T21:12:36+08:00 ] /zzadmin/admin.php/Begin/showexp?aa=teacher&id=2 | SQL: SELECT expitem.id AS id,expitem.expname AS expname,expitem.guide AS guide,expitem.type AS type,expitem.exphour AS exphour,expitem.guidefile AS guidefile,course.id AS courseid,course.coursename AS coursename,major.id AS majorid,major.majorname AS majorname,exptype.id AS typeid,exptype.typename AS typename,college.id AS collegeid,college.collegename AS collegename FROM zz_expitem expitem LEFT JOIN zz_course course ON expitem.courseid=course.id LEFT JOIN zz_major major ON course.major=major.id  JOIN zz_exptype exptype ON expitem.type=exptype.id  JOIN zz_college college ON expitem.college=college.id WHERE courseid=2  [ RunTime:0.000801s ]
[ 2014-02-21T21:12:36+08:00 ] /zzadmin/admin.php/Begin/showexp?aa=teacher&id=2 | SQL: SHOW COLUMNS FROM `zz_conf` [ RunTime:0.003998s ]
[ 2014-02-21T21:12:36+08:00 ] /zzadmin/admin.php/Begin/showexp?aa=teacher&id=2 | SQL: SELECT * FROM `zz_conf` WHERE conf_name='PAGECOUNT' LIMIT 1   [ RunTime:0.000519s ]
[ 2014-02-21T21:12:36+08:00 ] /zzadmin/admin.php/Begin/showexp?aa=teacher&id=2 | SQL: SELECT * FROM `zz_conf` WHERE conf_name='SUB_SIZE' LIMIT 1   [ RunTime:0.000229s ]
[ 2014-02-21T21:12:36+08:00 ] /zzadmin/admin.php/Begin/showexp?aa=teacher&id=2 | SQL: SELECT expitem.id AS id,expitem.expname AS expname,expitem.guide AS guide,expitem.exphour AS exphour,course.coursename AS coursename,major.majorname AS majorname,exptype.typename AS typename,college.collegename AS collegename FROM zz_expitem expitem LEFT JOIN zz_course course ON expitem.courseid=course.id LEFT JOIN zz_major major ON course.major=major.id  JOIN zz_exptype exptype ON expitem.type=exptype.id  JOIN zz_college college ON expitem.college=college.id WHERE courseid=2 ORDER BY expitem.id desc LIMIT 0,10   [ RunTime:0.003840s ]
[ 2014-02-21T21:12:36+08:00 ] /zzadmin/admin.php/Begin/showexp?aa=teacher&id=2 | NOTIC: [8] Undefined index: self2 BaseAction.class.php 第 291 行.
[ 2014-02-21T21:12:36+08:00 ] /zzadmin/admin.php/Begin/showexp?aa=teacher&id=2 | NOTIC: [8] Undefined index: self3 BaseAction.class.php 第 302 行.
[ 2014-02-21T21:12:36+08:00 ] /zzadmin/admin.php/Begin/showexp?aa=teacher&id=2 | NOTIC: [8] Undefined index: loanreturn BaseAction.class.php 第 313 行.
[ 2014-02-21T21:12:36+08:00 ] /zzadmin/admin.php/Begin/showexp?aa=teacher&id=2 | NOTIC: [8] Undefined index: lookgrade BaseAction.class.php 第 319 行.
[ 2014-02-21T21:12:36+08:00 ] /zzadmin/admin.php/Begin/showexp?aa=teacher&id=2 | NOTIC: [8] Undefined index: addgrade BaseAction.class.php 第 326 行.
[ 2014-02-21T21:12:36+08:00 ] /zzadmin/admin.php/Begin/showexp?aa=teacher&id=2 | NOTIC: [8] Undefined index: add BaseAction.class.php 第 333 行.
[ 2014-02-21T21:12:36+08:00 ] /zzadmin/admin.php/Begin/showexp?aa=teacher&id=2 | NOTIC: [8] Undefined index: return BaseAction.class.php 第 339 行.
[ 2014-02-21T21:12:36+08:00 ] /zzadmin/admin.php/Begin/showexp?aa=teacher&id=2 | NOTIC: [8] Undefined index: dl BaseAction.class.php 第 346 行.
[ 2014-02-21T21:12:36+08:00 ] /zzadmin/admin.php/Begin/showexp?aa=teacher&id=2 | NOTIC: [8] Undefined index: look BaseAction.class.php 第 352 行.
[ 2014-02-21T21:12:36+08:00 ] /zzadmin/admin.php/Begin/showexp?aa=teacher&id=2 | NOTIC: [8] Undefined index: edit BaseAction.class.php 第 357 行.
[ 2014-02-21T21:12:36+08:00 ] /zzadmin/admin.php/Begin/showexp?aa=teacher&id=2 | NOTIC: [8] Undefined index: del BaseAction.class.php 第 362 行.
[ 2014-02-21T21:12:36+08:00 ] /zzadmin/admin.php/Begin/showexp?aa=teacher&id=2 | NOTIC: [8] Undefined index: ok BaseAction.class.php 第 367 行.
[ 2014-02-21T21:12:36+08:00 ] /zzadmin/admin.php/Begin/showexp?aa=teacher&id=2 | DEBUG: Tag[ view_template ] --START--
[ 2014-02-21T21:12:36+08:00 ] /zzadmin/admin.php/Begin/showexp?aa=teacher&id=2 | DEBUG: Run LocationTemplate Behavior [ RunTime:0.000572s ]
[ 2014-02-21T21:12:36+08:00 ] /zzadmin/admin.php/Begin/showexp?aa=teacher&id=2 | DEBUG: Tag[ view_template ] --END-- [ RunTime:0.000634s ]
[ 2014-02-21T21:12:36+08:00 ] /zzadmin/admin.php/Begin/showexp?aa=teacher&id=2 | DEBUG: Tag[ view_parse ] --START--
[ 2014-02-21T21:12:36+08:00 ] /zzadmin/admin.php/Begin/showexp?aa=teacher&id=2 | NOTIC: [8] Undefined variable: classid c82986329629546325e352c3e6b1524a.php 第 539 行.
[ 2014-02-21T21:12:36+08:00 ] /zzadmin/admin.php/Begin/showexp?aa=teacher&id=2 | NOTIC: [8] Undefined variable: classtype c82986329629546325e352c3e6b1524a.php 第 546 行.
[ 2014-02-21T21:12:36+08:00 ] /zzadmin/admin.php/Begin/showexp?aa=teacher&id=2 | NOTIC: [8] Undefined variable: notify_report c82986329629546325e352c3e6b1524a.php 第 593 行.
[ 2014-02-21T21:12:36+08:00 ] /zzadmin/admin.php/Begin/showexp?aa=teacher&id=2 | NOTIC: [8] Undefined variable: select c82986329629546325e352c3e6b1524a.php 第 601 行.
[ 2014-02-21T21:12:36+08:00 ] /zzadmin/admin.php/Begin/showexp?aa=teacher&id=2 | NOTIC: [8] Undefined variable: otherform c82986329629546325e352c3e6b1524a.php 第 601 行.
[ 2014-02-21T21:12:36+08:00 ] /zzadmin/admin.php/Begin/showexp?aa=teacher&id=2 | NOTIC: [8] Undefined variable: search c82986329629546325e352c3e6b1524a.php 第 602 行.
[ 2014-02-21T21:12:36+08:00 ] /zzadmin/admin.php/Begin/showexp?aa=teacher&id=2 | NOTIC: [8] Undefined variable: type c82986329629546325e352c3e6b1524a.php 第 602 行.
[ 2014-02-21T21:12:36+08:00 ] /zzadmin/admin.php/Begin/showexp?aa=teacher&id=2 | NOTIC: [8] Undefined variable: notify_report c82986329629546325e352c3e6b1524a.php 第 641 行.
[ 2014-02-21T21:12:36+08:00 ] /zzadmin/admin.php/Begin/showexp?aa=teacher&id=2 | SQL: SHOW COLUMNS FROM `zz_expreport` [ RunTime:0.031495s ]
[ 2014-02-21T21:12:36+08:00 ] /zzadmin/admin.php/Begin/showexp?aa=teacher&id=2 | SQL: SHOW COLUMNS FROM `zz_begincourse` [ RunTime:0.004887s ]
[ 2014-02-21T21:12:36+08:00 ] /zzadmin/admin.php/Begin/showexp?aa=teacher&id=2 | SQL: SHOW COLUMNS FROM `zz_class` [ RunTime:0.004204s ]
[ 2014-02-21T21:12:36+08:00 ] /zzadmin/admin.php/Begin/showexp?aa=teacher&id=2 | SQL: SHOW COLUMNS FROM `zz_user` [ RunTime:0.004722s ]
[ 2014-02-21T21:12:36+08:00 ] /zzadmin/admin.php/Begin/showexp?aa=teacher&id=2 | SQL: SHOW COLUMNS FROM `zz_staff` [ RunTime:0.005133s ]
[ 2014-02-21T21:12:36+08:00 ] /zzadmin/admin.php/Begin/showexp?aa=teacher&id=2 | SQL: SHOW COLUMNS FROM `zz_stu` [ RunTime:0.005837s ]
[ 2014-02-21T21:12:36+08:00 ] /zzadmin/admin.php/Begin/showexp?aa=teacher&id=2 | SQL: SHOW COLUMNS FROM `zz_term` [ RunTime:0.004546s ]
[ 2014-02-21T21:12:36+08:00 ] /zzadmin/admin.php/Begin/showexp?aa=teacher&id=2 | SQL: SELECT expreport.id AS id,expreport.score AS score,expreport.state AS state,expreport.remark AS remark,begincourse.id AS beginid,begincourse.state AS beginstate,begincourse.remark AS beginremark,class.id AS classid,class.classno AS classno,class.classname AS classname,class.class AS class,course.id AS courseid,course.courseno AS courseno,course.coursename AS coursename,course.classhour AS classhour,expitem.id AS expid,expitem.expname AS expname,expitem.guide AS guide,expitem.type AS type,expitem.exphour AS exphour,expitem.guidefile AS guidefile,user.id AS userid,user.staffid AS staffid,user.username AS username,user.role AS role,staff.name AS name,stu.id AS stuid,stu.stuno AS stuno,stu.stuname AS stuname,stu.sex AS sex,stu.birth AS birth,stu.idcard AS idcard,term.id AS termid,term.termname AS termname FROM zz_expreport expreport  JOIN zz_begincourse begincourse ON expreport.beginid=begincourse.id  JOIN zz_class class ON begincourse.classid=class.id  JOIN zz_course course ON begincourse.courseid=course.id  JOIN zz_expitem expitem ON expreport.expid=expitem.id  JOIN zz_user user ON begincourse.teacherid=user.id  JOIN zz_staff staff ON staff.id=user.staffid  JOIN zz_stu stu ON expreport.stuid=stu.id  JOIN zz_term term ON begincourse.term=term.id WHERE beginid=2 and expid=2  [ RunTime:0.000946s ]
[ 2014-02-21T21:12:36+08:00 ] /zzadmin/admin.php/Begin/showexp?aa=teacher&id=2 | DEBUG: Run ParseTemplate Behavior [ RunTime:0.085499s ]
[ 2014-02-21T21:12:36+08:00 ] /zzadmin/admin.php/Begin/showexp?aa=teacher&id=2 | DEBUG: Tag[ view_parse ] --END-- [ RunTime:0.085555s ]
[ 2014-02-21T21:12:36+08:00 ] /zzadmin/admin.php/Begin/showexp?aa=teacher&id=2 | DEBUG: Tag[ view_filter ] --START--
[ 2014-02-21T21:12:36+08:00 ] /zzadmin/admin.php/Begin/showexp?aa=teacher&id=2 | DEBUG: Run ContentReplace Behavior [ RunTime:0.000656s ]
[ 2014-02-21T21:12:36+08:00 ] /zzadmin/admin.php/Begin/showexp?aa=teacher&id=2 | DEBUG: Run TokenBuild Behavior [ RunTime:0.000386s ]
[ 2014-02-21T21:12:36+08:00 ] /zzadmin/admin.php/Begin/showexp?aa=teacher&id=2 | DEBUG: Run WriteHtmlCache Behavior [ RunTime:0.000245s ]
[ 2014-02-21T21:12:36+08:00 ] /zzadmin/admin.php/Begin/showexp?aa=teacher&id=2 | DEBUG: Run ShowRuntime Behavior [ RunTime:0.000429s ]
[ 2014-02-21T21:12:36+08:00 ] /zzadmin/admin.php/Begin/showexp?aa=teacher&id=2 | DEBUG: Tag[ view_filter ] --END-- [ RunTime:0.001867s ]
[ 2014-02-21T21:12:36+08:00 ] /zzadmin/admin.php/Begin/showexp?aa=teacher&id=2 | DEBUG: Tag[ view_end ] --START--
[ 2014-02-21T21:12:36+08:00 ] /zzadmin/admin.php/Begin/showexp?aa=teacher&id=2 | DEBUG: Run ShowPageTrace Behavior [ RunTime:0.000490s ]
[ 2014-02-21T21:12:36+08:00 ] /zzadmin/admin.php/Begin/showexp?aa=teacher&id=2 | DEBUG: Tag[ view_end ] --END-- [ RunTime:0.000569s ]
